1606141685.069		256102	248820	91	7063	128	255748	79	157	0	200
1606141686.057		7079	2135	95	4622	227	6588	79	157	0	200
1606141687.057		6534	2855	65	3486	128	6136	79	157	0	200
1606141688.057		6734	2441	35	4152	106	6407	79	157	0	200
1606141689.058		5879	2224	37	3529	89	5604	79	157	0	200
1606141690.058		5760	2362	39	3250	109	5466	79	157	0	200
1606141691.057		5926	2358	65	3400	103	5603	79	157	0	200
1606141692.057		6260	2286	35	3877	62	5993	79	157	0	200
1606141693.057		5888	2208	37	3531	112	5555	79	157	0	200
1606141694.058		6385	2440	32	3701	212	5981	79	157	0	200
1606141695.057		6217	2300	67	3750	100	5899	79	157	0	200
1606141696.057		5600	2226	113	3164	97	5207	79	157	0	200
1606141697.057		6789	2045	63	4472	209	6388	79	157	0	200
1606141698.057		5859	2338	38	3387	96	5540	79	157	0	200
1606141699.057		6301	2340	45	3263	653	5953	79	157	0	200
1606141700.057		5725	2237	99	3293	96	5380	79	157	0	200
1606141701.058		6020	2321	63	3538	98	5721	79	157	0	200
1606141702.057		6473	2446	43	3833	151	6063	79	157	0	200
1606141703.057		7158	2519	36	4500	103	6865	79	157	0	200
1606141704.057		6043	2269	73	3638	63	5758	79	157	0	200
1606141705.057		7743	2390	34	5240	79	7452	79	157	0	200
1606141706.057		8732	2742	75	5683	232	8268	79	157	0	200
1606141707.057		5783	2368	71	3256	88	5471	79	157	0	200
1606141708.058		20854	7216	168	13200	270	20079	79	157	0	200
1606141709.057		6335	2555	27	3639	114	6012	79	157	0	200
1606141710.057		61758	41418	107	20066	167	61292	79	157	0	200
1606141711.057		5855	2037	35	3685	98	5576	79	157	0	200
1606141712.057		6090	2411	35	3545	99	5766	79	157	0	200
1606141713.057		6448	2316	71	3869	192	6010	79	157	0	200
1606141714.057		6266	2282	76	3654	254	5790	79	157	0	200
1606141715.058		6835	2392	43	4227	173	6421	79	157	0	200
1606141716.058		6405	2370	124	3822	89	6054	79	157	0	200
1606141717.057		5666	2148	61	3356	101	5333	79	157	0	200
1606141718.057		6359	2343	31	3720	265	6005	79	157	0	200
1606141719.058		6820	2799	115	3714	192	6372	79	157	0	200
1606141720.057		12278	2253	60	8320	1645	11910	79	157	0	200
1606141721.057		7543	2667	69	4699	108	7203	79	157	0	200
1606141722.058		6687	2708	69	3844	66	6341	79	157	0	200
1606141723.057		6896	2239	90	4469	98	6564	79	157	0	200
1606141724.057		9421	2529	42	6747	103	9125	79	157	0	200
1606141725.057		8994	4113	68	4707	106	8665	79	157	0	200
1606141726.057		21790	15214	35	6416	125	21469	79	157	0	200
1606141727.057		6219	2179	35	3821	184	5845	79	157	0	200
1606141728.057		11245	5551	37	5554	103	10907	79	157	0	200
1606141729.058		9064	2661	35	5123	1245	8575	79	157	0	200
1606141730.058		7013	3135	32	3729	117	6539	79	157	0	200
1606141731.057		6647	2739	86	3741	81	6320	79	157	0	200
1606141732.057		6818	2906	36	3810	66	6510	79	157	0	200
1606141733.058		5572	2152	100	3184	136	5195	79	157	0	200
1606141734.057		5875	2534	36	3238	67	5625	79	157	0	200
1606141735.057		5780	2305	35	3377	63	5536	79	157	0	200
1606141736.057		5959	2216	41	3540	162	5612	79	157	0	200
1606141737.057		6237	2342	37	3762	96	5945	79	157	0	200
1606141738.057		6710	2519	48	4050	93	6418	79	157	0	200
1606141739.058		7317	2495	58	4663	101	6961	79	157	0	200
1606141740.057		5874	2586	34	3167	87	5592	79	157	0	200
1606141741.057		5893	2074	72	3646	101	5603	79	157	0	200
1606141742.057		5844	2343	73	3260	168	5402	79	157	0	200
1606141743.057		5963	2345	34	3473	111	5661	79	157	0	200
1606141744.058		5931	2423	35	3361	112	5625	79	157	0	200
1606141745.058		8170	2899	71	5067	133	7774	79	157	0	200
1606141745.308		6209	2163	38	3928	80	5935	79	157	0	200
1606141745.558		5494	2186	68	3053	187	5070	79	157	0	200
1606141745.807		6094	2163	28	3846	57	5869	79	157	0	200
1606141746.057		5738	1959	38	3650	91	5471	79	157	0	200
1606141746.308		7161	2711	35	4331	84	6874	79	157	0	200
1606141746.557		6089	2347	35	3557	150	5772	79	157	0	200
1606141746.807		6515	2173	96	4106	140	6159	79	157	0	200
1606141747.057		5636	2098	39	3396	103	5346	79	157	0	200
1606141747.307		6239	2361	40	3771	67	5990	79	157	0	200
1606141747.558		25219	18448	67	6513	191	24810	79	157	0	200
1606141747.808		5829	1896	36	3701	196	5463	79	157	0	200
1606141748.057		25010	2610	110	22164	126	24579	79	157	0	200
1606141748.308		14876	7653	37	7090	96	14592	79	157	0	200
1606141748.558		6098	2242	30	3726	100	5815	79	157	0	200
1606141748.807		15077	5526	56	9391	104	14738	79	157	0	200
1606141749.057		7384	2570	66	4573	175	6923	79	157	0	200
1606141749.308		5521	2324	47	3053	97	5235	79	157	0	200
1606141749.557		7712	2301	64	5243	104	7403	79	157	0	200
1606141749.807		52003	17301	34	34569	99	51721	79	157	0	200
1606141750.057		15509	6932	70	8406	101	15153	79	157	0	200
1606141750.307		24414	7883	37	16371	123	24090	79	157	0	200
1606141750.557		14017	2694	66	11124	133	13686	79	157	0	200
1606141750.807		22707	6326	46	16260	75	22369	79	157	0	200
1606141751.057		6020	2303	135	3483	99	5636	79	157	0	200
1606141751.307		6493	2258	37	3034	1164	6148	79	157	0	200
1606141751.557		5713	2147	108	3372	86	5357	79	157	0	200
1606141751.807		6693	2730	38	3834	91	6410	79	157	0	200
1606141752.058		5720	2105	40	3469	106	5277	79	157	0	200
1606141752.307		6201	2016	114	3821	250	5714	79	157	0	200
1606141752.558		7396	1957	67	5041	331	6869	79	157	0	200
1606141752.807		6076	2149	35	3756	136	5630	79	157	0	200
1606141753.058		5884	2113	192	3298	281	5296	79	157	0	200
1606141753.307		5914	2228	57	3528	101	5609	79	157	0	200
1606141753.557		6550	2225	180	4051	94	6131	79	157	0	200
1606141753.807		5864	2417	35	3318	94	5557	79	157	0	200
1606141754.057		5933	2186	99	3386	262	5316	79	157	0	200
1606141754.308		6189	2432	33	3624	100	5871	79	157	0	200
1606141754.557		6358	2084	93	4078	103	6035	79	157	0	200
1606141754.807		6694	2261	33	4248	152	6360	79	157	0	200
1606141755.057		6169	2088	32	3903	146	5817	79	157	0	200
1606141755.308		6162	2318	45	3665	134	5844	79	157	0	200
1606141755.557		6153	2421	145	3432	155	5722	79	157	0	200
1606141755.807		5854	2249	75	3440	90	5533	79	157	0	200
1606141756.058		5929	2099	36	3611	183	5580	79	157	0	200
1606141756.308		6529	2459	35	3428	607	6127	79	157	0	200
1606141756.557		6885	2369	66	4289	161	6528	79	157	0	200
1606141756.808		5973	2382	67	3385	139	5586	79	157	0	200
1606141757.058		6227	2081	106	3911	129	5834	79	157	0	200
1606141757.307		5903	2280	35	3496	92	5621	79	157	0	200
1606141757.557		5844	2187	238	3330	89	5375	79	157	0	200
1606141757.807		5718	2335	33	3238	112	5381	79	157	0	200
1606141758.058		6581	2364	33	4007	177	6242	79	157	0	200
1606141758.307		5847	2256	39	3389	163	5477	79	157	0	200
1606141758.557		6783	1988	35	4468	292	6286	79	157	0	200
1606141758.807		6047	2118	34	3796	99	5755	79	157	0	200
1606141759.057		6789	2085	106	4455	143	6414	79	157	0	200
1606141759.308		6336	2594	27	3579	136	6029	79	157	0	200
1606141759.558		6193	2157	95	3818	123	5808	79	157	0	200
1606141759.807		8229	2179	46	5411	593	7835	79	157	0	200
1606141760.058		6093	2107	34	3838	114	5753	79	157	0	200
1606141760.308		5943	2094	42	3710	97	5618	79	157	0	200
1606141760.558		7976	4065	255	3580	76	7468	79	157	0	200
1606141760.807		5720	2208	39	3405	68	5468	79	157	0	200
1606141761.057		5778	1826	35	3843	74	5337	79	157	0	200
1606141761.308		6029	2342	143	3459	85	5639	79	157	0	200
1606141761.557		5746	2076	108	3485	77	5396	79	157	0	200
1606141761.807		5865	2345	38	3258	224	5443	79	157	0	200
1606141762.057		5953	2124	55	3667	107	5658	79	157	0	200
1606141762.307		6027	2554	27	3342	104	5697	79	157	0	200
1606141762.558		6249	2114	36	3997	102	5946	79	157	0	200
1606141762.808		6569	2395	69	3904	201	6159	79	157	0	200
1606141763.057		5745	2000	69	3580	96	5322	79	157	0	200
1606141763.307		5755	1917	36	3709	93	5513	79	157	0	200
1606141763.557		5794	2097	33	3539	125	5465	79	157	0	200
1606141763.807		6066	2378	67	3502	119	5734	79	157	0	200
1606141764.057		5879	2125	52	3605	97	5545	79	157	0	200
1606141764.308		6443	2611	69	3264	499	5987	79	157	0	200
1606141764.557		6296	2586	25	3302	383	5990	79	157	0	200
1606141764.808		6948	3186	41	3525	196	6540	79	157	0	200
1606141765.058		5776	2277	61	3331	107	5452	79	157	0	200
1606141765.307		5837	2401	77	3169	190	5402	79	157	0	200
1606141765.558		5753	2218	60	3379	96	5445	79	157	0	200
1606141765.807		5839	2300	35	3391	113	5535	79	157	0	200
1606141766.057		6596	2342	153	3896	205	6081	79	157	0	200
1606141766.308		6339	2409	35	3774	121	6005	79	157	0	200
1606141766.557		5832	2455	59	3208	110	5516	79	157	0	200
1606141766.807		5531	2269	151	3026	85	5108	79	157	0	200
1606141767.057		5450	1993	32	3302	123	5144	79	157	0	200
1606141767.307		6519	2278	32	4105	104	6242	79	157	0	200
1606141767.557		6040	2232	41	3679	88	5746	79	157	0	200
1606141767.807		6109	2323	71	3592	123	5758	79	157	0	200
1606141768.057		6210	2269	66	3290	585	5891	79	157	0	200
1606141768.307		6037	2253	33	3611	140	5713	79	157	0	200
1606141768.557		6073	2452	62	3396	163	5545	79	157	0	200
1606141768.807		5427	2072	183	3070	102	4985	79	157	0	200
1606141769.057		6042	2348	32	3552	110	5743	79	157	0	200
1606141769.307		5918	2349	80	3396	93	5559	79	157	0	200
1606141769.557		8504	2187	98	6116	103	8124	79	157	0	200
1606141769.807		10296	2859	36	7294	107	9556	79	157	0	200
1606141770.057		6112	2112	35	3018	947	5779	79	157	0	200
1606141770.307		6428	2712	114	3421	181	5928	79	157	0	200
1606141770.558		6437	2534	37	3801	65	6137	79	157	0	200
1606141770.808		7029	2435	34	4458	102	6744	79	157	0	200
1606141771.057		7190	2268	52	4772	98	6873	79	157	0	200
1606141771.307		6094	2056	62	3844	132	5659	79	157	0	200
1606141771.558		6307	2395	35	3785	92	5989	79	157	0	200
1606141771.807		7368	2263	192	4804	109	6912	79	157	0	200
1606141772.057		9803	2115	36	5984	1668	9476	79	157	0	200
1606141772.307		8213	2408	32	5661	112	7905	79	157	0	200
1606141772.557		6064	2292	47	3653	72	5797	79	157	0	200
1606141772.807		7022	2602	35	4281	104	6723	79	157	0	200
1606141773.057		6513	2616	31	3799	67	6249	79	157	0	200
1606141773.307		6493	2332	77	3978	106	6153	79	157	0	200
1606141773.557		5793	2175	38	3512	68	5514	79	157	0	200
1606141773.807		7205	2184	38	4880	103	6914	79	157	0	200
1606141774.057		6295	2244	100	3761	190	5831	79	157	0	200
1606141774.308		6996	2031	132	4646	187	6518	79	157	0	200
1606141774.557		6914	2047	68	4705	94	6628	79	157	0	200
1606141774.807		6577	2092	56	4244	185	6224	79	157	0	200
1606141775.057		7783	1961	96	5565	161	7404	79	157	0	200
1606141775.307		13733	8545	33	4975	180	13342	79	157	0	200
1606141775.557		7912	3125	34	4333	420	7575	79	157	0	200
1606141775.808		8778	1987	138	6555	98	8319	79	157	0	200
1606141776.057		9589	2147	67	7273	102	9274	79	157	0	200
1606141776.307		9446	3194	32	6117	103	9162	79	157	0	200
1606141776.558		7470	2357	37	4988	88	7190	79	157	0	200
1606141776.808		10423	1919	132	8299	73	10096	79	157	0	200
1606141777.057		6497	2281	31	4092	93	6200	79	157	0	200
1606141777.307		9174	2266	37	6058	813	8651	79	157	0	200
1606141777.557		17807	7358	39	10259	151	17455	79	157	0	200
1606141777.807		6282	2262	67	3817	136	5947	79	157	0	200
1606141778.057		6946	2360	32	4450	104	6620	79	157	0	200
1606141778.308		8081	2252	64	5658	107	7703	79	157	0	200
1606141778.558		6359	2343	134	3789	93	5985	79	157	0	200
1606141778.807		6412	2100	66	3929	317	5882	79	157	0	200
1606141779.057		5706	2140	31	3470	65	5469	79	157	0	200
1606141779.308		7327	2298	35	4765	229	6939	79	157	0	200
1606141779.557		7047	2853	32	4074	88	6776	79	157	0	200
1606141779.807		7203	2105	60	4887	151	6868	79	157	0	200
1606141780.058		6642	2863	66	3612	101	6312	79	157	0	200
1606141780.307		19467	13939	67	5344	117	19108	79	157	0	200
1606141780.557		8270	2512	41	5582	135	7940	79	157	0	200
1606141780.807		8290	2403	73	5722	92	7967	79	157	0	200
1606141781.058		6919	2498	63	4281	77	6546	79	157	0	200
1606141781.308		9681	1990	69	4384	3238	9342	79	157	0	200
1606141781.558		7677	3090	30	3254	1303	7184	79	157	0	200
1606141781.807		10300	2424	69	7001	806	9815	79	157	0	200
1606141782.057		8273	3445	31	4646	151	7717	79	157	0	200
1606141782.307		8089	2263	104	5578	144	7699	79	157	0	200
1606141782.557		10519	2701	39	6598	1181	10106	79	157	0	200
1606141782.808		10577	2907	113	7455	102	10132	79	157	0	200
1606141783.057		12043	5635	154	4449	1805	11589	79	157	0	200
1606141783.308		10990	2805	59	8007	119	10654	79	157	0	200
1606141783.557		10216	5385	98	4645	88	9855	79	157	0	200
1606141783.807		9970	2087	46	7785	52	9749	79	157	0	200
1606141784.058		7250	2962	42	4145	101	6945	79	157	0	200
1606141784.307		8023	2209	64	5683	67	7770	79	157	0	200
1606141784.557		7560	3458	140	3861	101	7171	79	157	0	200
1606141784.807		6751	2506	65	4013	167	6378	79	157	0	200
1606141785.057		7147	2715	65	4271	96	6854	79	157	0	200
1606141785.307		7723	2807	106	4595	215	7233	79	157	0	200
1606141785.557		7403	2883	60	4363	97	6932	79	157	0	200
1606141785.807		6399	2479	56	3744	120	6056	79	157	0	200
1606141786.058		29562	21487	137	7768	170	29113	79	157	0	200
1606141786.308		6057	2317	127	3522	91	5715	79	157	0	200
1606141786.558		7744	2634	34	4936	140	7421	79	157	0	200
1606141786.808		6354	2448	35	3789	82	6022	79	157	0	200
1606141787.058		11811	2485	39	9186	101	11529	79	157	0	200
1606141787.307		6434	2539	33	3764	98	6160	79	157	0	200
1606141787.558		5896	2352	72	3406	66	5575	79	157	0	200
1606141787.807		6266	2695	30	3444	97	5993	79	157	0	200
1606141788.057		6225	2242	66	3786	131	5887	79	157	0	200
1606141788.308		6760	2416	41	4135	168	6383	79	157	0	200
1606141788.557		8304	2657	33	4888	726	7960	79	157	0	200
1606141788.807		10193	2994	127	6184	888	9807	79	157	0	200
1606141789.057		6022	2314	33	3572	103	5728	79	157	0	200
1606141789.307		7019	3023	41	3887	68	6723	79	157	0	200
1606141789.557		8015	2432	36	5395	152	7697	79	157	0	200
1606141789.807		8404	4194	69	3957	184	7950	79	157	0	200
1606141790.057		6203	2359	125	3582	137	5789	79	157	0	200
1606141790.308		6790	2456	38	4177	119	6312	79	157	0	200
1606141790.557		8270	2436	162	5397	275	7837	79	157	0	200
1606141790.807		10246	4571	32	5385	258	9754	79	157	0	200
1606141791.058		12657	3275	74	8895	413	11779	79	157	0	200
1606141791.307		29226	8720	88	18627	1791	28754	79	157	0	200
1606141791.557		6869	2295	35	4437	102	6556	79	157	0	200
1606141791.808		5985	2108	34	3717	126	5639	79	157	0	200
1606141792.057		6429	1892	156	4253	128	5993	79	157	0	200
1606141792.307		5742	2066	61	3506	109	5427	79	157	0	200
1606141792.557		12635	7177	39	5230	189	12224	79	157	0	200
1606141792.807		6969	2260	32	4552	125	6641	79	157	0	200
1606141793.057		7560	2198	96	5134	132	7177	79	157	0	200
1606141793.307		7295	2992	31	4201	71	6993	79	157	0	200
1606141793.557		6937	2285	42	4507	103	6627	79	157	0	200
1606141793.807		6215	2017	34	4011	153	5851	79	157	0	200
1606141794.057		8712	3286	36	5261	129	8362	79	157	0	200
1606141794.307		5873	2233	29	3517	94	5597	79	157	0	200
1606141794.558		7427	2871	32	4297	227	6985	79	157	0	200
1606141794.807		10887	6068	983	3737	99	9523	79	157	0	200
1606141795.057		26076	12178	31	13758	109	25744	79	157	0	200
1606141795.307		5768	2018	37	3572	141	5425	79	157	0	200
1606141795.557		5513	1917	99	3261	236	4988	79	157	0	200
1606141795.807		62134	38035	51	23929	119	61789	79	157	0	200
1606141796.057		8297	3286	179	4646	186	7746	79	157	0	200
1606141796.307		5949	2126	36	3688	99	5628	79	157	0	200
1606141796.557		6489	2345	115	3940	89	6137	79	157	0	200
1606141796.807		5918	1982	72	3654	210	5477	79	157	0	200
1606141797.057		6924	2036	59	4739	90	6625	79	157	0	200
1606141797.307		6146	2511	76	3417	142	5768	79	157	0	200
1606141797.557		6466	2170	60	4119	117	6109	79	157	0	200
1606141797.807		7727	2129	71	5434	93	7416	79	157	0	200
1606141798.057		6150	2341	56	3644	109	5848	79	157	0	200
1606141798.307		6415	2329	32	3954	100	6134	79	157	0	200
1606141798.557		5773	2407	54	3222	90	5450	79	157	0	200
1606141798.808		6049	2240	71	3643	95	5720	79	157	0	200
1606141799.058		7835	2948	68	4680	139	7414	79	157	0	200
1606141799.308		6958	1746	95	4667	450	6272	79	157	0	200
1606141799.558		5900	2577	68	3138	117	5565	79	157	0	200
1606141799.808		8287	2818	64	5323	82	7911	79	157	0	200
1606141800.057		5788	2151	100	3433	104	5407	79	157	0	200
1606141800.307		6707	2362	117	4121	107	6253	79	157	0	200
1606141800.557		5682	2181	36	3246	219	5259	79	157	0	200
1606141800.807		12584	4379	33	8074	98	12296	79	157	0	200
1606141801.057		9345	3099	69	6063	114	8968	79	157	0	200
1606141801.307		8015	2253	95	5601	66	7570	79	157	0	200
1606141801.557		5826	2485	83	3136	122	5441	79	157	0	200
1606141801.808		6058	2023	97	3827	111	5687	79	157	0	200
1606141802.057		5987	2346	37	3504	100	5667	79	157	0	200
1606141802.308		9154	4833	267	3899	155	8537	79	157	0	200
1606141802.557		5865	2371	30	3326	138	5539	79	157	0	200
1606141802.808		6139	2245	37	3753	104	5803	79	157	0	200
1606141803.057		6026	2189	104	3453	280	5427	79	157	0	200
1606141803.308		8355	2202	37	6008	108	8043	79	157	0	200
1606141803.557		5769	2240	149	3163	217	5246	79	157	0	200
1606141803.807		8242	2710	148	5293	91	7866	79	157	0	200
1606141804.057		6615	2412	29	4056	118	6231	79	157	0	200
1606141804.308		10351	3633	36	6550	132	10053	79	157	0	200
1606141804.558		5702	2290	57	3258	97	5399	79	157	0	200
1606141804.807		8969	2502	71	6245	151	8602	79	157	0	200
1606141805.057		6254	2234	40	3881	99	5959	79	157	0	200
1606141805.199		7803	2433	74	5207	89	7486	79	157	0	200
1606141805.342		5930	1972	64	3773	121	5622	79	157	0	200
1606141805.485		6828	2692	69	3996	71	6433	79	157	0	200
1606141805.629		6022	2246	93	3545	138	5636	79	157	0	200
1606141805.771		7870	2027	56	5537	250	7381	79	157	0	200
1606141805.914		6347	2267	33	3952	95	6071	79	157	0	200
1606141806.058		8044	2795	49	5056	144	7665	79	157	0	200
1606141806.199		7760	2362	40	5251	107	7459	79	157	0	200
1606141806.342		5598	1947	73	3503	75	5294	79	157	0	200
1606141806.485		6603	2226	65	4207	105	6280	79	157	0	200
1606141806.628		5771	2132	38	3477	124	5474	79	157	0	200
1606141806.771		11790	2239	44	9241	266	11185	79	157	0	200
1606141806.914		8463	1951	33	6338	141	8153	79	157	0	200
1606141807.057		6181	2152	36	3893	100	5907	79	157	0	200
1606141807.200		6597	2251	34	4213	99	6314	79	157	0	200
1606141807.342		6613	2177	39	4297	100	6341	79	157	0	200
1606141807.485		5897	2260	68	3438	131	5477	79	157	0	200
1606141807.628		5923	2274	67	3509	73	5632	79	157	0	200
1606141807.771		6320	1993	65	4155	107	6008	79	157	0	200
1606141807.914		6854	2053	276	4448	77	6372	79	157	0	200
1606141808.057		6583	2065	76	4373	69	6332	79	157	0	200
1606141808.200		7174	2410	144	4484	136	6751	79	157	0	200
1606141808.342		7371	2389	165	4709	108	6818	79	157	0	200
1606141808.486		7351	2446	75	4686	144	6988	79	157	0	200
1606141808.629		6245	2107	31	4013	94	5967	79	157	0	200
1606141808.771		6482	2387	63	3961	71	6199	79	157	0	200
1606141808.914		6563	2226	169	4000	168	6087	79	157	0	200
1606141809.057		5740	2380	29	3262	69	5471	79	157	0	200
1606141809.199		6680	2393	36	3500	751	6357	79	157	0	200
1606141809.342		6973	2556	54	4265	98	6663	79	157	0	200
1606141809.486		6991	2999	83	3779	130	6535	79	157	0	200
1606141809.628		6139	2526	68	3384	161	5760	79	157	0	200
1606141809.772		5804	2292	214	3206	92	5336	79	157	0	200
1606141809.914		8145	2697	30	5322	96	7886	79	157	0	200
1606141810.057		6269	2318	60	3825	66	6011	79	157	0	200
1606141810.199		6743	2352	100	4187	104	6361	79	157	0	200
1606141810.342		5706	2267	112	3120	207	5240	79	157	0	200
1606141810.485		6247	2262	35	3832	118	5749	79	157	0	200
1606141810.629		6058	2393	65	3498	102	5731	79	157	0	200
1606141810.771		6341	2406	35	3732	168	5990	79	157	0	200
1606141810.914		6289	2121	38	4023	107	5992	79	157	0	200
1606141811.057		5433	1901	28	3394	110	5155	79	157	0	200
1606141811.199		7088	3220	41	3737	90	6795	79	157	0	200
1606141811.343		5858	2401	30	3334	93	5543	79	157	0	200
1606141811.485		8008	3477	97	4277	157	7458	79	157	0	200
1606141811.628		5880	2372	34	3286	188	5501	79	157	0	200
1606141811.771		7251	2284	33	4768	166	6899	79	157	0	200
1606141811.914		12350	2310	89	8934	1017	11906	79	157	0	200
1606141812.057		7837	3334	127	4247	129	7398	79	157	0	200
1606141812.200		7032	2941	34	3970	87	6761	79	157	0	200
1606141812.342		5772	2601	62	3028	81	5453	79	157	0	200
1606141812.486		6792	2960	31	3701	100	6443	79	157	0	200
1606141812.628		6318	2490	94	3625	109	5955	79	157	0	200
1606141812.772		6167	2018	36	4013	100	5863	79	157	0	200
1606141812.915		13951	7778	142	5923	108	13513	79	157	0	200
1606141813.058		16722	2301	39	14282	100	16432	79	157	0	200
1606141813.199		11793	3401	86	8195	111	11397	79	157	0	200
1606141813.342		6066	2452	56	3302	256	5584	79	157	0	200
1606141813.485		8847	3953	65	4650	179	8319	79	157	0	200
1606141813.628		5770	2221	39	3425	85	5450	79	157	0	200
1606141813.771		5515	2155	41	3221	98	5173	79	157	0	200
1606141813.915		7379	2369	62	4875	73	7095	79	157	0	200
1606141814.058		5926	2492	72	3292	70	5627	79	157	0	200
1606141814.199		5906	2387	65	3333	121	5559	79	157	0	200
1606141814.342		6654	2828	33	3704	89	6370	79	157	0	200
1606141814.486		9922	2139	55	3768	3960	9569	79	157	0	200
1606141814.629		12681	2326	64	10195	96	12366	79	157	0	200
1606141814.771		5506	2185	94	3142	85	5175	79	157	0	200
1606141814.914		7309	1998	224	4845	242	6722	79	157	0	200
1606141815.057		5813	2276	36	3418	83	5549	79	157	0	200
1606141815.199		6142	2394	37	3644	67	5878	79	157	0	200
1606141815.342		54854	21915	33	32813	93	54542	79	157	0	200
1606141815.485		5241	2000	36	3104	101	4938	79	157	0	200
1606141815.628		6726	2390	33	4172	131	6206	79	157	0	200
1606141815.772		5937	2440	28	3373	96	5654	79	157	0	200
1606141815.915		9685	2738	73	6780	94	9351	79	157	0	200
1606141816.057		5855	2362	61	3333	99	5556	79	157	0	200
1606141816.199		6147	2611	37	3399	100	5838	79	157	0	200
1606141816.343		6011	2365	28	3539	79	5742	79	157	0	200
1606141816.486		7231	2108	42	4760	321	6607	79	157	0	200
1606141816.629		5995	2367	69	3468	91	5683	79	157	0	200
1606141816.771		6044	2514	31	3435	64	5801	79	157	0	200
1606141816.915		6146	2126	36	3909	75	5882	79	157	0	200
1606141817.057		5587	2164	122	3209	92	5211	79	157	0	200
1606141817.199		7250	2369	29	4760	92	6947	79	157	0	200
1606141817.343		6026	2284	75	3576	91	5699	79	157	0	200
1606141817.485		10863	3732	38	6816	277	10490	79	157	0	200
1606141817.628		7404	2167	63	5077	97	7073	79	157	0	200
1606141817.771		6050	2521	35	3300	194	5669	79	157	0	200
1606141817.914		13277	4038	38	7010	2191	12795	79	157	0	200
1606141818.057		6828	2682	106	3922	118	6448	79	157	0	200
1606141818.200		8497	2386	34	4113	1964	8149	79	157	0	200
1606141818.343		6520	2429	46	3981	64	6220	79	157	0	200
1606141818.486		5619	1801	100	3615	103	5252	79	157	0	200
1606141818.629		8275	2267	68	5819	121	7940	79	157	0	200
1606141818.771		9685	3236	83	6119	247	9172	79	157	0	200
1606141818.914		12568	4232	51	8167	118	12224	79	157	0	200
1606141819.058		6461	1994	59	4301	107	6145	79	157	0	200
1606141819.199		10994	3717	224	6952	101	10487	79	157	0	200
1606141819.342		9174	2080	172	6754	168	8683	79	157	0	200
1606141819.486		15353	3543	66	10023	1721	14830	79	157	0	200
1606141819.628		7092	2136	38	4808	110	6808	79	157	0	200
1606141819.771		6734	2057	56	4487	134	6413	79	157	0	200
1606141819.914		7879	2187	198	4548	946	7307	79	157	0	200
1606141820.057		5640	1892	98	3526	124	5234	79	157	0	200
1606141820.200		12757	4448	1019	7162	128	11441	79	157	0	200
1606141820.342		5519	1962	134	3324	99	5119	79	157	0	200
1606141820.485		7360	3431	78	3738	113	6790	79	157	0	200
1606141820.628		13963	3246	54	10557	106	13640	79	157	0	200
1606141820.771		8195	2126	80	5890	99	7855	79	157	0	200
1606141820.915		10978	4821	300	5754	103	10395	79	157	0	200
1606141821.058		5846	2312	70	3379	85	5546	79	157	0	200
1606141821.199		6014	2301	120	3467	126	5624	79	157	0	200
1606141821.342		6507	2230	29	4116	132	6197	79	157	0	200
1606141821.485		6196	2412	38	3634	112	5827	79	157	0	200
1606141821.628		8357	3077	53	5130	97	8054	79	157	0	200
1606141821.771		6034	2059	69	3728	178	5612	79	157	0	200
1606141821.914		6692	2371	44	3439	838	6392	79	157	0	200
1606141822.057		5871	2253	51	3487	80	5588	79	157	0	200
1606141822.199		5976	2271	67	3415	223	5466	79	157	0	200
1606141822.342		6128	2422	75	3525	106	5770	79	157	0	200
1606141822.485		5678	2244	39	3310	85	5405	79	157	0	200
1606141822.628		6435	2282	92	3939	122	6057	79	157	0	200
1606141822.771		5981	2351	67	3469	94	5585	79	157	0	200
1606141822.914		5811	2249	75	3335	152	5340	79	157	0	200
1606141823.058		5994	2319	78	3514	83	5663	79	157	0	200
1606141823.199		6851	2373	38	4340	100	6518	79	157	0	200
1606141823.342		6201	2353	114	3634	100	5797	79	157	0	200
1606141823.486		6129	2000	34	4007	88	5851	79	157	0	200
1606141823.628		6488	2357	30	4031	70	6239	79	157	0	200
1606141823.772		7783	3311	67	4307	98	7345	79	157	0	200
1606141823.914		6790	2529	36	4135	90	6490	79	157	0	200
1606141824.057		5686	2022	26	3545	93	5414	79	157	0	200
1606141824.199		6768	1952	30	4619	167	6438	79	157	0	200
1606141824.342		6679	2662	33	3886	98	6376	79	157	0	200
1606141824.485		6309	2551	34	3613	111	6010	79	157	0	200
1606141824.629		7838	2428	32	5264	114	7544	79	157	0	200
1606141824.771		8278	4540	37	3617	84	7838	79	157	0	200
1606141824.914		7468	2868	36	4461	103	7119	79	157	0	200
1606141825.057		14450	2410	38	11849	153	14073	79	157	0	200
1606141825.199		6730	2541	74	4019	96	6354	79	157	0	200
1606141825.343		6377	2272	38	3999	68	6106	79	157	0	200
1606141825.486		5670	2261	63	3274	72	5341	79	157	0	200
1606141825.628		6373	2532	36	3694	111	6076	79	157	0	200
1606141825.771		6362	2433	81	3750	98	5946	79	157	0	200
1606141825.914		6452	2544	32	3775	101	6129	79	157	0	200
1606141826.058		12051	2419	37	9477	118	11727	79	157	0	200
1606141826.199		9769	2456	32	5447	1834	7694	79	157	0	200
1606141826.343		7756	2839	33	4782	102	7443	79	157	0	200
1606141826.485		5609	2279	61	3152	117	5281	79	157	0	200
1606141826.628		6256	2174	29	3973	80	5988	79	157	0	200
1606141826.771		6305	2309	45	3847	104	6008	79	157	0	200
1606141826.914		6237	2353	34	3764	86	5951	79	157	0	200
1606141827.058		7393	2349	97	3386	1561	6982	79	157	0	200
1606141827.199		6197	2108	49	3905	135	5833	79	157	0	200
1606141827.342		7670	2617	35	4915	103	7397	79	157	0	200
1606141827.485		7089	2475	84	4303	227	6623	79	157	0	200
1606141827.628		7007	2646	36	4227	98	6720	79	157	0	200
1606141827.771		6168	1938	34	4026	170	5822	79	157	0	200
1606141827.915		5771	2018	55	3571	127	5421	79	157	0	200
1606141828.057		5864	2185	34	3546	99	5580	79	157	0	200
1606141828.199		6772	1976	63	4475	258	6302	79	157	0	200
1606141828.343		6454	2052	105	4231	66	6159	79	157	0	200
1606141828.485		6247	2417	35	3699	96	5880	79	157	0	200
1606141828.628		6288	2315	67	3743	163	5826	79	157	0	200
1606141828.771		6728	2362	37	3665	664	6432	79	157	0	200
1606141828.914		5362	2027	96	3151	88	5041	79	157	0	200
1606141829.058		6300	2343	34	3828	95	5993	79	157	0	200
1606141829.200		7005	2649	35	4224	97	6704	79	157	0	200
1606141829.342		8751	2689	376	5559	127	8098	79	157	0	200
1606141829.485		5420	2297	87	2940	96	5067	79	157	0	200
1606141829.628		6047	2410	35	3526	76	5766	79	157	0	200
1606141829.771		7212	3043	81	3966	122	6847	79	157	0	200
1606141829.915		5737	2212	36	3217	272	5291	79	157	0	200
1606141830.057		7471	2310	65	5006	90	7161	79	157	0	200
1606141830.199		7521	2258	65	5097	101	7209	79	157	0	200
1606141830.343		6976	2397	40	4474	65	6748	79	157	0	200
1606141830.485		5956	2326	233	3330	67	5498	79	157	0	200
1606141830.629		7648	2339	65	4282	962	7203	79	157	0	200
1606141830.771		7155	2160	119	4767	109	6792	79	157	0	200
1606141830.914		5853	1919	34	3808	92	5479	79	157	0	200
1606141831.057		6962	2116	61	4666	119	6651	79	157	0	200
1606141831.199		6442	2133	175	3949	185	5953	79	157	0	200
1606141831.342		6898	2069	183	4547	99	6473	79	157	0	200
1606141831.485		5909	2481	62	3214	152	5455	79	157	0	200
1606141831.629		6202	2694	68	3335	105	5831	79	157	0	200
1606141831.771		7068	2283	139	4512	134	6633	79	157	0	200
1606141831.915		5320	1950	33	3234	103	5057	79	157	0	200
1606141832.057		6700	2088	65	4480	67	6418	79	157	0	200
1606141832.199		6021	2390	48	3407	176	5627	79	157	0	200
1606141832.342		9949	2233	71	7491	154	9341	79	157	0	200
1606141832.486		6826	2278	77	4319	152	6445	79	157	0	200
1606141832.628		5948	2386	47	3424	91	5646	79	157	0	200
1606141832.771		7303	2102	60	5018	123	6986	79	157	0	200
1606141832.914		5924	1960	31	3769	164	5604	79	157	0	200
1606141833.057		7370	2852	39	4333	146	7038	79	157	0	200
1606141833.200		6078	2425	102	3456	95	5726	79	157	0	200
1606141833.342		7500	2276	38	5029	157	7175	79	157	0	200
1606141833.485		5713	2289	34	3334	56	5459	79	157	0	200
1606141833.628		6205	2366	57	3688	94	5854	79	157	0	200
1606141833.772		6215	2130	65	3894	126	5865	79	157	0	200
1606141833.915		5677	2096	66	3429	86	5376	79	157	0	200
1606141834.057		5691	2053	25	3508	105	5423	79	157	0	200
1606141834.199		6104	2254	63	3690	97	5788	79	157	0	200
1606141834.342		7306	1878	34	5271	123	6977	79	157	0	200
1606141834.486		5770	2345	50	3102	273	5269	79	157	0	200
1606141834.628		7022	2447	35	3210	1330	6626	79	157	0	200
1606141834.772		6435	2372	32	3883	148	6022	79	157	0	200
1606141834.914		5219	2004	59	3052	104	4923	79	157	0	200
1606141835.057		7661	2307	63	5191	100	7346	79	157	0	200
1606141835.200		7984	2199	36	5612	137	7619	79	157	0	200
1606141835.342		7046	2301	34	4626	85	6765	79	157	0	200
1606141835.486		6779	2248	30	4436	65	6533	79	157	0	200
1606141835.628		8615	2733	33	5780	69	8322	79	157	0	200
1606141835.771		7311	2286	33	4880	112	7008	79	157	0	200
1606141835.914		7609	3025	34	4449	101	7291	79	157	0	200
1606141836.057		11596	3579	43	7911	63	11341	79	157	0	200
1606141836.200		16396	4941	43	11290	122	16036	79	157	0	200
1606141836.342		12461	4705	229	7394	133	11900	79	157	0	200
1606141836.485		8262	3263	36	4591	372	7713	79	157	0	200
1606141836.629		9740	3969	35	5564	172	9343	79	157	0	200
1606141836.771		51003	2299	100	48530	74	50650	79	157	0	200
1606141836.914		18772	2764	225	15633	150	18233	79	157	0	200
1606141837.057		12495	2222	70	10094	109	12049	79	157	0	200
1606141837.199		10218	4265	69	5783	101	9792	79	157	0	200
1606141837.342		12102	3515	93	8334	160	11692	79	157	0	200
1606141837.485		16782	4611	70	11995	106	16321	79	157	0	200
1606141837.628		8086	2996	75	4814	201	7642	79	157	0	200
1606141837.771		5843	2331	64	3340	108	5527	79	157	0	200
1606141837.915		7015	2407	69	4394	145	6590	79	157	0	200
1606141838.057		6306	2332	131	3641	202	5826	79	157	0	200
1606141838.200		7791	2292	69	5308	122	7443	79	157	0	200
1606141838.342		6420	2275	63	3917	165	6068	79	157	0	200
1606141838.486		6013	2423	45	3456	89	5735	79	157	0	200
1606141838.628		6063	2690	24	3252	97	5788	79	157	0	200
1606141838.771		17523	2685	108	14627	103	17096	79	157	0	200
1606141838.914		6184	2145	35	3905	99	5922	79	157	0	200
1606141839.057		6118	2290	110	3631	87	5749	79	157	0	200
1606141839.199		5992	2381	34	3512	65	5727	79	157	0	200
1606141839.342		6291	2106	105	3930	150	5911	79	157	0	200
1606141839.485		7072	2121	38	4835	78	6768	79	157	0	200
1606141839.628		5686	2377	63	3156	90	5382	79	157	0	200
1606141839.772		6577	2226	67	4214	70	6287	79	157	0	200
1606141839.924		74805	8347	57	66322	79	74369	79	157	0	200
1606141840.058		35468	7074	338	27882	174	34565	79	157	0	200
1606141840.199		32880	21816	42	10934	88	32616	79	157	0	200
1606141840.343		13528	7640	34	5755	99	13264	79	157	0	200
1606141840.485		6462	2241	93	4004	124	6039	79	157	0	200
1606141840.628		7772	2999	36	4651	86	7436	79	157	0	200
1606141840.772		7310	2524	36	4629	121	7023	79	157	0	200
1606141840.915		7173	2365	147	4421	240	6630	79	157	0	200
1606141841.057		6303	1918	36	4249	100	6016	79	157	0	200
1606141841.199		5513	2012	69	3312	120	5136	79	157	0	200
1606141841.345		6327	2126	132	3970	99	5951	79	157	0	200
1606141841.485		5991	2214	134	3518	125	5574	79	157	0	200
1606141841.628		6905	2560	64	4149	132	6580	79	157	0	200
1606141841.772		8560	2231	39	4354	1936	8004	79	157	0	200
1606141841.914		6006	2080	186	3514	226	5540	79	157	0	200
1606141842.057		6410	1915	69	4330	96	6096	79	157	0	200
1606141842.200		6259	2067	77	3976	139	5901	79	157	0	200
1606141842.342		5879	2089	38	3637	115	5583	79	157	0	200
1606141842.486		5455	1853	69	3364	169	5100	79	157	0	200
1606141842.628		6929	2108	90	4625	106	6576	79	157	0	200
1606141842.771		7312	2447	43	4761	61	7023	79	157	0	200
1606141842.915		6035	1978	34	3956	67	5788	79	157	0	200
1606141843.058		17425	9574	40	7707	104	17091	79	157	0	200
1606141843.199		11764	3453	33	8126	152	11394	79	157	0	200
1606141843.342		14417	5703	90	8425	199	13958	79	157	0	200
1606141843.485		5909	2110	43	3696	60	5639	79	157	0	200
1606141843.628		9267	2627	134	6341	165	8730	79	157	0	200
1606141843.772		8967	2000	95	6771	101	8615	79	157	0	200
1606141843.914		5616	1953	34	3561	68	5378	79	157	0	200
1606141844.058		26364	20901	80	5287	96	26039	79	157	0	200
1606141844.200		13655	2659	86	10791	119	13301	79	157	0	200
1606141844.342		10978	3931	341	6625	81	10317	79	157	0	200
1606141844.485		18175	12462	32	5568	113	17891	79	157	0	200
1606141844.628		6137	2253	64	3700	120	5792	79	157	0	200
1606141844.771		6861	2041	36	4693	91	6602	79	157	0	200
1606141844.914		5506	2117	40	3244	105	5213	79	157	0	200
1606141845.057		11891	5738	66	5994	93	11461	79	157	0	200
1606141845.199		5528	2238	24	3186	80	5201	79	157	0	200
1606141845.342		6236	2614	37	3530	55	5949	79	157	0	200
1606141845.485		5871	2488	36	3287	60	5576	79	157	0	200
1606141845.629		7033	2292	52	4596	93	6599	79	157	0	200
1606141845.771		8077	2325	62	5545	145	7706	79	157	0	200
1606141845.914		6982	2468	34	4397	83	6704	79	157	0	200
1606141846.057		29597	16911	208	12373	105	29125	79	157	0	200
1606141846.199		31366	19174	35	10097	2060	31072	79	157	0	200
1606141846.342		7657	2200	36	5254	167	7220	79	157	0	200
1606141846.486		6932	2407	71	4373	81	6627	79	157	0	200
1606141846.628		6679	2167	221	4098	193	6106	79	157	0	200
1606141846.772		9420	2416	41	6855	108	9129	79	157	0	200
1606141846.914		5838	2381	33	3336	88	5551	79	157	0	200
1606141847.057		7523	2635	86	4665	137	7101	79	157	0	200
1606141847.199		6200	2524	66	3429	181	5775	79	157	0	200
1606141847.342		5917	2377	36	3410	94	5644	79	157	0	200
1606141847.485		5790	2433	45	3247	65	5515	79	157	0	200
1606141847.629		5954	2180	67	3552	155	5583	79	157	0	200
1606141847.771		6000	2159	37	3615	189	5617	79	157	0	200
1606141847.914		6100	2495	71	3446	88	5760	79	157	0	200
1606141848.057		6824	2772	99	3890	63	6510	79	157	0	200
1606141848.199		5923	2180	43	3581	119	5595	79	157	0	200
1606141848.342		5788	2135	34	3527	92	5493	79	157	0	200
1606141848.485		5971	2326	72	3464	109	5649	79	157	0	200
1606141848.628		7445	2257	87	4886	215	6948	79	157	0	200
1606141848.771		9651	4330	105	5037	179	9161	79	157	0	200
1606141848.914		5761	1994	79	3578	110	5410	79	157	0	200
1606141849.057		10294	3327	32	5930	1005	9798	79	157	0	200
1606141849.199		6565	2374	66	4032	93	6234	79	157	0	200
1606141849.342		14842	4308	66	10376	92	14528	79	157	0	200
1606141849.485		10059	2606	36	7287	130	9687	79	157	0	200
1606141849.628		6335	2569	50	3626	90	6026	79	157	0	200
1606141849.771		9281	2156	38	6988	99	8976	79	157	0	200
1606141849.914		9777	3830	104	5572	271	9231	79	157	0	200
1606141850.057		13040	4894	33	7855	258	12561	79	157	0	200
1606141850.199		7528	2616	34	4752	126	7212	79	157	0	200
1606141850.343		5909	2405	42	3375	87	5605	79	157	0	200
1606141850.485		7776	2818	36	4800	122	7410	79	157	0	200
1606141850.628		8360	3061	97	4912	290	7662	79	157	0	200
1606141850.771		11019	2685	139	7295	900	10534	79	157	0	200
1606141850.914		5902	2134	36	3626	106	5625	79	157	0	200
1606141851.057		10937	3480	117	7193	147	10473	79	157	0	200
1606141851.199		6595	2401	40	3975	179	6195	79	157	0	200
1606141851.343		5667	2256	39	3260	112	5373	79	157	0	200
1606141851.485		6510	2371	33	4033	73	6226	79	157	0	200
1606141851.628		6476	2234	183	3952	107	5850	79	157	0	200
1606141851.772		6600	3275	58	3208	59	6337	79	157	0	200
1606141851.914		16289	5947	39	10205	98	16016	79	157	0	200
1606141852.058		34888	10478	39	24242	129	34567	79	157	0	200
1606141852.200		16528	6040	37	10345	106	16208	79	157	0	200
1606141852.342		6186	2421	114	3548	103	5818	79	157	0	200
1606141852.485		6281	2422	71	3718	70	5983	79	157	0	200
1606141852.629		24561	2833	102	21532	94	24150	79	157	0	200
1606141852.772		12223	4603	42	7443	135	11896	79	157	0	200
1606141852.914		5851	2087	39	3576	149	5506	79	157	0	200
1606141853.057		8604	4688	130	3720	66	8296	79	157	0	200
1606141853.200		6018	1755	32	4121	110	5679	79	157	0	200
1606141853.342		6756	2212	79	4362	103	6398	79	157	0	200
1606141853.485		7354	2149	113	5015	77	7025	79	157	0	200
1606141853.629		6151	2323	63	3651	114	5832	79	157	0	200
1606141853.772		7317	2699	36	4488	94	7053	79	157	0	200
1606141853.915		8003	2553	209	5020	221	7451	79	157	0	200
1606141854.057		5943	2358	40	3443	102	5650	79	157	0	200
1606141854.199		5806	2510	25	3175	96	5539	79	157	0	200
1606141854.342		5455	1879	38	3340	198	5061	79	157	0	200
1606141854.485		6425	2554	34	3771	66	6160	79	157	0	200
1606141854.629		5888	2440	64	3297	87	5584	79	157	0	200
1606141854.771		5699	2264	74	3248	113	5353	79	157	0	200
1606141854.915		6268	2522	64	3617	65	5854	79	157	0	200
1606141855.058		5898	2367	35	3406	90	5542	79	157	0	200
1606141855.200		7182	2709	101	4251	121	6800	79	157	0	200
1606141855.342		5916	2228	62	3529	97	5522	79	157	0	200
1606141855.486		8813	2625	69	6015	104	8372	79	157	0	200
1606141855.628		5826	2073	62	3528	163	5469	79	157	0	200
1606141855.771		5810	2373	42	3306	89	5502	79	157	0	200
1606141855.914		6283	2154	33	3935	161	5904	79	157	0	200
1606141856.058		5823	2352	70	3314	87	5504	79	157	0	200
1606141856.200		7061	2393	64	4533	71	6746	79	157	0	200
1606141856.342		6019	2013	64	3689	253	5598	79	157	0	200
1606141856.485		6320	2525	61	3407	327	5985	79	157	0	200
1606141856.628		5764	2492	40	3142	90	5474	79	157	0	200
1606141856.772		6431	2160	35	3493	743	6079	79	157	0	200
1606141856.914		6059	2397	74	3519	69	5752	79	157	0	200
1606141857.057		5911	2415	65	3334	97	5592	79	157	0	200
1606141857.200		5441	2250	100	2966	125	5078	79	157	0	200
1606141857.342		6324	2084	67	4083	90	5884	79	157	0	200
1606141857.485		6230	2424	63	3647	96	5913	79	157	0	200
1606141857.629		5915	2348	69	3407	91	5597	79	157	0	200
1606141857.772		6010	2271	66	3563	110	5690	79	157	0	200
1606141857.914		5760	2318	53	3299	90	5477	79	157	0	200
1606141858.057		7452	1951	38	5393	70	7188	79	157	0	200
1606141858.200		7134	2363	35	4648	88	6853	79	157	0	200
1606141858.342		6438	2144	107	4083	104	6026	79	157	0	200
1606141858.485		6402	2292	41	3791	278	6076	79	157	0	200
1606141858.629		6050	2419	53	3477	101	5729	79	157	0	200
1606141858.772		6209	2325	34	3759	91	5879	79	157	0	200
1606141858.914		5953	1955	68	3785	145	5552	79	157	0	200
1606141859.057		6040	2254	62	3665	59	5759	79	157	0	200
1606141859.199		8125	2213	68	5748	96	7789	79	157	0	200
1606141859.342		6484	2125	35	4229	95	6194	79	157	0	200
1606141859.485		7927	2093	299	4675	860	6648	79	157	0	200
1606141859.628		5850	2404	38	3325	83	5546	79	157	0	200
1606141859.771		6157	2360	68	3597	132	5797	79	157	0	200
1606141859.914		6453	2106	64	4194	89	6162	79	157	0	200
1606141860.058		6157	2684	54	3330	89	5869	79	157	0	200
1606141860.199		5895	2283	111	3413	88	5519	79	157	0	200
1606141860.342		5683	2100	107	3359	117	5208	79	157	0	200
1606141860.485		10694	3775	69	6742	108	10345	79	157	0	200
1606141860.629		6179	2301	134	3644	100	5806	79	157	0	200
1606141860.771		5923	2377	112	3332	102	5554	79	157	0	200
1606141860.915		7828	2440	82	5176	130	7466	79	157	0	200
1606141861.058		6579	2370	40	4081	88	6275	79	157	0	200
1606141861.199		7013	2390	62	4449	112	6683	79	157	0	200
1606141861.342		7208	2727	234	4107	140	6703	79	157	0	200
1606141861.485		8377	2687	36	5540	114	8057	79	157	0	200
1606141861.628		8451	1977	33	6312	129	8094	79	157	0	200
1606141861.772		5852	2347	33	3376	96	5583	79	157	0	200
1606141861.914		8622	2806	33	5699	84	8357	79	157	0	200
1606141862.058		5819	2338	35	3293	153	5475	79	157	0	200
1606141862.199		7091	2293	60	4638	100	6771	79	157	0	200
1606141862.342		7100	2254	56	4631	159	6755	79	157	0	200
1606141862.485		6090	2407	64	3519	100	5610	79	157	0	200
1606141862.629		6031	2541	43	3310	137	5700	79	157	0	200
1606141862.771		6040	2269	65	3607	99	5735	79	157	0	200
1606141862.914		7474	2645	32	4678	119	7130	79	157	0	200
1606141863.057		5683	2287	77	3218	101	5352	79	157	0	200
1606141863.199		5910	2311	59	3370	170	5536	79	157	0	200
1606141863.342		7071	3101	78	3821	71	6730	79	157	0	200
1606141863.486		7076	3181	36	3759	100	6816	79	157	0	200
1606141863.628		6869	2467	65	4191	146	6502	79	157	0	200
1606141863.772		6225	2296	31	3805	93	5936	79	157	0	200
1606141863.914		6183	2024	67	3951	141	5786	79	157	0	200
1606141864.057		5892	1941	363	3489	99	5307	79	157	0	200
1606141864.199		7317	1838	36	5337	106	7051	79	157	0	200
1606141864.342		6039	2025	85	3802	127	5642	79	157	0	200
1606141864.485		6190	2123	34	3930	103	5897	79	157	0	200
1606141864.628		5858	2175	60	3458	165	5439	79	157	0	200
1606141864.772		5974	2157	104	3469	244	5490	79	157	0	200
1606141864.914		6078	2168	133	3717	60	5756	79	157	0	200
1606141865.057		6003	2305	80	3489	129	5628	79	157	0	200
1606141865.157		6071	2454	82	3442	93	5740	79	157	0	200
1606141865.258		5484	2166	46	3177	95	5182	79	157	0	200
1606141865.357		5731	2223	33	3365	110	5441	79	157	0	200
1606141865.458		7808	2199	221	5237	151	7300	79	157	0	200
1606141865.557		5484	2125	59	3198	102	5174	79	157	0	200
1606141865.658		5535	1947	69	3421	98	5216	79	157	0	200
1606141865.758		5528	1990	69	3337	132	5194	79	157	0	200
1606141865.857		7030	2419	37	4461	113	6738	79	157	0	200
1606141865.957		5985	1911	65	3905	104	5695	79	157	0	200
1606141866.057		5710	2097	29	3363	221	5333	79	157	0	200
1606141866.157		5770	2328	32	3272	138	5430	79	157	0	200
1606141866.258		5906	2422	33	3329	122	5613	79	157	0	200
1606141866.357		5980	2091	57	3705	127	5604	79	157	0	200
1606141866.457		10325	3082	30	5420	1793	9887	79	157	0	200
1606141866.557		5846	2435	35	3303	73	5574	79	157	0	200
1606141866.657		6196	2199	42	3851	104	5901	79	157	0	200
1606141866.758		5888	2212	123	3467	86	5534	79	157	0	200
1606141866.857		5838	2245	43	3483	67	5566	79	157	0	200
1606141866.957		6188	2139	32	3877	140	5892	79	157	0	200
1606141867.057		6417	2647	205	3450	115	5896	79	157	0	200
1606141867.158		5756	2367	84	3192	113	5399	79	157	0	200
1606141867.257		6069	2274	61	3623	111	5737	79	157	0	200
1606141867.358		5742	2217	36	3401	88	5469	79	157	0	200
1606141867.458		5784	2128	72	3398	186	5381	79	157	0	200
1606141867.557		5965	2350	58	3467	90	5658	79	157	0	200
1606141867.657		5932	2232	60	3548	92	5642	79	157	0	200
1606141867.757		18317	2519	32	15624	142	17945	79	157	0	200
1606141867.858		5683	2295	36	3217	135	5354	79	157	0	200
1606141867.957		6186	1907	57	4053	169	5811	79	157	0	200
1606141868.058		5697	2398	62	3136	101	5383	79	157	0	200
1606141868.158		5718	2216	33	3362	107	5378	79	157	0	200
1606141868.257		5733	2466	32	3094	141	5415	79	157	0	200
1606141868.358		5860	2344	44	3303	169	5429	79	157	0	200
1606141868.457		6029	2124	46	3772	87	5741	79	157	0	200
1606141868.557		5911	2387	37	3387	100	5613	79	157	0	200
1606141868.657		5846	2235	116	3423	72	5501	79	157	0	200
1606141868.757		5888	2372	32	3416	68	5577	79	157	0	200
1606141868.857		5693	2191	32	3380	90	5415	79	157	0	200
1606141868.957		5875	2229	183	3329	134	5425	79	157	0	200
1606141869.058		5765	2123	37	3427	178	5405	79	157	0	200
1606141869.157		5998	2320	152	3435	91	5560	79	157	0	200
1606141869.257		5885	2179	39	3571	96	5585	79	157	0	200
1606141869.357		5927	2327	39	3433	128	5574	79	157	0	200
1606141869.457		5920	2148	100	3584	88	5488	79	157	0	200
1606141869.557		5821	2246	73	3404	98	5483	79	157	0	200
1606141869.657		7991	2419	90	3954	1528	7545	79	157	0	200
1606141869.757		6469	2880	43	3417	129	6122	79	157	0	200
1606141869.857		5747	2381	66	3203	97	5439	79	157	0	200
1606141869.957		5740	2187	61	3349	143	5416	79	157	0	200
1606141870.057		6492	2707	43	3520	222	6067	79	157	0	200
1606141870.157		6045	2392	40	3479	134	5597	79	157	0	200
1606141870.257		5667	2131	51	3410	75	5399	79	157	0	200
1606141870.358		5914	2312	33	3466	103	5628	79	157	0	200
1606141870.457		6336	1972	38	4225	101	6075	79	157	0	200
1606141870.557		5602	2168	40	3254	140	5256	79	157	0	200
1606141870.657		5807	2396	33	3282	96	5512	79	157	0	200
1606141870.758		5991	2209	56	3581	145	5635	79	157	0	200
1606141870.857		6054	2102	68	3813	71	5790	79	157	0	200
1606141870.957		6295	2192	186	3807	110	5868	79	157	0	200
1606141871.057		5323	2064	62	3104	93	5022	79	157	0	200
1606141871.158		6951	2389	150	3516	896	6447	79	157	0	200
1606141871.257		5643	2295	54	3174	120	5338	79	157	0	200
1606141871.358		6061	2446	53	3467	95	5752	79	157	0	200
1606141871.458		5915	2182	141	3500	92	5555	79	157	0	200
1606141871.557		5639	2333	58	3163	85	5317	79	157	0	200
1606141871.658		5791	2369	48	3190	184	5408	79	157	0	200
1606141871.758		5558	2205	72	3194	87	5257	79	157	0	200
1606141871.857		6065	2227	69	3679	90	5702	79	157	0	200
1606141871.957		6270	2221	62	3857	130	5880	79	157	0	200
1606141872.057		5845	2156	37	3536	116	5542	79	157	0	200
1606141872.157		5773	2338	33	3280	122	5469	79	157	0	200
1606141872.257		5395	2115	67	3119	94	5056	79	157	0	200
1606141872.357		6210	2540	34	3534	102	5893	79	157	0	200
1606141872.458		6113	1951	70	3960	132	5751	79	157	0	200
1606141872.557		6159	2407	61	3600	91	5850	79	157	0	200
1606141872.657		5869	2068	33	3699	69	5610	79	157	0	200
1606141872.757		5783	1992	66	3622	103	5488	79	157	0	200
1606141872.858		6905	2297	61	4429	118	6579	79	157	0	200
1606141872.958		5600	2005	35	3356	204	5215	79	157	0	200
1606141873.058		5582	2122	36	3289	135	5245	79	157	0	200
1606141873.157		5859	2427	71	3272	89	5533	79	157	0	200
1606141873.258		6038	2321	59	3558	100	5690	79	157	0	200
1606141873.357		5772	2092	37	3519	124	5448	79	157	0	200
1606141873.457		6134	2094	38	3886	116	5775	79	157	0	200
1606141873.557		5515	2234	64	3154	63	5223	79	157	0	200
1606141873.658		6122	2357	37	3581	147	5757	79	157	0	200
1606141873.758		5844	2019	60	3670	95	5543	79	157	0	200
1606141873.858		5914	2346	96	3338	134	5421	79	157	0	200
1606141873.957		6339	2208	133	3875	123	5902	79	157	0	200
1606141874.058		6089	2331	36	3613	109	5779	79	157	0	200
1606141874.157		5956	2363	72	3379	142	5593	79	157	0	200
1606141874.258		6417	2480	96	3756	85	6089	79	157	0	200
1606141874.357		5631	2317	27	3176	111	5338	79	157	0	200
1606141874.458		5369	1858	32	3374	105	5082	79	157	0	200
1606141874.557		6138	2610	43	3363	122	5790	79	157	0	200
1606141874.657		5791	2445	66	3174	106	5459	79	157	0	200
1606141874.757		6163	2273	66	3576	248	5705	79	157	0	200
1606141874.858		5785	2344	103	3276	62	5406	79	157	0	200
1606141874.957		6375	1958	34	3733	650	5828	79	157	0	200
1606141875.058		6017	1941	61	3899	116	5696	79	157	0	200
1606141875.157		5844	2056	33	3643	112	5563	79	157	0	200
1606141875.257		6152	1915	31	4099	107	5889	79	157	0	200
1606141875.357		6061	1980	33	3896	152	5758	79	157	0	200
1606141875.457		7110	2714	75	4223	98	6805	79	157	0	200
1606141875.557		6225	2318	49	3674	184	5868	79	157	0	200
1606141875.657		6406	1975	61	4239	131	6066	79	157	0	200
1606141875.757		5301	2117	68	3047	69	4984	79	157	0	200
1606141875.857		5750	2149	177	3263	161	5280	79	157	0	200
1606141875.957		6270	2128	34	4005	103	6005	79	157	0	200
1606141876.057		5981	1891	57	3910	123	5681	79	157	0	200
1606141876.157		5933	2128	33	3672	100	5670	79	157	0	200
1606141876.257		5555	2278	62	3101	114	5212	79	157	0	200
1606141876.357		5433	2173	34	3099	127	5117	79	157	0	200
1606141876.457		6468	2213	130	4005	120	6070	79	157	0	200
1606141876.558		11710	5470	51	6092	97	11439	79	157	0	200
1606141876.658		5915	2344	40	3437	94	5598	79	157	0	200
1606141876.757		5792	2338	34	3302	118	5487	79	157	0	200
1606141876.858		5846	2396	28	3328	94	5575	79	157	0	200
1606141876.958		6676	2447	34	4095	100	6368	79	157	0	200
1606141877.057		6637	2492	39	4019	87	6383	79	157	0	200
1606141877.157		5728	2238	62	3301	127	5324	79	157	0	200
1606141877.257		5946	2123	34	3535	254	5338	79	157	0	200
1606141877.357		5882	2182	38	3572	90	5558	79	157	0	200
1606141877.457		5964	2039	32	3806	87	5707	79	157	0	200
1606141877.557		8196	2788	35	5245	128	7834	79	157	0	200
1606141877.658		6056	2235	60	3662	99	5738	79	157	0	200
1606141877.757		5780	2264	215	3212	89	5286	79	157	0	200
1606141877.857		6188	2170	34	3780	204	5780	79	157	0	200
1606141877.957		6682	2382	61	4146	93	6356	79	157	0	200
1606141878.058		7177	2388	91	4599	99	6851	79	157	0	200
1606141878.157		6371	2777	37	3376	181	5995	79	157	0	200
1606141878.257		6305	2316	105	3712	172	5866	79	157	0	200
1606141878.357		5500	2171	79	3101	149	5116	79	157	0	200
1606141878.458		6426	2318	76	3922	110	6093	79	157	0	200
1606141878.557		6142	2109	97	3783	153	5706	79	157	0	200
1606141878.657		5759	1952	34	3507	266	5331	79	157	0	200
1606141878.757		6056	2259	63	3604	130	5718	79	157	0	200
1606141878.858		5990	2430	38	3441	81	5675	79	157	0	200
1606141878.957		6115	2318	48	3649	100	5827	79	157	0	200
1606141879.057		6777	2531	96	4052	98	6301	79	157	0	200
1606141879.157		6204	2422	36	3647	99	5886	79	157	0	200
1606141879.257		6232	2503	35	3603	91	5982	79	157	0	200
1606141879.357		6047	2527	35	3340	145	5689	79	157	0	200
1606141879.457		6388	2166	31	4071	120	6092	79	157	0	200
1606141879.558		5931	2067	33	3723	108	5662	79	157	0	200
1606141879.657		5723	2258	80	3288	97	5379	79	157	0	200
1606141879.758		5776	2276	70	3336	94	5450	79	157	0	200
1606141879.857		5874	2305	66	3380	123	5528	79	157	0	200
1606141879.957		5798	2163	25	3510	100	5509	79	157	0	200
1606141880.057		6425	2344	69	3916	96	6039	79	157	0	200
1606141880.158		6337	2439	36	3776	86	6042	79	157	0	200
1606141880.258		5559	2260	57	3152	90	5267	79	157	0	200
1606141880.357		6311	2951	59	3203	98	5989	79	157	0	200
1606141880.457		6083	2272	56	3664	91	5783	79	157	0	200
1606141880.557		5947	2076	203	3511	157	5457	79	157	0	200
1606141880.658		5887	2395	36	3252	204	5344	79	157	0	200
1606141880.758		7730	2282	34	3716	1698	7430	79	157	0	200
1606141880.858		5794	2330	57	3296	111	5450	79	157	0	200
1606141880.958		6009	2238	36	3633	102	5708	79	157	0	200
1606141881.057		6497	2063	32	4320	82	6258	79	157	0	200
1606141881.157		5851	2466	43	3245	97	5499	79	157	0	200
1606141881.257		6256	2313	65	3651	227	5924	79	157	0	200
1606141881.358		6085	2505	29	3455	96	5805	79	157	0	200
1606141881.458		6565	2321	45	3190	1009	6221	79	157	0	200
1606141881.557		5506	2060	54	3259	133	5178	79	157	0	200
1606141881.657		5644	2406	41	3129	68	5376	79	157	0	200
1606141881.757		5776	2301	36	3344	95	5497	79	157	0	200
1606141881.857		5854	2342	65	3365	82	5499	79	157	0	200
1606141881.958		6677	2713	56	3171	737	6353	79	157	0	200
1606141882.057		5357	1793	95	3230	239	4896	79	157	0	200
1606141882.157		5695	2326	35	3238	96	5409	79	157	0	200
1606141882.257		5828	2333	41	3327	127	5515	79	157	0	200
1606141882.357		5876	2086	139	3511	140	5311	79	157	0	200
1606141882.457		6285	2606	42	3523	114	5971	79	157	0	200
1606141882.558		5894	1856	84	3787	167	5492	79	157	0	200
1606141882.658		5847	2196	35	3510	106	5571	79	157	0	200
1606141882.757		5722	2378	34	3228	82	5436	79	157	0	200
1606141882.857		5826	2292	43	3342	149	5481	79	157	0	200
1606141882.957		5853	2390	40	3347	76	5571	79	157	0	200
1606141883.060		41133	14017	119	26883	114	40721	79	157	0	200
1606141883.158		9785	5439	79	4129	138	9316	79	157	0	200
1606141883.258		5865	2359	53	3388	65	5605	79	157	0	200
1606141883.357		5830	2342	69	3332	87	5513	79	157	0	200
1606141883.457		7669	2433	51	4957	228	7330	79	157	0	200
1606141883.557		5709	2129	63	3387	130	5404	79	157	0	200
1606141883.657		5902	2268	61	3391	182	5497	79	157	0	200
1606141883.757		5773	2396	97	3212	68	5459	79	157	0	200
1606141883.858		5849	2140	156	3464	89	5439	79	157	0	200
1606141883.958		6475	2572	59	3765	79	6177	79	157	0	200
1606141884.057		6498	2060	62	4197	179	6069	79	157	0	200
1606141884.157		6575	2272	33	3269	1001	6130	79	157	0	200
1606141884.257		5655	2140	35	3362	118	5353	79	157	0	200
1606141884.357		5599	2166	65	3279	89	5120	79	157	0	200
1606141884.458		5835	2314	63	3339	119	5510	79	157	0	200
1606141884.558		6180	2247	33	3571	329	5658	79	157	0	200
1606141884.658		5977	2259	80	3545	93	5647	79	157	0	200
1606141884.758		5936	2270	62	3510	94	5610	79	157	0	200
1606141884.858		5630	2383	26	3102	119	5333	79	157	0	200
1606141884.957		5682	2362	43	3213	64	5410	79	157	0	200
1606141885.057		5770	2073	37	3470	190	5411	79	157	0	200
1606141885.157		5929	2411	62	3326	130	5579	79	157	0	200
1606141885.258		5665	2251	38	3310	66	5400	79	157	0	200
1606141885.357		5579	2180	37	3259	103	5281	79	157	0	200
1606141885.457		5987	2102	32	3755	98	5698	79	157	0	200
1606141885.557		5796	2046	158	3470	122	5389	79	157	0	200
1606141885.657		5836	2168	47	3513	108	5382	79	157	0	200
1606141885.757		5901	2422	59	3333	87	5599	79	157	0	200
1606141885.858		5803	2391	34	3266	112	5501	79	157	0	200
1606141885.957		5979	2398	64	3430	87	5651	79	157	0	200
1606141886.057		6293	2248	42	3840	163	5907	79	157	0	200
1606141886.157		6255	2109	31	3834	281	5825	79	157	0	200
1606141886.258		5916	1954	95	3765	102	5505	79	157	0	200
1606141886.357		5887	2145	28	3608	106	5619	79	157	0	200
1606141886.457		8695	1722	36	6810	127	8366	79	157	0	200
1606141886.557		5975	1996	70	3834	75	5656	79	157	0	200
1606141886.658		5744	1880	32	3708	124	5465	79	157	0	200
1606141886.757		6256	2122	68	3916	150	5926	79	157	0	200
1606141886.858		7094	2542	60	4310	182	6724	79	157	0	200
1606141886.958		5653	2045	70	3443	95	5350	79	157	0	200
1606141887.057		9571	2155	90	6897	429	8935	79	157	0	200
1606141887.157		7046	2717	67	4028	234	6603	79	157	0	200
1606141887.257		5736	2343	38	3270	85	5469	79	157	0	200
1606141887.357		6033	2314	49	3539	131	5707	79	157	0	200
1606141887.457		5874	2398	36	3353	87	5605	79	157	0	200
1606141887.557		6652	2048	65	3924	615	5835	79	157	0	200
1606141887.658		5382	1999	51	3237	95	5118	79	157	0	200
1606141887.758		6074	2271	61	3566	176	5681	79	157	0	200
1606141887.857		5876	2147	40	3580	109	5576	79	157	0	200
1606141887.957		6047	2266	27	3672	82	5792	79	157	0	200
1606141888.058		7013	2470	92	4315	136	6653	79	157	0	200
1606141888.158		7253	2820	243	4032	158	6686	79	157	0	200
1606141888.258		6469	2362	73	3940	94	6143	79	157	0	200
1606141888.357		6356	2753	37	3402	164	5943	79	157	0	200
1606141888.458		6086	2197	82	3719	88	5756	79	157	0	200
1606141888.558		5612	2172	35	3297	108	5337	79	157	0	200
1606141888.657		7802	2182	202	5316	102	7335	79	157	0	200
1606141888.758		6081	1731	477	3795	78	5361	79	157	0	200
1606141888.857		6049	2182	35	3686	146	5720	79	157	0	200
1606141888.957		5945	2384	33	3423	105	5650	79	157	0	200
1606141889.057		6376	1974	63	4236	103	6064	79	157	0	200
1606141889.157		6262	2172	143	3389	558	5858	79	157	0	200
1606141889.257		6141	2282	104	3659	96	5776	79	157	0	200
1606141889.357		6370	2383	37	3822	128	6050	79	157	0	200
1606141889.457		5878	2164	53	3543	118	5547	79	157	0	200
1606141889.557		6122	2242	63	3711	106	5838	79	157	0	200
1606141889.658		6380	2025	98	4149	108	6037	79	157	0	200
1606141889.757		7674	2756	108	4677	133	7302	79	157	0	200
1606141889.857		6467	2157	40	4096	174	6080	79	157	0	200
1606141889.958		5687	2410	61	3133	83	5392	79	157	0	200
1606141890.057		7024	2434	237	4160	193	6319	79	157	0	200
1606141890.158		7462	2234	94	5070	64	7038	79	157	0	200
1606141890.258		6218	2115	75	3281	747	5851	79	157	0	200
1606141890.357		7417	2208	34	5029	146	7096	79	157	0	200
1606141890.457		5856	2436	72	3282	66	5559	79	157	0	200
1606141890.557		5968	2004	29	3746	189	5593	79	157	0	200
1606141890.657		7813	2508	28	5128	149	7468	79	157	0	200
1606141890.757		6090	2226	49	3703	112	5771	79	157	0	200
1606141890.857		6322	2261	31	3930	100	5978	79	157	0	200
1606141890.958		6386	2391	39	3723	233	5929	79	157	0	200
1606141891.058		7312	2263	78	4797	174	6852	79	157	0	200
1606141891.157		7790	3356	98	4194	142	7403	79	157	0	200
1606141891.258		5752	2167	44	3447	94	5460	79	157	0	200
1606141891.357		5559	2110	30	3325	94	5247	79	157	0	200
1606141891.457		5959	2352	35	3468	104	5655	79	157	0	200
1606141891.558		6709	2429	33	4082	165	6318	79	157	0	200
1606141891.657		7860	2274	71	5385	130	7510	79	157	0	200
1606141891.757		5658	2278	65	3188	127	5288	79	157	0	200
1606141891.858		5786	2371	49	3290	76	5503	79	157	0	200
1606141891.958		6720	2366	67	4199	88	6370	79	157	0	200
1606141892.058		6509	2211	69	4077	152	6093	79	157	0	200
1606141892.157		5860	2209	38	3466	147	5530	79	157	0	200
1606141892.257		5731	2272	66	3337	56	5458	79	157	0	200
1606141892.358		5915	2260	48	3534	73	5627	79	157	0	200
1606141892.458		6096	2417	59	3530	90	5765	79	157	0	200
1606141892.557		7018	2373	52	3730	863	6615	79	157	0	200
1606141892.657		5804	1963	69	3707	65	5515	79	157	0	200
1606141892.757		5547	2282	65	3099	101	5232	79	157	0	200
1606141892.858		5572	2181	35	3254	102	5288	79	157	0	200
1606141892.957		6072	2246	69	3660	97	5752	79	157	0	200
1606141893.058		6041	2225	75	3580	161	5650	79	157	0	200
1606141893.157		5885	2205	109	3415	156	5353	79	157	0	200
1606141893.257		5853	2237	90	3457	69	5538	79	157	0	200
1606141893.357		5769	2230	66	3395	78	5481	79	157	0	200
1606141893.457		5963	2195	30	3645	93	5701	79	157	0	200
1606141893.557		6416	2221	32	4084	79	6144	79	157	0	200
1606141893.657		5703	2115	90	3295	203	5255	79	157	0	200
1606141893.757		5857	2243	64	3485	65	5565	79	157	0	200
1606141893.857		6954	2358	58	4300	238	6512	79	157	0	200
1606141893.957		6054	2325	46	3569	114	5718	79	157	0	200
1606141894.058		5702	2006	33	3471	192	5339	79	157	0	200
1606141894.157		5998	2116	99	3635	148	5558	79	157	0	200
1606141894.258		6006	2298	36	3576	96	5696	79	157	0	200
1606141894.357		6176	2357	83	3673	63	5885	79	157	0	200
1606141894.457		5642	2099	38	3272	233	5213	79	157	0	200
1606141894.558		6000	2463	54	3393	90	5698	79	157	0	200
1606141894.658		6817	2017	100	4586	114	6415	79	157	0	200
1606141894.757		5687	2278	36	3280	93	5409	79	157	0	200
1606141894.857		6481	2332	193	3854	102	6053	79	157	0	200
1606141894.957		6242	2331	76	3747	88	5914	79	157	0	200
1606141895.058		5718	2291	100	3127	200	5273	79	157	0	200
1606141895.157		6907	2122	57	4592	136	6549	79	157	0	200
1606141895.257		6261	2350	100	3728	83	5921	79	157	0	200
1606141895.357		5834	2248	58	3336	192	5407	79	157	0	200
1606141895.458		5683	2396	32	3184	71	5429	79	157	0	200
1606141895.558		6035	2451	64	3451	69	5747	79	157	0	200
1606141895.657		7723	2170	67	5312	174	7323	79	157	0	200
1606141895.757		5763	2245	34	3377	107	5468	79	157	0	200
1606141895.857		5834	2244	38	3450	102	5548	79	157	0	200
1606141895.958		5965	2397	130	3267	171	5423	79	157	0	200
1606141896.057		5814	2267	70	3248	229	5341	79	157	0	200
1606141896.157		6064	2120	61	3762	121	5621	79	157	0	200
1606141896.258		5798	2326	171	3097	204	5248	79	157	0	200
1606141896.357		5902	2207	31	3514	150	5532	79	157	0	200
1606141896.457		5942	2424	76	3301	141	5542	79	157	0	200
1606141896.557		5668	2269	32	3283	84	5392	79	157	0	200
1606141896.657		6152	2155	34	3816	147	5810	79	157	0	200
1606141896.757		5775	2248	33	3412	82	5495	79	157	0	200
1606141896.857		6084	2449	41	3489	105	5780	79	157	0	200
1606141896.957		6318	2204	260	3666	188	5733	79	157	0	200
1606141897.058		5707	2091	35	3407	174	5358	79	157	0	200
1606141897.158		6279	2048	34	4073	124	5990	79	157	0	200
1606141897.257		5684	1870	51	3695	68	5429	79	157	0	200
1606141897.358		7100	2364	68	4515	153	6610	79	157	0	200
1606141897.457		6592	1963	40	4412	177	6235	79	157	0	200
1606141897.557		6764	2498	69	4086	111	6298	79	157	0	200
1606141897.657		6034	2031	26	3792	185	5709	79	157	0	200
1606141897.757		5740	1912	62	3684	82	5474	79	157	0	200
1606141897.857		6191	2065	79	3667	380	5612	79	157	0	200
1606141897.957		7515	1885	38	5469	123	7101	79	157	0	200
1606141898.057		5753	1971	134	3505	143	5306	79	157	0	200
1606141898.157		6148	2339	32	3683	94	5888	79	157	0	200
1606141898.257		7388	2491	42	4759	96	7128	79	157	0	200
1606141898.357		6233	2447	37	3639	110	5930	79	157	0	200
1606141898.458		5872	2345	71	3361	95	5548	79	157	0	200
1606141898.557		5557	2252	98	3054	153	5157	79	157	0	200
1606141898.657		6348	2160	91	3885	212	5925	79	157	0	200
1606141898.757		6998	2183	34	4583	198	6606	79	157	0	200
1606141898.858		5951	2403	37	3393	118	5628	79	157	0	200
1606141898.957		5956	2406	42	3397	111	5586	79	157	0	200
1606141899.057		5670	2111	40	3416	103	5367	79	157	0	200
1606141899.157		6945	2102	37	4679	127	6625	79	157	0	200
1606141899.258		6286	2272	68	3850	96	5961	79	157	0	200
1606141899.358		5991	2158	35	3706	92	5719	79	157	0	200
1606141899.458		6303	2288	37	3913	65	6038	79	157	0	200
1606141899.557		6119	2724	41	3277	77	5730	79	157	0	200
1606141899.657		5606	2108	113	3283	102	5150	79	157	0	200
1606141899.757		6123	2101	47	3873	102	5826	79	157	0	200
1606141899.858		5749	2322	46	3312	69	5485	79	157	0	200
1606141899.958		6156	2502	53	3479	122	5834	79	157	0	200
1606141900.058		6074	2190	69	3747	68	5784	79	157	0	200
1606141900.157		7179	2419	66	4546	148	6809	79	157	0	200
1606141900.257		6137	2354	33	3567	183	5639	79	157	0	200
1606141900.357		5899	2496	32	3290	81	5641	79	157	0	200
1606141900.458		5888	2543	65	3193	87	5578	79	157	0	200
1606141900.557		5668	2266	41	3275	86	5396	79	157	0	200
1606141900.658		6249	2365	112	3643	129	5856	79	157	0	200
1606141900.757		6843	2562	117	4060	104	6031	79	157	0	200
1606141900.858		6303	2463	67	3658	115	5970	79	157	0	200
1606141900.957		5927	2273	32	3525	97	5640	79	157	0	200
1606141901.058		5753	2209	38	3410	96	5466	79	157	0	200
1606141901.157		5983	1959	63	3836	125	5656	79	157	0	200
1606141901.257		5403	1867	60	3312	164	5048	79	157	0	200
1606141901.357		5751	2241	70	3334	106	5442	79	157	0	200
1606141901.457		5764	2395	35	3201	133	5438	79	157	0	200
1606141901.557		5881	2421	82	3234	144	5464	79	157	0	200
1606141901.657		6053	2109	52	3764	128	5707	79	157	0	200
1606141901.758		6491	2630	67	3692	102	6165	79	157	0	200
1606141901.858		5657	2282	33	3250	92	5390	79	157	0	200
1606141901.957		6230	2156	31	3967	76	5961	79	157	0	200
1606141902.058		6518	2635	68	3704	111	6160	79	157	0	200
1606141902.158		6669	2064	107	3678	820	6240	79	157	0	200
1606141902.257		6076	2132	102	3719	123	5707	79	157	0	200
1606141902.357		5954	2377	30	3451	96	5624	79	157	0	200
1606141902.458		5829	2294	63	3333	139	5455	79	157	0	200
1606141902.557		5847	2344	50	3357	96	5540	79	157	0	200
1606141902.657		6501	2094	68	4245	94	6191	79	157	0	200
1606141902.757		8384	2446	35	5777	126	8085	79	157	0	200
1606141902.857		6129	2616	66	3057	390	5755	79	157	0	200
1606141902.957		6538	3127	35	3278	98	6250	79	157	0	200
1606141903.057		9407	3496	36	5732	143	9049	79	157	0	200
1606141903.157		13780	2613	35	11066	66	13543	79	157	0	200
1606141903.257		13305	2484	127	10454	240	12787	79	157	0	200
1606141903.357		6972	2959	34	3883	96	6677	79	157	0	200
1606141903.458		6041	2847	33	3007	154	5711	79	157	0	200
1606141903.558		5838	2216	68	3483	71	5538	79	157	0	200
1606141903.657		7100	2635	65	4201	199	6623	79	157	0	200
1606141903.758		6398	1965	57	4273	103	6089	79	157	0	200
1606141903.857		4881	2075	51	2655	100	4595	79	157	0	200
1606141903.958		5366	2167	34	3096	69	5101	79	157	0	200
1606141904.057		6467	2169	42	4130	126	6138	79	157	0	200
1606141904.157		5722	2457	39	3162	64	5455	79	157	0	200
1606141904.258		7278	2029	37	5111	101	6874	79	157	0	200
1606141904.357		5808	2358	32	3290	128	5448	79	157	0	200
1606141904.457		5914	2339	33	3443	99	5532	79	157	0	200
1606141904.557		5942	2523	38	3296	85	5669	79	157	0	200
1606141904.657		6037	2355	24	3567	91	5745	79	157	0	200
1606141904.757		6006	2253	30	3622	101	5716	79	157	0	200
1606141904.858		5725	2046	33	3553	93	5443	79	157	0	200
1606141904.957		5678	2194	35	3337	112	5374	79	157	0	200
1606141905.057		5764	2237	80	3351	96	5432	79	157	0	200
1606141905.158		5863	2289	80	3395	99	5526	79	157	0	200
1606141905.257		6209	2107	57	3951	94	5881	79	157	0	200
1606141905.357		6045	2346	457	3172	70	5378	79	157	0	200
1606141905.457		6016	2420	33	3446	117	5692	79	157	0	200
1606141905.557		6039	2413	39	3440	147	5709	79	157	0	200
1606141905.658		6319	2364	73	3770	112	5979	79	157	0	200
1606141905.757		7903	3417	82	4337	67	7579	79	157	0	200
1606141905.857		6038	2179	38	3724	97	5669	79	157	0	200
1606141905.957		5628	2204	32	3271	121	5314	79	157	0	200
1606141906.058		19068	14463	57	4370	178	18678	79	157	0	200
1606141906.158		6082	2322	66	3584	110	5765	79	157	0	200
1606141906.257		6068	2180	98	3659	131	5632	79	157	0	200
1606141906.358		6339	2601	38	3595	105	5998	79	157	0	200
1606141906.457		6110	2179	30	3802	99	5801	79	157	0	200
1606141906.558		5572	2253	60	3099	160	5205	79	157	0	200
1606141906.658		5992	2403	71	3424	94	5680	79	157	0	200
1606141906.757		5677	2093	85	3375	124	5319	79	157	0	200
1606141906.857		5943	2362	65	3402	114	5575	79	157	0	200
1606141906.957		5939	2233	63	3545	98	5624	79	157	0	200
1606141907.057		5948	2196	35	3645	72	5667	79	157	0	200
1606141907.157		5624	2286	78	3161	99	5289	79	157	0	200
1606141907.258		5625	2045	35	3393	152	5291	79	157	0	200
1606141907.357		5827	2234	98	3243	252	5315	79	157	0	200
1606141907.458		5751	2230	91	3342	88	5398	79	157	0	200
1606141907.557		6065	2415	41	3518	91	5776	79	157	0	200
1606141907.658		6108	2245	35	3727	101	5823	79	157	0	200
1606141907.758		6102	2160	35	3793	114	5810	79	157	0	200
1606141907.857		5963	2336	168	3362	97	5426	79	157	0	200
1606141907.958		6885	2275	33	3484	1093	6569	79	157	0	200
1606141908.058		5822	2269	43	3444	66	5574	79	157	0	200
1606141908.157		5851	2249	35	3379	188	5480	79	157	0	200
1606141908.257		5578	2053	36	3374	115	5297	79	157	0	200
1606141908.358		6397	2011	62	4253	71	6001	79	157	0	200
1606141908.457		6809	2115	104	4373	217	6199	79	157	0	200
1606141908.557		5527	2131	26	3257	113	5267	79	157	0	200
1606141908.657		6832	2305	39	4390	98	6553	79	157	0	200
1606141908.757		6128	2019	86	3928	95	5746	79	157	0	200
1606141908.857		6863	2153	53	4463	194	6450	79	157	0	200
1606141908.957		5957	2001	60	3766	130	5633	79	157	0	200
1606141909.057		5925	2067	96	3662	100	5588	79	157	0	200
1606141909.158		6262	2162	38	3859	203	5883	79	157	0	200
1606141909.258		5687	2143	48	3369	127	5314	79	157	0	200
1606141909.357		6310	2546	59	3614	91	6006	79	157	0	200
1606141909.457		5679	2040	36	3499	104	5391	79	157	0	200
1606141909.558		6055	2324	39	3590	102	5755	79	157	0	200
1606141909.657		5993	2499	60	3343	91	5547	79	157	0	200
1606141909.757		5956	1960	49	3831	116	5662	79	157	0	200
1606141909.858		6312	2294	64	3856	98	5826	79	157	0	200
1606141909.957		5818	2250	73	3429	66	5540	79	157	0	200
1606141910.057		5687	2250	65	3181	191	5238	79	157	0	200
1606141910.157		5719	2292	64	3290	73	5385	79	157	0	200
1606141910.257		7291	2132	232	4827	100	6828	79	157	0	200
1606141910.357		5995	2086	35	3733	141	5592	79	157	0	200
1606141910.457		6545	2310	82	3136	1017	6169	79	157	0	200
1606141910.557		6377	2052	31	4187	107	6087	79	157	0	200
1606141910.657		5815	2321	118	3313	63	5483	79	157	0	200
1606141910.757		6053	2554	36	3380	83	5781	79	157	0	200
1606141910.857		5977	2243	51	3548	135	5504	79	157	0	200
1606141910.957		6517	2337	53	4030	97	6244	79	157	0	200
1606141911.058		6070	2291	62	3624	93	5761	79	157	0	200
1606141911.157		6535	2344	47	3357	787	6077	79	157	0	200
1606141911.257		6459	2213	81	4015	150	6102	79	157	0	200
1606141911.357		5556	2100	35	3339	82	5231	79	157	0	200
1606141911.458		5586	2293	214	2987	92	5138	79	157	0	200
1606141911.557		5807	2322	65	3276	144	5442	79	157	0	200
1606141911.657		5833	2399	42	3280	112	5526	79	157	0	200
1606141911.758		6016	2105	36	3777	98	5675	79	157	0	200
1606141911.858		6987	2274	181	4348	184	6325	79	157	0	200
1606141911.958		5701	2306	35	3232	128	5353	79	157	0	200
1606141912.057		7568	3058	35	4375	100	7266	79	157	0	200
1606141912.157		5891	2372	47	3358	114	5568	79	157	0	200
1606141912.258		6563	2317	196	3894	156	6047	79	157	0	200
1606141912.357		5730	2121	48	3458	103	5377	79	157	0	200
1606141912.457		5800	2259	52	3385	104	5465	79	157	0	200
1606141912.557		6171	2228	33	3812	98	5890	79	157	0	200
1606141912.657		7092	2314	105	4576	97	6734	79	157	0	200
1606141912.757		5607	1988	32	3476	111	5316	79	157	0	200
1606141912.857		5869	2010	95	3622	142	5476	79	157	0	200
1606141912.957		5802	2338	60	3312	92	5479	79	157	0	200
1606141913.057		6698	2387	35	4171	105	6374	79	157	0	200
1606141913.158		5815	2397	37	3280	101	5435	79	157	0	200
1606141913.257		6790	2636	61	3979	114	6461	79	157	0	200
1606141913.357		6529	2007	95	4282	145	6119	79	157	0	200
1606141913.458		6229	2181	68	3355	625	5878	79	157	0	200
1606141913.557		5986	2364	26	3505	91	5728	79	157	0	200
1606141913.657		7202	2279	32	4768	123	6905	79	157	0	200
1606141913.757		6063	2323	54	3545	141	5707	79	157	0	200
1606141913.857		7084	2824	71	3530	659	6119	79	157	0	200
1606141913.958		6179	2338	48	3617	176	5805	79	157	0	200
1606141914.057		6430	1973	37	4313	107	6127	79	157	0	200
1606141914.157		5924	2491	66	3245	122	5594	79	157	0	200
1606141914.257		6402	2130	37	4158	77	6156	79	157	0	200
1606141914.357		5998	2161	55	3600	182	5570	79	157	0	200
1606141914.458		5903	2277	223	3246	157	5379	79	157	0	200
1606141914.558		6372	2387	45	3316	624	6046	79	157	0	200
1606141914.657		5788	2240	32	3294	222	5377	79	157	0	200
1606141914.757		6292	2266	35	3900	91	6009	79	157	0	200
1606141914.857		6719	2308	43	3603	765	6220	79	157	0	200
1606141914.958		6095	2292	76	3613	114	5746	79	157	0	200
1606141915.057		5940	2260	65	3501	114	5617	79	157	0	200
1606141915.158		5687	2270	70	3275	72	5385	79	157	0	200
1606141915.258		6801	2376	68	4207	150	6384	79	157	0	200
1606141915.357		5797	2222	103	3390	82	5240	79	157	0	200
1606141915.457		90618	31233	57	59085	243	90122	79	157	0	200
1606141915.557		28763	4838	36	23785	104	28421	79	157	0	200
1606141915.657		8090	3634	33	4293	130	7768	79	157	0	200
1606141915.757		8879	4782	99	3722	276	8212	79	157	0	200
1606141915.857		5691	2205	70	3318	98	5378	79	157	0	200
1606141915.958		6318	2374	39	3277	628	5939	79	157	0	200
1606141916.057		5891	2289	59	3463	80	5604	79	157	0	200
1606141916.157		5783	2062	65	3568	88	5502	79	157	0	200
1606141916.257		7432	2321	90	4927	94	7028	79	157	0	200
1606141916.358		7235	2252	33	3858	1092	5694	79	157	0	200
1606141916.458		8584	2687	34	5755	108	8263	79	157	0	200
1606141916.557		7166	2516	66	4416	168	6782	79	157	0	200
1606141916.657		13601	7476	68	5983	74	13212	79	157	0	200
1606141916.757		6425	2252	72	4007	94	6024	79	157	0	200
1606141916.857		7025	2253	149	4561	62	6638	79	157	0	200
1606141916.957		6960	1935	36	4861	128	6644	79	157	0	200
1606141917.058		6284	2672	36	3495	81	5987	79	157	0	200
1606141917.158		7004	2380	33	4513	78	6739	79	157	0	200
1606141917.258		7091	2337	33	4511	210	6669	79	157	0	200
1606141917.357		9115	2191	34	6725	165	8719	79	157	0	200
1606141917.457		8280	2097	32	5215	936	7946	79	157	0	200
1606141917.558		6228	2355	53	3717	103	5890	79	157	0	200
1606141917.657		5655	2109	34	3419	93	5320	79	157	0	200
1606141917.758		6175	2113	60	3846	156	5800	79	157	0	200
1606141917.858		6712	2239	69	4293	111	6399	79	157	0	200
1606141917.957		5464	2255	57	2992	160	5112	79	157	0	200
1606141918.057		6163	2254	57	3757	95	5832	79	157	0	200
1606141918.157		5213	1904	92	3131	86	4860	79	157	0	200
1606141918.257		6073	2136	30	3815	92	5797	79	157	0	200
1606141918.357		6434	1938	31	4330	135	6140	79	157	0	200
1606141918.457		5717	2227	36	3358	96	5414	79	157	0	200
1606141918.557		6291	2609	36	3511	135	5968	79	157	0	200
1606141918.657		5915	2422	30	3367	96	5629	79	157	0	200
1606141918.757		6062	2229	63	3666	104	5742	79	157	0	200
1606141918.857		11648	4507	36	6956	149	11301	79	157	0	200
1606141918.957		5874	1916	43	3805	110	5618	79	157	0	200
1606141919.057		6538	2152	66	3385	935	6144	79	157	0	200
1606141919.157		5885	2166	36	3625	58	5648	79	157	0	200
1606141919.258		6875	2492	50	4211	122	6518	79	157	0	200
1606141919.357		5880	2001	35	3726	118	5570	79	157	0	200
1606141919.457		7782	2527	211	4937	107	7137	79	157	0	200
1606141919.557		6017	1922	56	3829	210	5625	79	157	0	200
1606141919.657		5507	1909	71	3257	270	4901	79	157	0	200
1606141919.757		5912	2013	169	3647	83	5445	79	157	0	200
1606141919.857		6349	2078	67	4107	97	6067	79	157	0	200
1606141919.957		7148	2142	75	4814	117	6834	79	157	0	200
1606141920.057		6007	2145	112	3609	141	5586	79	157	0	200
1606141920.157		5727	2031	60	3495	141	5403	79	157	0	200
1606141920.257		5924	2217	45	3509	153	5597	79	157	0	200
1606141920.357		6038	2100	191	3636	111	5423	79	157	0	200
1606141920.457		6431	2316	72	3953	90	6133	79	157	0	200
1606141920.557		5946	2314	37	3471	124	5628	79	157	0	200
1606141920.657		6287	2300	57	3604	326	5868	79	157	0	200
1606141920.758		5808	2281	36	3430	61	5555	79	157	0	200
1606141920.857		5933	2127	62	3307	437	5609	79	157	0	200
1606141920.957		6423	2181	37	4100	105	6064	79	157	0	200
1606141921.057		5856	2388	69	3281	118	5511	79	157	0	200
1606141921.158		6066	2392	77	3500	97	5717	79	157	0	200
1606141921.258		5851	2409	73	3277	92	5542	79	157	0	200
1606141921.358		7551	3325	60	4096	70	7290	79	157	0	200
1606141921.457		6196	1904	52	3945	295	5718	79	157	0	200
1606141921.558		6457	2238	245	3498	476	5830	79	157	0	200
1606141921.658		5620	2275	65	3177	103	5302	79	157	0	200
1606141921.757		6029	2393	38	3530	68	5766	79	157	0	200
1606141921.858		5938	2089	51	3662	136	5592	79	157	0	200
1606141921.957		6170	2208	58	3744	160	5789	79	157	0	200
1606141922.057		5856	2311	42	3457	46	5608	79	157	0	200
1606141922.157		5956	2398	70	3376	112	5632	79	157	0	200
1606141922.258		5716	2475	55	3102	84	5226	79	157	0	200
1606141922.357		5941	1977	34	3797	133	5646	79	157	0	200
1606141922.458		6352	2080	35	4158	79	6081	79	157	0	200
1606141922.557		5809	2160	76	3449	124	5342	79	157	0	200
1606141922.657		6153	2268	35	3745	105	5853	79	157	0	200
1606141922.757		5582	2170	52	3291	69	5302	79	157	0	200
1606141922.858		6506	2245	36	4130	95	6222	79	157	0	200
1606141922.957		6267	2449	33	3637	148	5909	79	157	0	200
1606141923.057		5678	2176	112	3295	95	5303	79	157	0	200
1606141923.157		6019	2032	32	3871	84	5773	79	157	0	200
1606141923.258		5727	2234	59	3173	261	5261	79	157	0	200
1606141923.357		5919	1946	32	3815	126	5629	79	157	0	200
1606141923.457		6005	2000	57	3793	155	5675	79	157	0	200
1606141923.558		6177	2347	61	3671	98	5867	79	157	0	200
1606141923.657		5692	2326	68	3139	159	5320	79	157	0	200
1606141923.757		5894	2177	38	3577	102	5598	79	157	0	200
1606141923.858		6106	2286	38	3694	88	5821	79	157	0	200
1606141923.957		6690	1911	32	4649	98	6426	79	157	0	200
1606141924.057		6042	2316	67	3570	89	5734	79	157	0	200
1606141924.158		6090	2214	32	3747	97	5787	79	157	0	200
1606141924.258		6099	2554	31	3297	217	5800	79	157	0	200
1606141924.357		6341	2085	39	4158	59	6077	79	157	0	200
1606141924.457		6716	2209	62	4338	107	6381	79	157	0	200
1606141924.557		5648	2259	41	3194	154	5231	79	157	0	200
1606141924.657		5955	2352	113	3386	104	5585	79	157	0	200
1606141924.758		6017	2269	229	3425	94	5549	79	157	0	200
1606141924.857		6502	2381	39	3993	89	6233	79	157	0	200
1606141924.957		12790	4410	73	6526	1781	10485	79	157	0	200
