1606141556.216		8395	2904	60	5318	113	7903	79	157	0	200
1606141555.220		1524532	1517604	61	6658	209	1524077	79	157	0	200
1606141557.216		6581	2417	53	4005	106	6272	79	157	0	200
1606141558.216		6374	2422	36	3740	176	5981	79	157	0	200
1606141559.215		6615	2955	65	3503	92	6317	79	157	0	200
1606141560.215		6077	2454	31	3501	91	5721	79	157	0	200
1606141561.215		6378	2780	70	3433	95	6074	79	157	0	200
1606141562.215		6332	2643	56	3549	84	6050	79	157	0	200
1606141563.216		6512	2309	66	3982	155	6151	79	157	0	200
1606141564.215		5930	2462	71	3265	132	5506	79	157	0	200
1606141565.216		6010	2304	77	3538	91	5701	79	157	0	200
1606141566.215		6110	2261	34	3747	68	5856	79	157	0	200
1606141567.216		6975	2087	77	4726	85	6555	79	157	0	200
1606141568.215		5972	2557	64	3254	97	5621	79	157	0	200
1606141569.216		5978	2288	34	3576	80	5715	79	157	0	200
1606141570.216		6535	2128	38	4259	110	6256	79	157	0	200
1606141571.215		5670	2162	35	3385	88	5397	79	157	0	200
1606141572.216		5872	2417	33	3294	128	5554	79	157	0	200
1606141573.215		6658	2546	96	3894	122	6283	79	157	0	200
1606141574.216		6051	2576	35	3353	87	5772	79	157	0	200
1606141575.215		7118	2716	57	4167	178	6727	79	157	0	200
1606141576.216		6239	2187	69	3880	103	5937	79	157	0	200
1606141577.216		6574	2981	66	3435	92	6214	79	157	0	200
1606141578.215		6103	2134	40	3124	805	5787	79	157	0	200
1606141579.215		5883	2119	65	3552	147	5546	79	157	0	200
1606141580.216		6055	2461	41	3453	100	5750	79	157	0	200
1606141581.216		6228	2588	32	3437	171	5870	79	157	0	200
1606141582.215		5701	2166	37	3374	124	5388	79	157	0	200
1606141583.215		7264	3187	65	3915	97	6965	79	157	0	200
1606141584.216		5929	2310	94	3314	211	5441	79	157	0	200
1606141585.216		5852	2164	55	3512	121	5474	79	157	0	200
1606141585.548		5895	2119	34	3644	98	5611	79	157	0	200
1606141585.881		5832	2323	38	3352	119	5497	79	157	0	200
1606141586.215		5960	2460	33	3366	101	5687	79	157	0	200
1606141586.548		5409	1944	62	3289	114	5091	79	157	0	200
1606141586.881		6089	2387	94	3543	65	5769	79	157	0	200
1606141587.216		6053	2471	40	3446	96	5711	79	157	0	200
1606141587.549		5929	1929	65	3807	128	5569	79	157	0	200
1606141587.882		5593	1976	37	3458	122	5276	79	157	0	200
1606141588.215		8161	1924	66	3829	2342	7712	79	157	0	200
1606141588.549		5715	2202	44	3328	141	5388	79	157	0	200
1606141588.882		6439	2363	87	3258	731	6010	79	157	0	200
1606141589.215		7049	2450	133	4340	126	6640	79	157	0	200
1606141589.549		5648	1961	38	3560	89	5396	79	157	0	200
1606141589.882		6283	2080	65	4041	97	6004	79	157	0	200
1606141590.216		6571	2452	30	3989	100	6263	79	157	0	200
1606141590.548		7773	2048	35	5584	106	7469	79	157	0	200
1606141590.881		6263	2141	37	3983	102	5975	79	157	0	200
1606141591.215		6103	2169	34	3768	132	5803	79	157	0	200
1606141591.549		8256	2256	79	5808	113	7908	79	157	0	200
1606141591.882		5536	2193	32	3239	72	5265	79	157	0	200
1606141592.215		5615	2333	66	3027	189	5208	79	157	0	200
1606141592.549		5801	2001	230	3419	151	5267	79	157	0	200
1606141592.882		5721	2175	65	3386	95	5414	79	157	0	200
1606141593.216		5938	2440	60	3323	115	5585	79	157	0	200
1606141593.549		5891	2158	67	3566	100	5597	79	157	0	200
1606141593.881		5696	2527	25	3057	87	5440	79	157	0	200
1606141594.215		6486	2438	66	3885	97	6111	79	157	0	200
1606141594.548		6912	2599	67	4153	93	6591	79	157	0	200
1606141594.881		5834	2198	39	3496	101	5531	79	157	0	200
1606141595.216		5905	2148	26	3667	64	5641	79	157	0	200
1606141595.549		6061	2047	98	3780	136	5708	79	157	0	200
1606141595.882		6534	2412	67	3944	111	6175	79	157	0	200
1606141596.215		6204	2668	32	3386	118	5755	79	157	0	200
1606141596.548		5544	2054	99	3177	214	5111	79	157	0	200
1606141596.881		6103	2139	36	3824	104	5824	79	157	0	200
1606141597.215		5816	2058	64	3581	113	5498	79	157	0	200
1606141597.548		5884	2093	41	3624	126	5547	79	157	0	200
1606141597.882		5942	2329	38	3470	105	5638	79	157	0	200
1606141598.215		5818	2521	43	3128	126	5494	79	157	0	200
1606141598.548		6390	2384	41	3833	132	5915	79	157	0	200
1606141598.882		5924	2275	44	3535	70	5626	79	157	0	200
1606141599.215		5904	2424	30	3370	80	5628	79	157	0	200
1606141599.548		6491	2383	57	3950	101	6190	79	157	0	200
1606141599.881		5737	2270	74	3256	137	5316	79	157	0	200
1606141600.215		6381	2325	31	3861	164	5922	79	157	0	200
1606141600.549		6827	2379	47	4300	101	6531	79	157	0	200
1606141600.882		5255	1910	193	3013	139	4807	79	157	0	200
1606141601.216		5859	2334	36	3365	124	5559	79	157	0	200
1606141601.549		5914	2393	82	3352	87	5597	79	157	0	200
1606141601.882		5557	1979	172	3258	148	5040	79	157	0	200
1606141602.215		6534	2130	69	4136	199	6054	79	157	0	200
1606141602.548		5755	2397	58	3208	92	5397	79	157	0	200
1606141602.882		6276	2674	31	3474	97	5976	79	157	0	200
1606141603.216		6249	2165	55	3918	111	5922	79	157	0	200
1606141603.549		5878	2495	49	3240	94	5587	79	157	0	200
1606141603.881		5706	2181	136	3292	97	5333	79	157	0	200
1606141604.216		7727	2002	44	5579	102	7447	79	157	0	200
1606141604.549		5796	2285	74	3298	139	5419	79	157	0	200
1606141604.882		5721	2215	135	3207	164	5252	79	157	0	200
1606141605.216		7720	3361	65	4158	136	7374	79	157	0	200
1606141605.549		6047	2267	105	3345	330	5586	79	157	0	200
1606141605.882		6104	2371	59	3578	96	5695	79	157	0	200
1606141606.216		6491	2421	161	3795	114	6048	79	157	0	200
1606141606.548		6086	2174	40	3724	148	5764	79	157	0	200
1606141606.882		5874	2429	77	3277	91	5549	79	157	0	200
1606141607.215		5911	2144	74	3195	498	5194	79	157	0	200
1606141607.548		5560	2311	69	3120	60	5287	79	157	0	200
1606141607.881		6032	2440	51	3417	124	5678	79	157	0	200
1606141608.215		5947	2464	41	3346	96	5618	79	157	0	200
1606141608.549		5924	2271	97	3326	230	5551	79	157	0	200
1606141608.882		5619	2070	36	3410	103	5326	79	157	0	200
1606141609.215		5920	2208	127	3345	240	5320	79	157	0	200
1606141609.549		5623	2190	36	3310	87	5336	79	157	0	200
1606141609.881		5643	2295	40	3178	130	5328	79	157	0	200
1606141610.216		5673	2315	70	3193	95	5356	79	157	0	200
1606141610.549		6141	2625	60	3321	135	5761	79	157	0	200
1606141610.882		6085	2422	51	3514	98	5771	79	157	0	200
1606141611.215		6701	2295	31	4201	174	6326	79	157	0	200
1606141611.548		7057	2034	36	4880	107	6719	79	157	0	200
1606141611.881		7045	2373	193	4311	168	6552	79	157	0	200
1606141612.216		6015	2207	66	3606	136	5661	79	157	0	200
1606141612.549		5919	2240	63	3514	102	5611	79	157	0	200
1606141612.882		5945	2095	50	2993	807	5426	79	157	0	200
1606141613.216		7015	2283	163	4397	172	6488	79	157	0	200
1606141613.548		5922	2337	34	3466	85	5653	79	157	0	200
1606141613.882		5788	2149	35	3345	259	5362	79	157	0	200
1606141614.216		6201	2385	94	3548	174	5786	79	157	0	200
1606141614.549		5678	2069	65	3441	103	5371	79	157	0	200
1606141614.881		5527	2125	37	3277	88	5161	79	157	0	200
1606141615.215		5998	2255	206	3416	121	5526	79	157	0	200
1606141615.415		5818	2380	61	3306	71	5528	79	157	0	200
1606141615.616		5451	2125	88	3174	64	5144	79	157	0	200
1606141615.815		5887	2189	76	3542	80	5571	79	157	0	200
1606141616.016		5647	2259	171	3095	122	5196	79	157	0	200
1606141616.215		6506	2009	97	4251	149	6134	79	157	0	200
1606141616.415		5835	2045	35	3659	96	5544	79	157	0	200
1606141616.615		6034	2238	77	3596	123	5682	79	157	0	200
1606141616.815		5417	2148	37	3164	68	5103	79	157	0	200
1606141617.015		6574	2372	49	4051	102	6266	79	157	0	200
1606141617.216		6042	2359	144	3434	105	5636	79	157	0	200
1606141617.416		5733	2304	40	3298	91	5462	79	157	0	200
1606141617.616		5925	2412	34	3359	120	5608	79	157	0	200
1606141617.816		5630	2289	61	3095	185	5203	79	157	0	200
1606141618.015		5748	2280	101	3234	133	5370	79	157	0	200
1606141618.215		6038	2220	78	3569	171	5640	79	157	0	200
1606141618.415		5622	1961	64	3516	81	5350	79	157	0	200
1606141618.616		5542	1928	35	3462	117	5231	79	157	0	200
1606141618.816		6123	2018	35	3967	103	5844	79	157	0	200
1606141619.016		5877	2373	35	3370	99	5591	79	157	0	200
1606141619.215		8573	2007	63	6360	143	8212	79	157	0	200
1606141619.416		5705	2324	90	3205	86	5369	79	157	0	200
1606141619.616		5836	2409	27	3302	98	5551	79	157	0	200
1606141619.816		6027	2028	68	3806	125	5631	79	157	0	200
1606141620.015		6595	2001	82	4392	120	6235	79	157	0	200
1606141620.215		6323	2766	61	3338	158	5939	79	157	0	200
1606141620.416		5846	2258	82	3437	69	5545	79	157	0	200
1606141620.616		6018	2342	180	3257	239	5428	79	157	0	200
1606141620.816		8074	1917	64	6004	89	7722	79	157	0	200
1606141621.016		6134	2276	34	3752	72	5863	79	157	0	200
1606141621.216		6287	2450	148	3532	157	5628	79	157	0	200
1606141621.416		5623	2101	92	3213	217	5160	79	157	0	200
1606141621.615		5903	2396	59	3281	167	5537	79	157	0	200
1606141621.816		8517	2695	31	5694	97	8218	79	157	0	200
1606141622.016		5760	2272	40	3376	72	5498	79	157	0	200
1606141622.215		6700	2567	39	3989	105	6222	79	157	0	200
1606141622.416		5786	2084	162	3257	283	5204	79	157	0	200
1606141622.616		5847	2012	86	3629	120	5513	79	157	0	200
1606141622.816		9012	3019	73	5763	157	8630	79	157	0	200
1606141623.015		6035	2032	183	3561	259	5348	79	157	0	200
1606141623.215		11411	4964	70	6212	165	10987	79	157	0	200
1606141623.416		6568	2352	52	4042	122	6241	79	157	0	200
1606141623.615		5948	2158	39	3658	93	5659	79	157	0	200
1606141623.815		5967	2172	31	3661	103	5675	79	157	0	200
1606141624.016		6403	2046	76	3588	693	6052	79	157	0	200
1606141624.215		6230	2269	39	3779	143	5854	79	157	0	200
1606141624.415		5922	1962	72	3756	132	5567	79	157	0	200
1606141624.616		6187	2052	68	3933	134	5848	79	157	0	200
1606141624.816		7656	1948	102	5433	173	7227	79	157	0	200
1606141625.016		5771	2295	32	3327	117	5458	79	157	0	200
1606141625.216		6469	2415	63	3890	101	6106	79	157	0	200
1606141625.416		6346	2283	143	3770	150	5891	79	157	0	200
1606141625.615		5696	2380	30	3195	91	5410	79	157	0	200
1606141625.815		6152	2230	133	3678	111	5773	79	157	0	200
1606141626.016		6969	2213	61	4497	198	6492	79	157	0	200
1606141626.216		6505	2134	89	3475	807	6133	79	157	0	200
1606141626.416		7477	2199	64	5099	115	7149	79	157	0	200
1606141626.616		5655	2215	123	3084	233	5141	79	157	0	200
1606141626.816		7113	2085	124	4656	248	6569	79	157	0	200
1606141627.015		6399	2160	53	3767	419	6014	79	157	0	200
1606141627.215		6019	2524	59	3347	89	5722	79	157	0	200
1606141627.416		5964	2192	33	3649	90	5684	79	157	0	200
1606141627.615		5835	2305	68	3364	98	5512	79	157	0	200
1606141627.816		6155	2102	60	3902	91	5869	79	157	0	200
1606141628.015		6412	2445	30	3644	293	6126	79	157	0	200
1606141628.216		6287	2605	63	3531	88	5992	79	157	0	200
1606141628.416		6017	2564	65	3302	86	5711	79	157	0	200
1606141628.615		5901	2471	70	3249	111	5567	79	157	0	200
1606141628.815		5887	2088	26	3675	98	5631	79	157	0	200
1606141629.015		6035	2197	34	3710	94	5749	79	157	0	200
1606141629.215		5983	2618	54	3190	121	5665	79	157	0	200
1606141629.416		5785	2173	66	3455	91	5452	79	157	0	200
1606141629.615		6229	2364	40	3285	540	5901	79	157	0	200
1606141629.816		5480	1814	70	3355	241	5028	79	157	0	200
1606141630.015		5903	2262	38	3429	174	5538	79	157	0	200
1606141630.215		5991	2063	66	3751	111	5534	79	157	0	200
1606141630.415		7569	2118	37	5239	175	7139	79	157	0	200
1606141630.616		5426	2097	28	3210	91	5163	79	157	0	200
1606141630.816		6012	2067	33	3807	105	5746	79	157	0	200
1606141631.016		5924	2254	98	3433	139	5560	79	157	0	200
1606141631.215		5716	2231	31	3327	127	5412	79	157	0	200
1606141631.415		6436	2377	65	3897	97	6088	79	157	0	200
1606141631.616		6535	2641	37	3723	134	6200	79	157	0	200
1606141631.816		7275	2131	69	4927	148	6919	79	157	0	200
1606141632.016		6039	2043	27	3658	311	5560	79	157	0	200
1606141632.215		6746	2540	60	3038	1108	6389	79	157	0	200
1606141632.416		7066	2469	65	4244	288	6557	79	157	0	200
1606141632.616		7132	2133	67	3912	1020	6777	79	157	0	200
1606141632.815		7453	2222	93	5006	132	7008	79	157	0	200
