1606142029.249		281043	277744	68	3069	162	280678	79	157	0	200
1606142030.244		5949	2081	61	3699	108	5659	79	157	0	200
1606142031.245		5569	2337	63	3077	92	5275	79	157	0	200
1606142032.244		7387	3649	44	3581	113	7088	79	157	0	200
1606142033.244		6945	3493	90	3272	90	6592	79	157	0	200
1606142034.244		6112	2320	64	3620	108	5789	79	157	0	200
1606142035.243		7076	3439	69	3469	99	6751	79	157	0	200
1606142036.245		6521	2376	36	4005	104	6237	79	157	0	200
1606142037.244		6591	2794	38	3656	103	6309	79	157	0	200
1606142038.244		7040	3478	56	3446	60	6773	79	157	0	200
1606142039.244		6810	2613	51	4061	85	6540	79	157	0	200
1606142040.244		5772	2186	55	3442	89	5486	79	157	0	200
1606142041.244		8862	3254	78	3817	1713	8189	79	157	0	200
1606142042.244		6207	2476	105	3278	348	5801	79	157	0	200
1606142043.245		6294	2457	67	3671	99	5977	79	157	0	200
1606142044.244		7990	3893	98	3904	95	7626	79	157	0	200
1606142045.244		22156	13157	48	8831	120	21833	79	157	0	200
1606142046.244		6636	2216	74	4241	105	6297	79	157	0	200
1606142047.244		7084	3475	48	3395	166	6727	79	157	0	200
1606142048.244		5724	2257	117	3295	55	5359	79	157	0	200
1606142049.245		7006	2468	53	4311	174	6642	79	157	0	200
1606142050.244		7963	3140	92	3277	1454	7619	79	157	0	200
1606142051.244		5814	2341	136	3211	126	5410	79	157	0	200
1606142052.244		6924	2105	133	4540	146	6465	79	157	0	200
1606142053.244		14517	5199	86	9126	106	14144	79	157	0	200
1606142054.245		8485	2423	53	5838	171	8143	79	157	0	200
1606142055.244		46559	31350	90	14868	251	46006	79	157	0	200
1606142056.244		10000	4775	86	5039	100	9648	79	157	0	200
1606142057.245		52816	23723	35	28939	119	52484	79	157	0	200
1606142058.244		24966	2820	29	21942	175	24597	79	157	0	200
1606142059.244		8886	3883	138	4698	167	8426	79	157	0	200
1606142060.244		10255	2560	30	7503	162	9923	79	157	0	200
1606142061.244		14586	3042	70	11125	349	13975	79	157	0	200
1606142062.245		8512	3694	55	4498	265	8048	79	157	0	200
1606142063.244		7585	2599	77	4700	209	7175	79	157	0	200
1606142064.243		23318	7705	65	15383	165	22917	79	157	0	200
1606142065.245		12234	6084	89	5905	156	11827	79	157	0	200
1606142066.244		6897	2392	97	4271	137	6492	79	157	0	200
1606142067.244		17538	2926	271	14232	109	16992	79	157	0	200
1606142068.244		21841	13028	87	8620	106	21492	79	157	0	200
1606142069.244		7844	2201	78	5325	240	7368	79	157	0	200
1606142070.244		10736	5304	66	5268	98	10333	79	157	0	200
1606142071.244		10098	5465	84	4449	100	9782	79	157	0	200
1606142072.244		16879	6317	35	10422	105	16542	79	157	0	200
1606142073.244		8499	2586	39	5744	130	8180	79	157	0	200
1606142074.244		6814	3428	109	3136	141	6432	79	157	0	200
1606142075.244		8563	2114	193	6171	85	8130	79	157	0	200
1606142076.244		5991	2221	63	3602	105	5656	79	157	0	200
1606142077.245		6046	2550	63	3336	97	5726	79	157	0	200
1606142078.245		6629	2333	70	4133	93	6314	79	157	0	200
1606142079.244		7281	2259	122	4751	149	6866	79	157	0	200
1606142080.244		7842	3502	62	4210	68	7586	79	157	0	200
1606142081.244		19134	2530	111	16418	75	18790	79	157	0	200
1606142082.244		7183	2482	85	4510	106	6855	79	157	0	200
1606142083.244		8379	4714	41	3525	99	8071	79	157	0	200
1606142084.244		6896	2357	40	4351	148	6555	79	157	0	200
1606142085.244		7240	2357	82	4589	212	6824	79	157	0	200
1606142086.244		8781	4474	82	4123	102	8279	79	157	0	200
1606142087.244		6080	2320	152	3506	102	5672	79	157	0	200
1606142088.244		7096	2378	178	4406	134	6639	79	157	0	200
1606142089.244		6950	3456	61	3339	94	6629	79	157	0	200
1606142089.494		7218	2300	35	4743	140	6898	79	157	0	200
1606142089.744		6753	2535	40	4016	162	6397	79	157	0	200
1606142089.994		6139	2768	34	3240	97	5851	79	157	0	200
1606142090.243		5955	2381	31	3456	87	5655	79	157	0	200
1606142090.494		6381	2635	25	3631	90	6124	79	157	0	200
1606142090.744		6405	2407	42	3769	187	6016	79	157	0	200
1606142090.994		9892	3658	33	5982	219	9470	79	157	0	200
1606142091.245		13336	2594	36	10579	127	13033	79	157	0	200
1606142091.494		6293	2350	63	3782	98	5886	79	157	0	200
1606142091.744		6636	2904	34	3608	90	6362	79	157	0	200
1606142091.994		6799	2597	32	3990	180	6402	79	157	0	200
1606142092.245		6672	2872	65	3642	93	6343	79	157	0	200
1606142092.494		7325	2270	140	3980	935	6877	79	157	0	200
1606142092.744		22371	4902	30	17371	68	21903	79	157	0	200
1606142092.994		7265	2493	171	4381	220	6499	79	157	0	200
1606142093.252		14682	7346	137	7065	134	14001	79	157	0	200
1606142093.493		5971	2249	41	3546	135	5634	79	157	0	200
1606142093.744		5936	2509	33	3324	70	5679	79	157	0	200
1606142093.994		5995	2374	45	3333	243	5651	79	157	0	200
1606142094.244		6400	2288	67	3941	104	6100	79	157	0	200
1606142094.494		6180	2341	39	3729	71	5931	79	157	0	200
1606142094.744		10427	3167	40	7116	104	10063	79	157	0	200
1606142094.994		9993	2615	41	7232	105	9586	79	157	0	200
1606142095.244		8669	3501	51	5015	102	8396	79	157	0	200
1606142095.494		5522	2267	56	3089	110	5139	79	157	0	200
1606142095.744		5970	2377	33	3491	69	5696	79	157	0	200
1606142095.994		5875	2177	151	3372	175	5372	79	157	0	200
1606142096.245		8402	2978	61	4582	781	7962	79	157	0	200
1606142096.494		7057	2149	37	4668	203	6647	79	157	0	200
1606142096.744		7438	2191	77	5063	107	6867	79	157	0	200
1606142096.994		20595	11282	71	8962	280	20039	79	157	0	200
1606142097.244		15764	5972	137	9540	115	15338	79	157	0	200
1606142097.494		6859	2242	98	4384	135	6488	79	157	0	200
1606142097.744		6099	2516	41	3354	188	5705	79	157	0	200
1606142097.995		6802	2369	34	4289	110	6503	79	157	0	200
1606142098.244		11169	2968	65	7901	235	10681	79	157	0	200
1606142098.494		6927	2505	32	4005	385	6351	79	157	0	200
1606142098.744		6169	2260	72	3756	81	5870	79	157	0	200
1606142098.994		20030	3743	70	16012	205	19542	79	157	0	200
1606142099.244		20056	4572	34	15327	123	19711	79	157	0	200
1606142099.494		8852	3135	108	5524	85	8467	79	157	0	200
1606142099.744		5831	2272	34	3372	153	5404	79	157	0	200
1606142099.994		6451	2115	58	4110	168	6069	79	157	0	200
1606142100.244		5952	2503	41	3314	94	5680	79	157	0	200
1606142100.494		6423	2111	68	4105	139	6062	79	157	0	200
1606142100.744		6808	2317	36	4342	113	6493	79	157	0	200
1606142100.994		6992	2261	64	4520	147	6638	79	157	0	200
1606142101.244		13885	4382	123	9267	113	13444	79	157	0	200
1606142101.495		5557	1949	37	3452	119	5254	79	157	0	200
1606142101.744		5909	2276	93	3375	165	5495	79	157	0	200
1606142101.994		5457	2162	24	3157	114	5139	79	157	0	200
1606142102.244		5920	2322	157	3349	92	5518	79	157	0	200
1606142102.494		6050	2250	60	3600	140	5723	79	157	0	200
1606142102.744		6202	2370	65	3636	131	5830	79	157	0	200
1606142102.994		6602	2409	42	4049	102	6304	79	157	0	200
1606142103.244		6831	2371	128	4054	278	6239	79	157	0	200
1606142103.494		12970	4226	43	8592	109	12584	79	157	0	200
1606142103.744		18333	4934	157	13076	166	17715	79	157	0	200
1606142103.994		6205	2050	82	3964	109	5800	79	157	0	200
1606142104.244		11368	4989	62	6251	66	11088	79	157	0	200
1606142104.495		9104	2563	34	6397	110	8805	79	157	0	200
1606142104.744		12026	2047	35	9868	76	11744	79	157	0	200
1606142104.994		6622	2433	74	3992	123	6272	79	157	0	200
1606142105.244		15398	5873	41	9368	116	15000	79	157	0	200
1606142105.494		28131	8668	130	19148	185	27529	79	157	0	200
1606142105.744		7043	3084	34	3820	105	6714	79	157	0	200
1606142105.994		6098	2396	71	3494	137	5759	79	157	0	200
1606142106.245		8549	2542	38	5861	108	8202	79	157	0	200
1606142106.495		8089	2283	43	5526	237	7660	79	157	0	200
1606142106.744		11552	3779	84	7479	210	11084	79	157	0	200
1606142106.994		7670	2504	69	4911	186	7259	79	157	0	200
1606142107.244		9032	3759	50	5109	114	8711	79	157	0	200
1606142107.494		5905	2254	156	3243	252	5364	79	157	0	200
1606142107.744		5836	2276	62	3365	133	5370	79	157	0	200
1606142107.994		5899	2007	77	3712	103	5592	79	157	0	200
1606142108.244		7065	2271	148	4548	98	6690	79	157	0	200
1606142108.494		5844	1875	76	3727	166	5486	79	157	0	200
1606142108.745		7405	2419	32	3362	1592	6948	79	157	0	200
1606142108.994		6144	1994	154	3897	99	5758	79	157	0	200
1606142109.244		6887	2590	32	4110	155	6531	79	157	0	200
1606142109.494		5723	2080	81	3490	72	5413	79	157	0	200
1606142109.744		6061	2397	41	3522	101	5756	79	157	0	200
1606142109.994		5928	2284	64	3493	87	5589	79	157	0	200
1606142110.244		7135	3172	76	3811	76	6821	79	157	0	200
1606142110.494		5595	2408	38	3069	80	5314	79	157	0	200
1606142110.744		6502	2137	34	4189	142	6187	79	157	0	200
1606142110.994		5872	1993	38	3739	102	5568	79	157	0	200
1606142111.244		6512	2433	31	3771	277	6212	79	157	0	200
1606142111.495		5893	2420	84	3299	90	5561	79	157	0	200
1606142111.744		6400	2253	51	4021	75	6106	79	157	0	200
1606142111.994		5749	2163	44	3405	137	5410	79	157	0	200
1606142112.244		7511	2724	63	4620	104	7209	79	157	0	200
1606142112.494		6255	2378	55	3270	552	5892	79	157	0	200
1606142112.744		8721	2574	34	5999	114	8430	79	157	0	200
1606142112.994		7998	2196	32	5670	100	7735	79	157	0	200
1606142113.244		27868	15827	94	10980	967	26582	79	157	0	200
1606142113.495		6426	2250	64	4023	89	6119	79	157	0	200
1606142113.744		7522	2137	124	5047	214	7032	79	157	0	200
1606142113.995		6436	2246	34	4003	153	6094	79	157	0	200
1606142114.245		6187	2484	62	3540	101	5868	79	157	0	200
1606142114.494		7067	2212	29	4570	256	6588	79	157	0	200
1606142114.744		8718	2619	35	5967	97	8412	79	157	0	200
1606142114.994		7864	2293	37	5471	63	7619	79	157	0	200
1606142115.244		48421	17894	32	30323	172	48061	79	157	0	200
1606142115.494		6445	2117	43	3917	368	6136	79	157	0	200
1606142115.744		7727	2394	41	5064	228	7306	79	157	0	200
1606142115.994		8700	3865	36	4698	101	8378	79	157	0	200
1606142116.244		8029	3513	52	4362	102	7722	79	157	0	200
1606142116.494		7597	2114	38	5014	431	7290	79	157	0	200
1606142116.744		8313	3395	33	4563	322	7784	79	157	0	200
1606142116.994		7155	2177	40	4871	67	6893	79	157	0	200
1606142117.244		10415	2885	81	7347	102	9972	79	157	0	200
1606142117.494		6671	2235	36	4323	77	6411	79	157	0	200
1606142117.744		12896	2868	57	9515	456	12173	79	157	0	200
1606142117.994		7004	2283	64	4560	97	6649	79	157	0	200
1606142118.244		8437	2665	72	5510	190	8032	79	157	0	200
1606142118.494		9151	2182	35	6709	225	8609	79	157	0	200
1606142118.744		8990	3005	58	5747	180	8588	79	157	0	200
1606142118.995		7974	2454	96	5310	114	7614	79	157	0	200
1606142119.244		8707	4208	107	4285	107	8331	79	157	0	200
1606142119.494		8063	2736	33	5157	137	7701	79	157	0	200
1606142119.744		7977	2091	41	5697	148	7650	79	157	0	200
1606142119.994		8301	4242	32	3919	108	8011	79	157	0	200
1606142120.244		7337	2529	121	4601	86	6901	79	157	0	200
1606142120.494		8209	2374	37	5681	117	7863	79	157	0	200
1606142120.744		7146	2086	42	4880	138	6812	79	157	0	200
1606142120.993		8908	2356	311	5970	271	8006	79	157	0	200
1606142121.244		7920	2263	30	5517	110	7637	79	157	0	200
1606142121.494		9008	2509	68	6292	139	8593	79	157	0	200
1606142121.744		6558	2722	34	3725	77	6311	79	157	0	200
1606142121.994		6522	2545	42	3865	70	6261	79	157	0	200
1606142122.244		6813	3592	52	3078	91	6523	79	157	0	200
1606142122.495		6560	2383	33	4065	79	6295	79	157	0	200
1606142122.744		6122	2208	46	3767	101	5815	79	157	0	200
1606142122.995		5806	2375	55	3259	117	5348	79	157	0	200
1606142123.244		6177	2471	63	3550	93	5883	79	157	0	200
1606142123.494		6601	3215	67	3220	99	6281	79	157	0	200
1606142123.744		6709	2637	60	3902	110	6383	79	157	0	200
1606142123.994		6959	2383	95	4302	179	6515	79	157	0	200
1606142124.245		5785	2267	37	3402	79	5529	79	157	0	200
1606142124.494		7460	3188	85	4088	99	7117	79	157	0	200
1606142124.744		6999	2606	41	4257	95	6653	79	157	0	200
1606142124.994		7305	2636	38	4524	107	7023	79	157	0	200
1606142125.244		7522	3312	98	4034	78	7191	79	157	0	200
1606142125.494		7509	3257	141	3986	125	7079	79	157	0	200
1606142125.744		5905	2707	35	3070	93	5632	79	157	0	200
1606142125.994		7451	3273	74	4023	81	7123	79	157	0	200
1606142126.244		5950	2432	71	3353	94	5628	79	157	0	200
1606142126.494		7154	2569	30	4482	73	6888	79	157	0	200
1606142126.744		6976	2393	67	4441	75	6712	79	157	0	200
1606142126.994		8933	3146	76	5543	168	8546	79	157	0	200
1606142127.245		6259	2368	55	3762	74	5945	79	157	0	200
1606142127.494		8143	3413	36	4449	245	7857	79	157	0	200
1606142127.744		5809	2352	61	3328	68	5538	79	157	0	200
1606142127.994		8635	3505	60	4917	153	8285	79	157	0	200
1606142128.245		8780	4210	67	4380	123	8437	79	157	0	200
1606142128.494		7913	2965	60	4697	191	7418	79	157	0	200
1606142128.744		7271	2637	34	4470	130	6971	79	157	0	200
1606142128.994		13742	5350	70	8148	174	13323	79	157	0	200
1606142129.244		47690	6296	47	41187	160	47258	79	157	0	200
1606142129.494		13971	4631	35	9199	106	13682	79	157	0	200
1606142129.744		9113	3769	104	5112	128	8686	79	157	0	200
1606142129.994		14084	5490	512	7936	146	13228	79	157	0	200
1606142130.244		5584	1968	96	3408	112	5244	79	157	0	200
1606142130.494		11910	3756	56	4843	3255	11486	79	157	0	200
1606142130.744		5504	1887	34	3461	122	5161	79	157	0	200
1606142130.994		6615	2503	93	3765	254	6111	79	157	0	200
1606142131.245		26651	6030	239	20248	134	26010	79	157	0	200
1606142131.494		24852	9025	76	15557	194	24366	79	157	0	200
1606142131.744		15647	4287	97	10934	329	14818	79	157	0	200
1606142131.994		22026	13025	30	8765	206	21535	79	157	0	200
1606142132.244		7681	2320	67	5190	104	7369	79	157	0	200
1606142132.494		9382	3746	36	5421	179	9005	79	157	0	200
1606142132.744		10436	2283	103	7951	99	10074	79	157	0	200
1606142132.994		7644	2894	55	3957	738	7195	79	157	0	200
1606142133.244		11045	2226	31	8650	138	10722	79	157	0	200
1606142133.494		5751	2408	63	3213	67	5465	79	157	0	200
1606142133.745		5983	2381	183	3008	411	5283	79	157	0	200
1606142133.994		6531	2956	36	3436	103	6076	79	157	0	200
1606142134.244		7769	3805	87	3785	92	7430	79	157	0	200
1606142134.494		7964	3220	35	4608	101	7515	79	157	0	200
1606142134.744		6042	2210	33	3624	175	5641	79	157	0	200
1606142134.994		6153	2088	37	3809	219	5729	79	157	0	200
1606142135.243		7101	2327	64	4495	215	6660	79	157	0	200
1606142135.494		6440	2301	36	4000	103	6142	79	157	0	200
1606142135.744		7322	2706	37	4477	102	7015	79	157	0	200
1606142135.994		5967	2374	35	3494	64	5691	79	157	0	200
1606142136.244		7103	2219	33	4334	517	6644	79	157	0	200
1606142136.494		7082	2512	36	4434	100	6811	79	157	0	200
1606142136.744		11821	2500	3821	5342	158	7697	79	157	0	200
1606142136.994		7595	3168	92	4219	116	7156	79	157	0	200
1606142137.244		9025	4110	69	4495	351	8437	79	157	0	200
1606142137.494		8302	3156	34	4940	172	7744	79	157	0	200
1606142137.744		8994	2098	68	6708	120	8681	79	157	0	200
1606142137.995		6049	2298	105	3469	177	5569	79	157	0	200
1606142138.244		7101	3244	80	3464	313	6553	79	157	0	200
1606142138.494		6395	2300	130	3794	171	5944	79	157	0	200
1606142138.744		7219	2609	65	4355	190	6839	79	157	0	200
1606142138.994		7458	3266	36	4060	96	7151	79	157	0	200
1606142139.244		7431	2302	31	4487	611	6614	79	157	0	200
1606142139.494		6747	2338	43	4262	104	6396	79	157	0	200
1606142139.744		7699	2237	42	5275	145	7360	79	157	0	200
1606142139.994		6889	2179	69	4405	236	6559	79	157	0	200
1606142140.244		10050	5125	67	4721	137	9614	79	157	0	200
1606142140.495		6040	2159	34	3722	125	5756	79	157	0	200
1606142140.744		6462	2267	89	4044	62	6136	79	157	0	200
1606142140.994		6568	2539	44	3915	70	6309	79	157	0	200
1606142141.244		8281	2636	36	5496	113	7983	79	157	0	200
1606142141.494		6582	2117	55	4267	143	6250	79	157	0	200
1606142141.744		6506	2719	54	3632	101	6187	79	157	0	200
1606142141.994		5815	2104	144	3437	130	5421	79	157	0	200
1606142142.244		6178	2309	59	3701	109	5892	79	157	0	200
1606142142.494		5945	2035	74	3441	395	5612	79	157	0	200
1606142142.744		7534	2600	72	4660	202	7098	79	157	0	200
1606142142.994		8368	2617	104	5557	90	7972	79	157	0	200
1606142143.244		7478	2995	60	3693	730	7177	79	157	0	200
1606142143.494		6392	2422	63	3744	163	5859	79	157	0	200
1606142143.744		6997	2470	77	4352	98	6657	79	157	0	200
1606142143.995		6435	2130	78	3993	234	5980	79	157	0	200
1606142144.244		8669	2070	38	6418	143	8281	79	157	0	200
1606142144.494		8208	3463	34	4612	99	7878	79	157	0	200
1606142144.744		6980	2139	71	4661	109	6646	79	157	0	200
1606142144.994		10421	2876	33	7414	98	10137	79	157	0	200
1606142145.244		6140	2061	36	3928	115	5796	79	157	0	200
1606142145.494		7344	2778	30	4417	119	6990	79	157	0	200
1606142145.744		6061	2169	35	3763	94	5778	79	157	0	200
1606142145.994		6379	2147	95	4010	127	6028	79	157	0	200
1606142146.244		7221	3631	63	3303	224	6791	79	157	0	200
1606142146.494		6120	2464	65	3466	125	5759	79	157	0	200
1606142146.744		6588	2420	42	3956	170	6218	79	157	0	200
1606142146.995		7435	3184	94	4053	104	7073	79	157	0	200
1606142147.244		6668	2081	38	4430	119	6362	79	157	0	200
1606142147.494		10722	3006	60	7554	102	10394	79	157	0	200
1606142147.745		22043	2576	64	19313	90	21562	79	157	0	200
1606142147.994		7322	2426	61	4594	241	6858	79	157	0	200
1606142148.244		6390	2380	87	3809	114	6022	79	157	0	200
1606142148.494		13447	2418	95	10834	100	13082	79	157	0	200
1606142148.744		6778	2131	77	4401	169	6365	79	157	0	200
1606142148.994		8103	3633	42	4364	64	7846	79	157	0	200
1606142149.244		7519	3681	57	3485	296	7024	79	157	0	200
1606142149.386		16600	3250	48	13215	87	16288	79	157	0	200
1606142149.529		18877	4190	40	14515	132	18298	79	157	0	200
1606142149.672		21263	8531	66	12554	112	20874	79	157	0	200
1606142149.817		20437	4984	2779	12584	90	17162	79	157	0	200
1606142149.958		8112	2205	52	5784	71	7866	79	157	0	200
1606142150.101		11813	3224	36	8457	96	11532	79	157	0	200
1606142150.244		6183	2265	49	3769	100	5869	79	157	0	200
1606142150.387		9887	2818	38	6919	112	9571	79	157	0	200
1606142150.529		22791	2261	180	20094	256	22174	79	157	0	200
1606142150.672		13708	3142	37	10410	119	13078	79	157	0	200
1606142150.815		7162	2545	38	4219	360	6582	79	157	0	200
1606142150.958		8887	2373	38	6370	106	8540	79	157	0	200
1606142151.101		9751	2767	33	6831	120	9433	79	157	0	200
1606142151.244		11804	5147	308	6282	67	11215	79	157	0	200
1606142151.386		10660	4212	40	6293	115	10344	79	157	0	200
1606142151.529		8656	2612	264	5683	97	8150	79	157	0	200
1606142151.672		7862	3701	40	3969	152	7244	79	157	0	200
1606142151.815		6177	2092	36	3890	159	5816	79	157	0	200
1606142151.958		59701	40794	69	18736	102	59276	79	157	0	200
1606142152.101		7860	2480	195	5029	156	7363	79	157	0	200
1606142152.244		7127	3196	59	3334	538	6769	79	157	0	200
1606142152.386		7274	2499	43	4630	102	6951	79	157	0	200
1606142152.529		7683	2944	200	4442	97	7208	79	157	0	200
1606142152.672		6361	2360	40	3862	99	6063	79	157	0	200
1606142152.816		8702	2538	71	5985	108	8372	79	157	0	200
1606142152.958		6849	2503	36	4234	76	6567	79	157	0	200
1606142153.101		8822	2777	212	5724	109	8234	79	157	0	200
1606142153.244		7372	3144	134	3947	147	6850	79	157	0	200
1606142153.386		7524	3290	293	3814	127	6957	79	157	0	200
1606142153.529		6211	2426	36	3655	94	5934	79	157	0	200
1606142153.673		6100	2211	68	3666	155	5707	79	157	0	200
1606142153.815		6869	2775	165	3785	144	6389	79	157	0	200
1606142153.959		6604	2166	289	3947	202	5980	79	157	0	200
1606142154.101		7991	1856	37	5910	188	7534	79	157	0	200
1606142154.244		5947	1962	71	3809	105	5650	79	157	0	200
1606142154.386		8231	3875	43	4211	102	7912	79	157	0	200
1606142154.529		6621	3034	51	3419	117	6302	79	157	0	200
1606142154.672		6896	2228	34	4490	144	6433	79	157	0	200
1606142154.815		8188	2153	57	5883	95	7855	79	157	0	200
1606142154.958		7313	1959	63	3758	1533	6945	79	157	0	200
1606142155.101		7885	2468	90	5231	96	7515	79	157	0	200
1606142155.244		5996	2099	71	3734	92	5632	79	157	0	200
1606142155.386		6084	2354	35	3615	80	5823	79	157	0	200
1606142155.529		6248	2459	52	3598	139	5935	79	157	0	200
1606142155.672		7022	2110	38	4730	144	6704	79	157	0	200
1606142155.815		6769	2522	31	4044	172	6436	79	157	0	200
1606142155.958		6535	2522	35	3883	95	6223	79	157	0	200
1606142156.101		6933	2734	52	3964	183	6516	79	157	0	200
1606142156.244		5932	2495	33	3232	172	5567	79	157	0	200
1606142156.386		6399	2193	81	3973	152	6041	79	157	0	200
1606142156.529		5744	1895	29	3652	168	5424	79	157	0	200
1606142156.672		5717	2373	35	3211	98	5430	79	157	0	200
1606142156.816		6624	2309	178	3520	617	5969	79	157	0	200
1606142156.958		6701	2369	35	4187	110	6304	79	157	0	200
1606142157.101		5683	2029	36	3452	166	5352	79	157	0	200
1606142157.244		6288	2274	34	3887	93	5992	79	157	0	200
1606142157.386		39208	29236	79	9742	151	38798	79	157	0	200
1606142157.529		31522	6671	35	24749	67	30586	79	157	0	200
1606142157.672		7291	2425	77	4681	108	6972	79	157	0	200
1606142157.815		11668	4942	54	6534	138	11320	79	157	0	200
1606142157.958		5704	2199	34	3364	107	5419	79	157	0	200
1606142158.102		7519	2694	30	3791	1004	7190	79	157	0	200
1606142158.244		6700	3151	51	3428	70	6461	79	157	0	200
1606142158.386		7305	3355	36	3819	95	6989	79	157	0	200
1606142158.529		6371	2426	39	3838	68	6102	79	157	0	200
1606142158.673		6689	2085	32	4447	125	6394	79	157	0	200
1606142158.815		7058	2398	33	4457	170	6670	79	157	0	200
1606142158.958		7741	2167	65	5437	72	7448	79	157	0	200
1606142159.101		6931	2812	34	3880	205	6551	79	157	0	200
1606142159.244		6215	2298	123	3691	103	5844	79	157	0	200
1606142159.386		5827	2039	226	3466	96	5355	79	157	0	200
1606142159.529		6913	1887	35	4840	151	6596	79	157	0	200
1606142159.672		39035	3328	34	35567	106	38737	79	157	0	200
1606142159.815		7759	2280	75	5297	107	7305	79	157	0	200
1606142159.958		6171	2179	39	3814	139	5834	79	157	0	200
1606142160.101		6499	2797	34	3570	98	6216	79	157	0	200
1606142160.244		6128	2606	88	3342	92	5803	79	157	0	200
1606142160.386		6615	2146	261	3957	251	5948	79	157	0	200
1606142160.529		6062	2412	35	3492	123	5714	79	157	0	200
1606142160.672		6926	3162	66	3602	96	6586	79	157	0	200
1606142160.815		8961	2340	72	6456	93	8660	79	157	0	200
1606142160.958		7367	2594	65	4599	109	6862	79	157	0	200
1606142161.101		6104	2574	37	3394	99	5826	79	157	0	200
1606142161.244		9499	3322	65	3833	2279	9151	79	157	0	200
1606142161.387		6906	2242	50	4441	173	6384	79	157	0	200
1606142161.529		5897	2510	39	3201	147	5544	79	157	0	200
1606142161.672		6258	2218	32	3900	108	5964	79	157	0	200
1606142161.815		6332	2136	43	4092	61	6023	79	157	0	200
1606142161.958		6737	2538	60	4010	129	6411	79	157	0	200
1606142162.101		6759	2650	32	3974	103	6462	79	157	0	200
1606142162.244		6488	2985	98	3318	87	6157	79	157	0	200
1606142162.386		6010	2051	38	3825	96	5660	79	157	0	200
1606142162.529		8078	3285	34	4652	107	7791	79	157	0	200
1606142162.672		8274	3412	71	4653	138	7887	79	157	0	200
1606142162.815		6519	2114	42	4238	125	6216	79	157	0	200
1606142162.958		5608	2070	72	3355	111	5267	79	157	0	200
1606142163.101		7048	2443	46	4385	174	6665	79	157	0	200
1606142163.244		9204	2543	69	6455	137	8845	79	157	0	200
1606142163.387		7061	2587	39	4326	109	6631	79	157	0	200
1606142163.529		9435	1816	73	7440	106	9124	79	157	0	200
1606142163.672		7603	2380	72	4659	492	7222	79	157	0	200
1606142163.816		6198	2229	61	3809	99	5823	79	157	0	200
1606142163.959		6769	2378	61	4139	191	6358	79	157	0	200
1606142164.101		5926	1966	64	3813	83	5612	79	157	0	200
1606142164.244		8226	3590	76	4438	122	7884	79	157	0	200
1606142164.386		6143	2184	33	3831	95	5903	79	157	0	200
1606142164.529		6463	2230	106	3921	206	6049	79	157	0	200
1606142164.672		6309	2156	103	3955	95	5920	79	157	0	200
1606142164.814		7720	2208	51	5346	115	7366	79	157	0	200
1606142164.958		6006	2233	84	3592	97	5509	79	157	0	200
1606142165.101		10178	2369	132	7589	88	9800	79	157	0	200
1606142165.244		8568	2862	104	5488	114	8191	79	157	0	200
1606142165.386		7537	2461	76	4913	87	7217	79	157	0	200
1606142165.529		7253	2316	27	4808	102	7000	79	157	0	200
1606142165.672		6577	2040	72	4361	104	6283	79	157	0	200
1606142165.816		6649	2938	25	3583	103	6374	79	157	0	200
1606142165.959		7103	2800	72	4071	160	6719	79	157	0	200
1606142166.101		8236	2311	66	5760	99	7929	79	157	0	200
1606142166.243		5570	2118	172	3211	69	5180	79	157	0	200
1606142166.386		6852	2199	52	4410	191	6399	79	157	0	200
1606142166.529		6009	2128	36	3738	107	5693	79	157	0	200
1606142166.672		6103	2477	71	3427	128	5707	79	157	0	200
1606142166.815		7832	4155	78	3496	103	7493	79	157	0	200
1606142166.958		6742	2137	37	4500	68	6472	79	157	0	200
1606142167.101		10913	2690	60	8033	130	10553	79	157	0	200
1606142167.244		9813	3599	80	6021	113	9482	79	157	0	200
1606142167.386		5696	2031	36	3513	116	5415	79	157	0	200
1606142167.529		6510	2359	36	3951	164	6157	79	157	0	200
1606142167.672		6446	2438	63	3796	149	6074	79	157	0	200
1606142167.815		7324	3717	48	3427	132	6966	79	157	0	200
1606142167.958		6210	2423	37	3458	292	5882	79	157	0	200
1606142168.102		10220	2566	34	4825	2795	9512	79	157	0	200
1606142168.244		7224	2237	130	4777	80	6859	79	157	0	200
1606142168.386		6478	2254	70	4053	101	6065	79	157	0	200
1606142168.528		5945	2001	59	3822	63	5640	79	157	0	200
1606142168.672		6016	2142	37	3652	185	5655	79	157	0	200
1606142168.815		6424	2635	45	3641	103	6126	79	157	0	200
1606142168.958		6255	2380	67	3702	106	5936	79	157	0	200
1606142169.101		5854	2093	75	3570	116	5540	79	157	0	200
1606142169.244		7015	2362	77	4471	105	6694	79	157	0	200
1606142169.387		5643	2227	70	3210	136	5272	79	157	0	200
1606142169.529		6449	2389	36	3838	186	6069	79	157	0	200
1606142169.672		6329	2131	77	4021	100	5991	79	157	0	200
1606142169.815		5779	2332	44	3187	216	5417	79	157	0	200
1606142169.958		6246	2425	37	3657	127	5926	79	157	0	200
1606142170.101		5731	1876	94	3608	153	5321	79	157	0	200
1606142170.244		7670	3620	64	3785	201	7251	79	157	0	200
1606142170.386		6160	2357	32	3677	94	5883	79	157	0	200
1606142170.529		5809	2087	38	3591	93	5549	79	157	0	200
1606142170.673		6940	2260	54	4402	224	6504	79	157	0	200
1606142170.827		11330	3857	51	7324	98	11015	79	157	0	200
1606142170.958		6959	2364	35	4447	113	6637	79	157	0	200
1606142171.101		11967	5525	35	6304	103	11628	79	157	0	200
1606142171.244		14776	4536	95	10084	61	14379	79	157	0	200
1606142171.386		5446	1982	38	3286	140	5095	79	157	0	200
1606142171.529		7647	2302	67	5170	108	7299	79	157	0	200
1606142171.672		6195	2389	36	3675	95	5881	79	157	0	200
1606142171.815		9183	4811	38	4202	132	8845	79	157	0	200
1606142171.958		6208	2146	37	3765	260	5748	79	157	0	200
1606142172.101		7054	2306	35	4615	98	6775	79	157	0	200
1606142172.244		8825	2393	40	6320	72	8539	79	157	0	200
1606142172.386		9749	2430	39	7182	98	9397	79	157	0	200
1606142172.530		5894	2238	35	3463	158	5555	79	157	0	200
1606142172.672		8520	3419	66	4920	115	8014	79	157	0	200
1606142172.815		19669	3221	37	16241	170	19191	79	157	0	200
1606142172.958		5593	1988	39	3453	113	5318	79	157	0	200
1606142173.101		6850	2297	33	4433	87	6563	79	157	0	200
1606142173.244		10344	3467	63	6740	74	10033	79	157	0	200
1606142173.386		10255	2556	72	7520	107	9936	79	157	0	200
1606142173.530		9491	4504	36	4778	173	9129	79	157	0	200
1606142173.672		11418	2476	98	8653	191	10883	79	157	0	200
1606142173.816		12683	4835	37	7706	105	12356	79	157	0	200
1606142173.958		12796	3424	37	9233	102	12472	79	157	0	200
1606142174.101		14022	3602	184	10020	216	13437	79	157	0	200
1606142174.244		22996	3271	38	19613	74	22741	79	157	0	200
1606142174.387		13879	3417	62	10222	178	13478	79	157	0	200
1606142174.530		6653	2433	42	4072	106	6339	79	157	0	200
1606142174.671		7569	2019	99	5357	94	7237	79	157	0	200
1606142174.815		5922	2105	61	3630	126	5475	79	157	0	200
1606142174.958		7883	2358	83	5338	104	7542	79	157	0	200
1606142175.101		6468	2262	43	4065	98	6182	79	157	0	200
1606142175.244		7871	3178	35	4543	115	7572	79	157	0	200
1606142175.386		6875	2646	43	4038	148	6532	79	157	0	200
1606142175.529		6021	2244	51	3633	93	5734	79	157	0	200
1606142175.672		6231	2439	74	3618	100	5894	79	157	0	200
1606142175.815		12960	4388	62	8415	95	11614	79	157	0	200
1606142175.958		28583	13302	112	14956	213	28023	79	157	0	200
1606142176.101		7414	2528	68	4718	100	7121	79	157	0	200
1606142176.244		8638	3753	75	4667	143	8272	79	157	0	200
1606142176.386		6885	2455	92	4236	102	6539	79	157	0	200
1606142176.529		7687	3344	101	4164	78	7277	79	157	0	200
1606142176.672		6841	2083	63	4514	181	6435	79	157	0	200
1606142176.816		6579	2054	36	4393	96	6281	79	157	0	200
1606142176.958		6417	2488	119	3672	138	5987	79	157	0	200
1606142177.101		14692	2902	94	11628	68	14365	79	157	0	200
1606142177.244		6928	3075	154	3634	65	6555	79	157	0	200
1606142177.386		5394	2191	36	3060	107	5106	79	157	0	200
1606142177.529		6407	2761	63	3490	93	6125	79	157	0	200
1606142177.672		6215	2172	31	3939	73	5974	79	157	0	200
1606142177.815		5762	2045	29	3595	93	5503	79	157	0	200
1606142177.958		7955	2296	69	5484	106	7632	79	157	0	200
1606142178.101		23218	3196	33	19901	88	22911	79	157	0	200
1606142178.244		15387	2206	62	12894	225	14956	79	157	0	200
1606142178.386		5531	2331	28	3067	105	5216	79	157	0	200
1606142178.529		12875	4899	152	7593	231	12223	79	157	0	200
1606142178.672		16381	4883	34	11339	125	16087	79	157	0	200
1606142178.815		11131	2736	71	8262	62	10814	79	157	0	200
1606142178.958		8908	2346	34	6427	101	8626	79	157	0	200
1606142179.101		6594	2410	42	4039	103	6286	79	157	0	200
1606142179.244		21676	5863	59	15689	65	21404	79	157	0	200
1606142179.386		15284	2374	49	12719	142	14825	79	157	0	200
1606142179.530		14923	4528	96	10049	250	14348	79	157	0	200
1606142179.674		42772	3004	66	39549	153	42290	79	157	0	200
1606142179.815		295895	117789	91	177877	138	295500	79	157	0	200
1606142179.958		180902	116251	65	64488	98	180512	79	157	0	200
1606142180.101		91696	21943	147	69429	177	91199	79	157	0	200
1606142180.244		21198	13541	37	7485	135	20779	79	157	0	200
1606142180.391		51093	20597	89	30310	97	50761	79	157	0	200
1606142180.529		9622	5828	41	3487	266	5944	79	157	0	200
1606142180.672		6629	2066	34	4392	137	6312	79	157	0	200
1606142180.816		7372	2513	40	4718	101	7078	79	157	0	200
1606142180.958		7134	2363	70	3023	1678	6709	79	157	0	200
1606142181.101		6522	2194	41	3588	699	6060	79	157	0	200
1606142181.244		7736	2560	43	4899	234	7296	79	157	0	200
1606142181.387		5863	2245	35	3509	74	5557	79	157	0	200
1606142181.529		6306	2442	66	3703	95	5901	79	157	0	200
1606142181.672		6505	2359	121	3894	131	6120	79	157	0	200
1606142181.815		6433	2489	60	3768	116	5889	79	157	0	200
1606142181.958		6317	2419	78	3756	64	6015	79	157	0	200
1606142182.101		6699	2658	39	3887	115	6376	79	157	0	200
1606142182.244		8037	3382	70	4423	162	7634	79	157	0	200
1606142182.386		6860	2328	76	4329	127	6490	79	157	0	200
1606142182.529		6179	2469	69	3353	288	5653	79	157	0	200
1606142182.672		6028	2178	37	3730	83	5757	79	157	0	200
1606142182.815		6269	2221	141	3717	190	5779	79	157	0	200
1606142182.958		6194	2269	66	3737	122	5842	79	157	0	200
1606142183.101		5988	2350	75	3422	141	5602	79	157	0	200
1606142183.244		7654	2695	34	4822	103	7309	79	157	0	200
1606142183.386		7061	2209	44	4704	104	6770	79	157	0	200
1606142183.529		15993	5586	46	10283	78	15487	79	157	0	200
1606142183.672		7398	1998	37	5017	346	6847	79	157	0	200
1606142183.815		8894	2550	35	4325	1984	6677	79	157	0	200
1606142183.959		7495	2893	67	4425	110	7175	79	157	0	200
1606142184.101		6005	2281	69	3464	191	5544	79	157	0	200
1606142184.244		7332	2328	96	4802	106	6810	79	157	0	200
1606142184.386		6725	2765	29	3736	195	6365	79	157	0	200
1606142184.529		5938	2021	30	3800	87	5625	79	157	0	200
1606142184.672		6972	2606	32	4044	290	6491	79	157	0	200
1606142184.815		7265	2475	199	4439	152	6663	79	157	0	200
1606142184.958		6142	1997	87	3800	258	5663	79	157	0	200
1606142185.102		6585	1948	37	3642	958	6183	79	157	0	200
1606142185.244		8597	3823	72	4637	65	8295	79	157	0	200
1606142185.386		7020	2540	110	3610	760	6389	79	157	0	200
1606142185.529		36545	21790	85	14539	131	36132	79	157	0	200
1606142185.672		8332	2557	36	5672	67	8069	79	157	0	200
1606142185.815		6786	2426	60	4167	133	6351	79	157	0	200
1606142185.958		6131	2226	34	3696	175	5769	79	157	0	200
1606142186.102		8581	2246	61	6166	108	8261	79	157	0	200
1606142186.244		10214	3055	35	6850	274	9286	79	157	0	200
1606142186.386		8614	3918	39	4534	123	8311	79	157	0	200
1606142186.529		5875	2292	39	3257	287	5527	79	157	0	200
1606142186.672		25441	14833	36	10381	191	25029	79	157	0	200
1606142186.820		20781	10956	112	9601	112	19464	79	157	0	200
1606142186.959		11585	2780	69	8618	118	11237	79	157	0	200
1606142187.101		23700	12548	68	10954	130	23342	79	157	0	200
1606142187.244		12823	4518	38	8160	107	12350	79	157	0	200
1606142187.386		10564	2691	79	7568	226	10078	79	157	0	200
1606142187.529		10649	3187	63	6374	1025	10075	79	157	0	200
1606142187.672		15827	2330	137	13223	137	15388	79	157	0	200
1606142187.815		11425	5149	314	5599	363	10730	79	157	0	200
1606142187.959		8247	2342	96	5631	178	7825	79	157	0	200
1606142188.101		6652	2613	61	3853	125	6314	79	157	0	200
1606142188.244		29600	14790	132	14514	164	29152	79	157	0	200
1606142188.386		6682	2281	66	4168	167	6213	79	157	0	200
1606142188.530		18117	9845	130	8039	103	17613	79	157	0	200
1606142188.672		5933	2210	45	3578	100	5628	79	157	0	200
1606142188.815		5864	2115	62	3408	279	5473	79	157	0	200
1606142188.958		7836	2222	66	5408	140	7504	79	157	0	200
1606142189.101		5323	1823	36	3372	92	5052	79	157	0	200
1606142189.245		7139	2424	66	4463	186	6697	79	157	0	200
1606142189.386		28241	13528	365	14182	166	27564	79	157	0	200
1606142189.529		40943	11218	101	29527	97	40444	79	157	0	200
1606142189.672		9374	2600	141	6533	100	8940	79	157	0	200
1606142189.815		5739	2181	70	3383	105	5379	79	157	0	200
1606142189.959		28766	12337	36	16311	82	23515	79	157	0	200
1606142190.101		7064	2281	35	4575	173	6674	79	157	0	200
1606142190.244		11749	6606	75	4895	173	11306	79	157	0	200
1606142190.386		6925	2405	70	4328	122	6584	79	157	0	200
1606142190.529		7250	3283	169	3694	104	6766	79	157	0	200
1606142190.674		21611	8690	345	12415	161	20750	79	157	0	200
1606142190.815		9435	5141	75	4095	124	8927	79	157	0	200
1606142190.958		14560	5985	123	8388	64	14150	79	157	0	200
1606142191.101		7365	2942	65	4252	106	7015	79	157	0	200
1606142191.244		8691	4038	102	4450	101	8330	79	157	0	200
1606142191.387		5995	2472	38	3392	93	5701	79	157	0	200
1606142191.529		9635	4501	44	4937	153	9269	79	157	0	200
1606142191.672		13333	2797	69	10357	110	12999	79	157	0	200
1606142191.815		15226	5005	63	10002	156	14825	79	157	0	200
1606142191.958		21319	6191	87	14942	99	20980	79	157	0	200
1606142192.101		13963	2264	82	7427	4190	13539	79	157	0	200
1606142192.246		10730	4540	87	6001	102	10043	79	157	0	200
1606142192.386		39681	19993	38	19564	86	39355	79	157	0	200
1606142192.529		28382	12887	153	15193	149	27891	79	157	0	200
1606142192.672		9115	3368	41	5629	77	8835	79	157	0	200
1606142192.815		8292	4051	33	4093	115	7781	79	157	0	200
1606142192.958		6211	2319	35	3759	98	5919	79	157	0	200
1606142193.101		6963	2429	50	4267	217	6540	79	157	0	200
1606142193.244		6136	2164	102	3366	504	5710	79	157	0	200
1606142193.386		7216	2255	108	4668	185	6759	79	157	0	200
1606142193.529		19629	12872	92	6490	175	19215	79	157	0	200
1606142193.672		59191	35023	118	23960	90	58801	79	157	0	200
1606142193.815		6910	2266	32	4472	140	6390	79	157	0	200
1606142193.959		9195	2432	73	6557	133	8814	79	157	0	200
1606142194.101		22498	2748	38	19503	209	22092	79	157	0	200
1606142194.244		10892	6363	70	4355	104	10551	79	157	0	200
1606142194.386		6316	2336	73	3794	113	5974	79	157	0	200
1606142194.529		8389	3560	223	4508	98	7923	79	157	0	200
1606142194.672		7215	2469	92	4552	102	6866	79	157	0	200
1606142194.816		8398	3258	71	4968	101	8056	79	157	0	200
1606142194.958		14028	7428	74	6429	97	13702	79	157	0	200
1606142195.101		6679	2236	114	4045	284	6140	79	157	0	200
1606142195.244		10471	3484	85	6691	211	9960	79	157	0	200
1606142195.386		12356	3413	135	8705	103	11965	79	157	0	200
1606142195.529		12512	2305	38	10081	88	12229	79	157	0	200
1606142195.672		13911	2526	190	11101	94	13451	79	157	0	200
1606142195.815		5863	2332	86	3333	112	5491	79	157	0	200
1606142195.959		6380	2565	33	3658	124	6059	79	157	0	200
1606142196.101		6007	2185	30	3690	102	5753	79	157	0	200
1606142196.244		11407	3523	34	7456	394	11041	79	157	0	200
1606142196.386		9808	3115	86	6423	184	9310	79	157	0	200
1606142196.529		5825	1979	277	3475	94	5289	79	157	0	200
1606142196.672		8062	2387	32	5361	282	7604	79	157	0	200
1606142196.816		6319	2538	34	3663	84	6045	79	157	0	200
1606142196.958		11007	2437	38	8364	168	10578	79	157	0	200
1606142197.101		6844	2208	107	4342	187	6367	79	157	0	200
1606142197.244		7780	3270	79	4295	136	7352	79	157	0	200
1606142197.386		7995	2400	37	3262	2296	7545	79	157	0	200
1606142197.529		21955	8659	1849	11332	115	19739	79	157	0	200
1606142197.672		6520	2309	33	4051	127	6210	79	157	0	200
1606142197.815		8140	4315	39	3680	106	7697	79	157	0	200
1606142197.957		7391	3224	36	4025	106	7115	79	157	0	200
1606142198.101		13927	7430	269	6110	118	13222	79	157	0	200
1606142198.244		9933	3085	61	6683	104	9597	79	157	0	200
1606142198.386		10372	2693	43	7402	234	9904	79	157	0	200
1606142198.529		25068	10612	66	14313	77	24737	79	157	0	200
1606142198.672		16077	4202	87	11694	94	15741	79	157	0	200
1606142198.815		7019	2650	37	4194	138	6705	79	157	0	200
1606142198.958		5710	2388	67	3175	80	5396	79	157	0	200
1606142199.101		6204	2248	171	3640	145	5703	79	157	0	200
1606142199.244		10943	3001	32	7562	348	10376	79	157	0	200
1606142199.386		7035	1896	31	4940	168	6643	79	157	0	200
1606142199.529		8880	3461	409	4849	161	8125	79	157	0	200
1606142199.672		13939	5494	198	7940	307	13260	79	157	0	200
1606142199.815		6993	2171	162	3653	1007	6492	79	157	0	200
1606142199.958		6920	2272	208	4330	110	6433	79	157	0	200
1606142200.101		9073	2023	208	6724	118	8546	79	157	0	200
1606142200.244		7784	3688	83	3884	129	7431	79	157	0	200
1606142200.386		7918	2328	115	5408	67	7582	79	157	0	200
1606142200.529		6015	2346	86	3472	111	5623	79	157	0	200
1606142200.672		6326	2332	36	3849	109	6009	79	157	0	200
1606142200.815		7225	2663	36	4423	103	6913	79	157	0	200
1606142200.958		88683	46431	58	42067	127	88304	79	157	0	200
1606142201.101		9855	3749	100	5827	179	9350	79	157	0	200
1606142201.245		6540	2193	30	4175	142	6248	79	157	0	200
1606142201.387		7429	2366	81	4888	94	7107	79	157	0	200
1606142201.529		6659	2150	89	4318	102	6245	79	157	0	200
1606142201.672		6273	2249	69	3791	164	5825	79	157	0	200
1606142201.815		5943	2427	49	3332	135	5468	79	157	0	200
1606142201.958		6857	2412	103	4244	98	6502	79	157	0	200
1606142202.101		10812	2996	65	5796	1955	10426	79	157	0	200
1606142202.244		6211	2194	33	3878	106	5897	79	157	0	200
1606142202.387		6513	2223	105	4067	118	6134	79	157	0	200
1606142202.529		6597	2327	72	4086	112	6225	79	157	0	200
1606142202.673		7201	3240	30	3822	109	6817	79	157	0	200
1606142202.815		6916	3139	35	3641	101	6541	79	157	0	200
1606142202.958		7366	2292	79	4924	71	7068	79	157	0	200
1606142203.101		10403	2256	73	7974	100	10012	79	157	0	200
1606142203.245		5909	2614	67	3124	104	5580	79	157	0	200
1606142203.386		24574	2379	43	21911	241	24142	79	157	0	200
1606142203.529		21162	6172	57	14799	134	20800	79	157	0	200
1606142203.672		120708	7126	32	113451	99	120445	79	157	0	200
1606142203.815		10095	2231	77	7671	116	9742	79	157	0	200
1606142203.958		6573	2625	35	3785	128	6254	79	157	0	200
1606142204.102		7066	2451	68	4456	91	6672	79	157	0	200
1606142204.244		6760	2307	52	4302	99	6453	79	157	0	200
1606142204.386		7252	2376	122	4637	117	6815	79	157	0	200
1606142204.529		6775	2366	44	4248	117	6426	79	157	0	200
1606142204.672		6063	2283	38	3654	88	5803	79	157	0	200
1606142204.816		6353	2486	69	3508	290	5815	79	157	0	200
1606142204.958		6601	2198	37	4259	107	6299	79	157	0	200
1606142205.101		6745	2219	69	4357	100	6377	79	157	0	200
1606142205.244		6739	2537	75	3863	264	6268	79	157	0	200
1606142205.386		7951	2735	247	4876	93	7461	79	157	0	200
1606142205.529		8373	2300	36	4947	1090	8105	79	157	0	200
1606142205.672		6845	2249	63	4447	86	6517	79	157	0	200
1606142205.816		5675	2275	88	3214	98	5326	79	157	0	200
1606142205.958		5785	2138	68	3455	124	5440	79	157	0	200
1606142206.101		6033	2169	40	3692	132	5694	79	157	0	200
1606142206.244		8610	4691	65	3745	109	8284	79	157	0	200
1606142206.386		9286	2076	107	5357	1746	8902	79	157	0	200
1606142206.529		6085	2351	36	3341	357	5635	79	157	0	200
1606142206.672		6436	2435	46	3850	105	6108	79	157	0	200
1606142206.815		5857	2186	44	3509	118	5557	79	157	0	200
1606142206.958		7029	2394	65	4412	158	6645	79	157	0	200
1606142207.101		5823	1874	66	3773	110	5507	79	157	0	200
1606142207.244		10199	2817	34	7270	78	9946	79	157	0	200
1606142207.386		11446	2400	76	8618	352	10789	79	157	0	200
1606142207.529		8249	3208	35	4858	148	7907	79	157	0	200
1606142207.672		6336	2701	61	3481	93	6025	79	157	0	200
1606142207.815		5357	2067	34	3160	96	5080	79	157	0	200
1606142207.958		6286	2233	69	3884	100	5872	79	157	0	200
1606142208.101		6003	2158	32	3709	104	5717	79	157	0	200
1606142208.244		7720	3036	86	4446	152	7283	79	157	0	200
1606142208.387		6417	2103	35	4085	194	6032	79	157	0	200
1606142208.529		6355	2360	279	3595	121	5796	79	157	0	200
1606142208.673		5748	2025	33	3382	308	5254	79	157	0	200
1606142208.814		7987	2073	69	3570	2275	7610	79	157	0	200
1606142208.958		6327	2030	102	4064	131	5942	79	157	0	200
1606142209.101		6834	2154	90	4450	140	6455	79	157	0	200
1606142209.244		7207	3498	75	3458	176	6789	79	157	0	200
1606142209.344		6286	2185	35	3963	103	5996	79	157	0	200
1606142209.444		8642	2221	37	6227	157	8299	79	157	0	200
1606142209.544		5823	2113	78	3338	294	5330	79	157	0	200
1606142209.644		6092	2284	132	3503	173	5635	79	157	0	200
1606142209.744		5519	2304	48	3049	118	5176	79	157	0	200
1606142209.845		5967	2687	64	3131	85	5627	79	157	0	200
1606142209.944		6597	2088	121	4187	201	6144	79	157	0	200
1606142210.044		6145	2423	32	3595	95	5849	79	157	0	200
1606142210.144		5938	2383	33	3458	64	5686	79	157	0	200
1606142210.244		6594	2403	37	4056	98	6321	79	157	0	200
1606142210.344		5956	2361	32	3204	359	5385	79	157	0	200
1606142210.444		5937	2079	75	3634	149	5557	79	157	0	200
1606142210.544		6966	1943	84	4835	104	6653	79	157	0	200
1606142210.644		6683	2320	71	4176	116	6326	79	157	0	200
1606142210.744		7174	2973	94	3902	205	6704	79	157	0	200
1606142210.844		5845	2256	127	3359	103	5472	79	157	0	200
1606142210.944		6326	2192	121	3877	136	5932	79	157	0	200
1606142211.044		6567	2388	32	4031	116	6253	79	157	0	200
1606142211.145		7111	2233	229	4546	103	6626	79	157	0	200
1606142211.245		10969	2945	39	7912	73	10682	79	157	0	200
1606142211.345		8154	2765	66	5196	127	7691	79	157	0	200
1606142211.444		6850	2407	152	4183	108	6391	79	157	0	200
1606142211.544		7015	2421	35	4458	101	6646	79	157	0	200
1606142211.644		7436	2424	73	4804	135	7066	79	157	0	200
1606142211.744		12463	2846	96	3911	5610	11998	79	157	0	200
1606142211.844		8431	2605	68	5647	111	8072	79	157	0	200
1606142211.944		6931	2503	37	4251	140	6555	79	157	0	200
1606142212.044		6498	2452	58	3890	98	6155	79	157	0	200
1606142212.144		6051	2498	40	3445	68	5786	79	157	0	200
1606142212.245		6396	2771	54	3450	121	5992	79	157	0	200
1606142212.344		6961	2547	62	4236	116	6545	79	157	0	200
1606142212.444		5968	2393	48	3374	153	5629	79	157	0	200
1606142212.544		5685	2240	70	3307	68	5358	79	157	0	200
1606142212.644		5794	2212	159	3322	101	5394	79	157	0	200
1606142212.745		6768	2134	35	4462	137	6450	79	157	0	200
1606142212.844		5866	2389	34	3365	78	5593	79	157	0	200
1606142212.944		5956	2236	44	3505	171	5559	79	157	0	200
1606142213.044		5989	2193	43	3647	106	5688	79	157	0	200
1606142213.144		5568	1986	103	3329	150	5142	79	157	0	200
1606142213.244		5718	2114	136	3377	91	5347	79	157	0	200
1606142213.344		9053	4588	60	4326	79	8698	79	157	0	200
1606142213.461		31578	4728	121	26625	104	31034	79	157	0	200
1606142213.544		14773	5755	223	8614	181	14162	79	157	0	200
1606142213.643		6544	2541	36	3865	102	6138	79	157	0	200
1606142213.745		9188	2937	47	6058	146	8831	79	157	0	200
1606142213.844		7841	2367	140	5192	142	7397	79	157	0	200
1606142213.944		7467	2893	64	4131	379	6860	79	157	0	200
1606142214.044		7278	2216	91	4833	138	6753	79	157	0	200
1606142214.144		5573	2478	32	2945	118	5283	79	157	0	200
1606142214.244		6418	2170	39	3758	451	5794	79	157	0	200
1606142214.344		6337	2162	39	4038	98	6062	79	157	0	200
1606142214.444		5563	2232	61	3167	103	5216	79	157	0	200
1606142214.544		5609	2258	35	3232	84	5347	79	157	0	200
1606142214.645		6002	2338	35	3495	134	5500	79	157	0	200
1606142214.745		5600	1934	34	3508	124	5279	79	157	0	200
1606142214.844		5772	2388	27	3253	104	5395	79	157	0	200
1606142214.944		6132	2257	67	3714	94	5816	79	157	0	200
1606142215.044		6160	2428	61	3597	74	5881	79	157	0	200
1606142215.144		6354	1992	33	4227	102	6060	79	157	0	200
1606142215.244		7814	3335	114	4233	132	7375	79	157	0	200
1606142215.344		6963	2491	34	4269	169	6599	79	157	0	200
1606142215.444		5854	2145	31	3561	117	5453	79	157	0	200
1606142215.544		5532	2054	64	3340	74	5242	79	157	0	200
1606142215.644		6071	2045	35	3840	151	5742	79	157	0	200
1606142215.745		7156	2488	96	4470	102	6667	79	157	0	200
1606142215.844		8841	2373	132	6224	112	8332	79	157	0	200
1606142215.944		5756	2175	41	3426	114	5453	79	157	0	200
1606142216.044		6337	2355	36	3845	101	6045	79	157	0	200
1606142216.144		6822	2376	66	4198	182	6399	79	157	0	200
1606142216.244		8030	2467	146	3315	2102	7289	79	157	0	200
1606142216.344		6967	2246	63	4394	264	6498	79	157	0	200
1606142216.444		6574	2147	39	4282	106	6273	79	157	0	200
1606142216.544		6069	2238	38	3696	97	5768	79	157	0	200
1606142216.644		6431	2423	61	3541	406	6074	79	157	0	200
1606142216.744		6019	2219	46	3654	100	5745	79	157	0	200
1606142216.844		6677	2229	41	4211	196	6298	79	157	0	200
1606142216.945		6656	2542	62	3950	102	6302	79	157	0	200
1606142217.044		5909	2228	34	3550	97	5632	79	157	0	200
1606142217.144		5647	2034	31	3482	100	5379	79	157	0	200
1606142217.244		6440	2371	63	3784	222	6004	79	157	0	200
1606142217.344		6913	2150	40	4617	106	6597	79	157	0	200
1606142217.444		6148	2017	69	3301	761	5820	79	157	0	200
1606142217.544		5612	2004	70	3464	74	5317	79	157	0	200
1606142217.644		6040	2264	68	3638	70	5732	79	157	0	200
1606142217.744		6553	2338	36	4077	102	6276	79	157	0	200
1606142217.844		8368	2231	400	5558	179	7613	79	157	0	200
1606142217.944		6149	2622	48	3372	107	5840	79	157	0	200
1606142218.044		5881	2274	106	3402	99	5537	79	157	0	200
1606142218.144		5475	1971	39	3397	68	5234	79	157	0	200
1606142218.244		22466	3434	79	18065	888	21328	79	157	0	200
1606142218.344		7142	1972	36	5004	130	6856	79	157	0	200
1606142218.444		8774	1819	32	5252	1671	7213	79	157	0	200
1606142218.544		5894	2368	172	3259	95	5480	79	157	0	200
1606142218.644		5788	2205	83	3353	147	5333	79	157	0	200
1606142218.745		9312	2533	101	6608	70	8993	79	157	0	200
1606142218.844		21633	2186	34	19182	231	21205	79	157	0	200
1606142218.944		7184	3442	46	3067	629	6788	79	157	0	200
1606142219.044		10563	3706	53	6698	106	10264	79	157	0	200
1606142219.144		11982	4618	93	7167	104	11379	79	157	0	200
1606142219.244		7891	3390	671	3757	73	6879	79	157	0	200
1606142219.344		6752	2039	35	4578	100	6472	79	157	0	200
1606142219.444		12210	2893	73	9126	118	11861	79	157	0	200
1606142219.544		5690	1984	258	3369	79	5207	79	157	0	200
1606142219.645		6055	2407	230	3330	88	5599	79	157	0	200
1606142219.745		10589	3623	62	6780	124	10131	79	157	0	200
1606142219.845		26500	16462	39	9898	101	26065	79	157	0	200
1606142219.944		21507	16365	106	4830	206	20980	79	157	0	200
1606142220.045		19572	2446	156	16873	97	19057	79	157	0	200
1606142220.144		14108	3533	84	10346	145	13401	79	157	0	200
1606142220.244		16930	2703	57	14068	102	16608	79	157	0	200
1606142220.344		12288	3623	1302	7208	155	10612	79	157	0	200
1606142220.444		10680	2302	194	8110	74	10251	79	157	0	200
1606142220.544		5433	1943	38	3365	87	5174	79	157	0	200
1606142220.644		10836	2591	61	8002	182	10362	79	157	0	200
1606142220.744		17337	11224	43	5970	100	17041	79	157	0	200
1606142220.845		12212	3365	62	8531	254	11723	79	157	0	200
1606142220.944		11148	2194	37	8794	123	10818	79	157	0	200
1606142221.044		19109	2618	96	16300	95	18724	79	157	0	200
1606142221.144		5646	2335	63	3113	135	5300	79	157	0	200
1606142221.244		10182	3982	73	6011	116	9745	79	157	0	200
1606142221.344		6971	2383	31	4405	152	6523	79	157	0	200
1606142221.445		6977	2350	174	4338	115	6551	79	157	0	200
1606142221.544		6262	2134	41	3950	137	5944	79	157	0	200
1606142221.644		5963	2431	32	3380	120	5665	79	157	0	200
1606142221.745		8490	2386	67	5972	65	8231	79	157	0	200
1606142221.844		5811	2271	37	3410	93	5547	79	157	0	200
1606142221.944		6161	2439	87	3518	117	5550	79	157	0	200
1606142222.044		7193	2196	56	4789	152	6788	79	157	0	200
1606142222.144		6656	2098	89	4378	91	6287	79	157	0	200
1606142222.244		7519	2375	116	4727	301	6643	79	157	0	200
1606142222.344		10913	4594	362	5671	286	9870	79	157	0	200
1606142222.444		15359	4549	250	10356	204	14723	79	157	0	200
1606142222.544		94545	55016	69	39090	370	93959	79	157	0	200
1606142222.644		28525	19458	66	8847	154	28141	79	157	0	200
1606142222.744		14612	4044	155	10287	126	14157	79	157	0	200
1606142222.845		10781	4185	97	6350	149	10379	79	157	0	200
1606142222.944		8507	3598	72	4677	160	8116	79	157	0	200
1606142223.044		6365	2304	34	3915	112	5934	79	157	0	200
1606142223.144		6172	2087	162	3850	73	5793	79	157	0	200
1606142223.244		6613	2333	31	4050	199	6220	79	157	0	200
1606142223.344		6977	2353	38	4496	90	6675	79	157	0	200
1606142223.445		34931	21405	69	13388	69	34610	79	157	0	200
1606142223.544		20917	10678	83	9978	178	20385	79	157	0	200
1606142223.644		18082	10083	84	7675	240	17443	79	157	0	200
1606142223.744		5844	2261	41	3438	104	5571	79	157	0	200
1606142223.844		9895	2690	37	7001	167	9541	79	157	0	200
1606142223.944		7240	2554	51	4524	111	6885	79	157	0	200
1606142224.044		5860	2283	68	3448	61	5455	79	157	0	200
1606142224.144		10101	3597	73	6097	334	9444	79	157	0	200
1606142224.244		12172	4314	80	7651	127	11801	79	157	0	200
1606142224.344		15767	2350	37	12465	915	15402	79	157	0	200
1606142224.444		6088	2364	41	3579	104	5792	79	157	0	200
1606142224.545		31363	2671	59	28527	106	31012	79	157	0	200
1606142224.644		13643	3461	71	9986	125	13290	79	157	0	200
1606142224.744		5454	2333	36	3010	75	5193	79	157	0	200
1606142224.844		5832	2028	36	3671	97	5542	79	157	0	200
1606142224.944		9880	2077	130	6261	1412	8180	79	157	0	200
1606142225.044		10255	3101	63	6964	127	9849	79	157	0	200
1606142225.144		5757	2354	53	3254	96	5455	79	157	0	200
1606142225.244		7291	3038	42	4081	130	6825	79	157	0	200
1606142225.344		11651	3796	66	7639	150	11288	79	157	0	200
1606142225.444		9823	2140	94	7513	76	9434	79	157	0	200
1606142225.544		32867	18509	53	14200	105	32557	79	157	0	200
1606142225.644		6036	2132	69	3727	108	5669	79	157	0	200
1606142225.744		6230	2040	38	4052	100	5934	79	157	0	200
1606142225.844		7072	2786	40	4138	108	6738	79	157	0	200
1606142225.944		8302	3810	69	4279	144	7724	79	157	0	200
1606142226.044		11059	2362	110	8493	94	10680	79	157	0	200
1606142226.144		7843	2086	35	5523	199	7444	79	157	0	200
1606142226.244		6156	2118	32	3876	130	5862	79	157	0	200
1606142226.344		11915	5188	155	6312	260	11292	79	157	0	200
1606142226.445		7455	2238	209	4826	182	6903	79	157	0	200
1606142226.545		9418	2260	30	6915	213	9024	79	157	0	200
1606142226.644		8602	2398	36	6071	97	8300	79	157	0	200
1606142226.744		5817	2185	69	3491	72	5526	79	157	0	200
1606142226.844		10164	2391	33	7596	144	9829	79	157	0	200
1606142226.945		5439	1880	37	3284	238	5142	79	157	0	200
1606142227.045		6409	2399	73	3836	101	6072	79	157	0	200
1606142227.144		5807	2072	71	3587	77	5531	79	157	0	200
1606142227.245		6845	2601	62	3939	243	6356	79	157	0	200
1606142227.344		8782	2429	47	6028	278	8320	79	157	0	200
1606142227.444		6945	1968	57	4816	104	6652	79	157	0	200
1606142227.544		6618	2558	32	3895	133	6309	79	157	0	200
1606142227.644		5608	2131	34	3230	213	5190	79	157	0	200
1606142227.744		6481	2638	41	3701	101	6178	79	157	0	200
1606142227.844		10590	2370	38	8036	146	10231	79	157	0	200
1606142227.944		10480	3727	149	6456	148	10009	79	157	0	200
1606142228.058		21983	13716	62	8062	143	21621	79	157	0	200
1606142228.144		16371	3395	39	12825	112	15765	79	157	0	200
1606142228.244		6545	2162	47	4232	104	6231	79	157	0	200
1606142228.345		7390	2344	48	4888	110	7048	79	157	0	200
1606142228.444		6745	2246	33	4339	127	6436	79	157	0	200
1606142228.544		9376	2414	195	6655	112	8909	79	157	0	200
1606142228.644		6478	2234	37	4100	107	6207	79	157	0	200
1606142228.744		6743	2138	68	4425	112	6365	79	157	0	200
1606142228.844		6925	2350	91	4294	190	6502	79	157	0	200
1606142228.944		7399	2391	39	4785	184	7000	79	157	0	200
1606142229.044		7981	2068	70	5685	158	7600	79	157	0	200
1606142229.144		6094	2162	62	3528	342	5771	79	157	0	200
1606142229.244		9654	2372	104	7110	68	9329	79	157	0	200
1606142229.343		7782	2123	82	5346	231	7272	79	157	0	200
1606142229.444		8059	2353	156	5421	129	7608	79	157	0	200
1606142229.544		9190	2161	122	6689	218	8687	79	157	0	200
1606142229.644		6215	2108	34	3968	105	5945	79	157	0	200
1606142229.744		6483	2243	34	4134	72	6230	79	157	0	200
1606142229.844		7175	2428	32	4569	146	6849	79	157	0	200
1606142229.944		6411	2309	33	4004	65	6170	79	157	0	200
1606142230.044		6709	2697	65	3855	92	6378	79	157	0	200
1606142230.145		6556	2466	41	3955	94	6264	79	157	0	200
1606142230.244		7751	3628	56	3963	104	7425	79	157	0	200
1606142230.344		8200	2667	34	5402	97	7917	79	157	0	200
1606142230.444		7347	2308	96	4738	205	6923	79	157	0	200
1606142230.544		6172	2131	32	3901	108	5887	79	157	0	200
1606142230.644		13019	7343	70	5529	77	12633	79	157	0	200
1606142230.744		12371	3559	39	8603	170	12011	79	157	0	200
1606142230.844		12244	2242	40	9860	102	11940	79	157	0	200
1606142230.944		10737	2652	100	7806	179	10294	79	157	0	200
1606142231.044		12360	2487	73	9697	103	12033	79	157	0	200
1606142231.144		18941	9425	478	8075	963	17301	79	157	0	200
1606142231.244		12753	2256	35	10353	109	12488	79	157	0	200
1606142231.344		11657	2558	194	8796	109	11211	79	157	0	200
1606142231.445		9901	2608	91	7094	108	9459	79	157	0	200
1606142231.544		10457	2383	92	7888	94	10114	79	157	0	200
1606142231.644		7212	2670	71	4315	156	6834	79	157	0	200
1606142231.744		6236	1971	36	4050	179	5893	79	157	0	200
1606142231.844		6209	2073	37	3991	108	5924	79	157	0	200
1606142231.944		6808	2341	305	4101	61	6303	79	157	0	200
1606142232.044		30239	2318	123	27680	118	29833	79	157	0	200
1606142232.144		6685	2354	38	4169	124	6360	79	157	0	200
1606142232.244		6458	2228	197	3828	205	5912	79	157	0	200
1606142232.344		6237	2378	94	3558	207	5781	79	157	0	200
1606142232.444		11622	2191	78	9298	55	11345	79	157	0	200
1606142232.544		11381	2240	108	8906	127	10989	79	157	0	200
1606142232.645		7610	1995	66	5407	142	7224	79	157	0	200
1606142232.744		6403	2371	30	3904	98	6128	79	157	0	200
1606142232.844		7022	2309	61	4408	244	6558	79	157	0	200
1606142232.944		7253	2486	36	4602	129	6964	79	157	0	200
1606142233.044		7318	1978	40	5195	105	7046	79	157	0	200
1606142233.144		5773	2128	106	3447	92	5416	79	157	0	200
1606142233.244		8257	3815	75	4258	109	7929	79	157	0	200
1606142233.345		7463	2851	76	4365	171	6995	79	157	0	200
1606142233.444		9096	2377	135	6407	177	8443	79	157	0	200
1606142233.545		28505	6860	54	21349	242	28063	79	157	0	200
1606142233.644		7277	2562	107	4340	268	6607	79	157	0	200
1606142233.744		6540	2138	90	3889	423	5893	79	157	0	200
1606142233.844		7096	2494	97	4388	117	6687	79	157	0	200
1606142233.944		8074	2132	35	5810	97	7772	79	157	0	200
1606142234.044		7086	2473	167	4337	109	6629	79	157	0	200
1606142234.145		7980	3302	58	4513	107	7466	79	157	0	200
1606142234.244		12252	3274	33	8838	107	11941	79	157	0	200
1606142234.344		11650	2646	34	8866	104	11341	79	157	0	200
1606142234.445		13466	2364	129	10792	181	12943	79	157	0	200
1606142234.544		14257	2244	69	11813	131	13866	79	157	0	200
1606142234.644		8476	2467	38	5726	245	8045	79	157	0	200
1606142234.744		6988	2600	184	4107	97	6538	79	157	0	200
1606142234.844		9507	2416	36	6857	198	9075	79	157	0	200
1606142234.944		8204	2420	74	5524	186	7753	79	157	0	200
1606142235.044		8905	2074	41	6686	104	8618	79	157	0	200
1606142235.144		7317	2412	72	4729	104	6807	79	157	0	200
1606142235.244		6966	2522	22	4313	109	6661	79	157	0	200
1606142235.344		6923	2197	61	4464	201	6508	79	157	0	200
1606142235.444		10258	3793	89	6296	80	9915	79	157	0	200
1606142235.544		6794	2255	68	4361	110	6470	79	157	0	200
1606142235.644		6993	2453	42	4398	100	6701	79	157	0	200
1606142235.744		8235	2332	59	5730	114	7937	79	157	0	200
1606142235.844		7058	2489	56	4417	96	6749	79	157	0	200
1606142235.944		6907	2457	236	4119	95	6384	79	157	0	200
1606142236.044		6603	2342	37	4158	66	6350	79	157	0	200
1606142236.144		6830	2362	65	4212	191	6411	79	157	0	200
1606142236.244		7440	2952	87	4314	87	7110	79	157	0	200
1606142236.344		6703	2245	33	4268	157	6390	79	157	0	200
1606142236.444		10043	2192	65	7326	460	9296	79	157	0	200
1606142236.544		9566	2057	69	7337	103	9265	79	157	0	200
1606142236.644		6593	2258	37	4230	68	6355	79	157	0	200
1606142236.744		6479	2130	37	4187	125	6180	79	157	0	200
1606142236.844		6871	1969	144	4538	220	6360	79	157	0	200
1606142236.944		9757	2513	53	7091	100	9424	79	157	0	200
1606142237.044		12450	2297	150	6360	3643	11855	79	157	0	200
1606142237.145		9149	3625	179	5243	102	8609	79	157	0	200
1606142237.244		7216	2071	35	4997	113	6918	79	157	0	200
1606142237.344		7698	2143	42	5406	107	7347	79	157	0	200
1606142237.444		7685	2457	94	4995	139	7272	79	157	0	200
1606142237.544		11849	4824	35	6899	91	11477	79	157	0	200
1606142237.644		7005	2056	39	4838	72	6730	79	157	0	200
1606142237.744		7187	2312	61	4642	172	6825	79	157	0	200
1606142237.843		6470	2015	33	4268	154	6020	79	157	0	200
1606142237.944		9017	2043	215	6076	683	8523	79	157	0	200
1606142238.045		7791	2217	79	4597	898	7373	79	157	0	200
1606142238.145		6777	2561	37	4088	91	6476	79	157	0	200
1606142238.244		7910	2424	35	4514	937	7371	79	157	0	200
1606142238.344		8337	2380	81	5777	99	7989	79	157	0	200
1606142238.445		6451	2231	71	4038	111	6107	79	157	0	200
1606142238.545		7423	3481	33	3806	103	7134	79	157	0	200
1606142238.644		7013	2485	69	4344	115	6668	79	157	0	200
1606142238.744		7009	2545	39	4257	168	6646	79	157	0	200
1606142238.844		6912	2369	66	4375	102	6591	79	157	0	200
1606142238.944		10530	2987	60	7376	107	10090	79	157	0	200
1606142239.045		10831	3377	84	6260	1110	10437	79	157	0	200
1606142239.144		7879	2726	35	5025	93	7614	79	157	0	200
1606142239.244		7459	2760	32	4597	70	7194	79	157	0	200
1606142239.344		8168	1936	36	5260	936	7852	79	157	0	200
1606142239.444		7490	2368	71	4902	149	7123	79	157	0	200
1606142239.545		11059	2502	194	8262	101	10617	79	157	0	200
1606142239.645		7676	3261	34	4280	101	7416	79	157	0	200
1606142239.744		7962	2393	37	5371	161	7608	79	157	0	200
1606142239.845		7385	2232	68	4944	141	7041	79	157	0	200
1606142239.945		9144	2879	106	5823	336	8736	79	157	0	200
1606142240.044		19215	5900	538	7111	5666	12855	79	157	0	200
1606142240.144		6717	2412	70	4118	117	6323	79	157	0	200
1606142240.244		7527	3767	63	3481	216	7103	79	157	0	200
1606142240.344		7335	3041	34	4159	101	7039	79	157	0	200
1606142240.444		6778	1934	32	4428	384	6223	79	157	0	200
1606142240.544		8859	4068	65	4612	114	8474	79	157	0	200
1606142240.644		7033	2943	62	3898	130	6706	79	157	0	200
1606142240.745		6431	2614	30	3443	344	6086	79	157	0	200
1606142240.844		6916	2789	68	3955	104	6551	79	157	0	200
1606142240.944		7167	2315	32	4684	136	6870	79	157	0	200
1606142241.044		7664	3415	36	4015	198	7261	79	157	0	200
1606142241.144		6865	2450	91	4160	164	6451	79	157	0	200
1606142241.244		7070	2178	34	4710	148	6734	79	157	0	200
1606142241.344		7866	3126	70	4491	179	7456	79	157	0	200
1606142241.444		6466	2216	75	4070	105	6106	79	157	0	200
1606142241.544		7993	3125	61	4717	90	7723	79	157	0	200
1606142241.644		9529	3899	131	5160	339	8914	79	157	0	200
1606142241.744		6082	2250	39	3688	105	5806	79	157	0	200
1606142241.844		8109	2241	31	5766	71	7822	79	157	0	200
1606142241.944		6393	2381	43	3869	100	6107	79	157	0	200
1606142242.044		6879	2567	40	3992	280	6392	79	157	0	200
1606142242.144		8161	2842	113	5069	137	7597	79	157	0	200
1606142242.244		6903	2355	72	4371	105	6586	79	157	0	200
1606142242.344		9345	3396	34	3643	2272	9019	79	157	0	200
1606142242.444		7912	3686	166	3860	200	7145	79	157	0	200
1606142242.544		9698	4715	29	4777	177	9178	79	157	0	200
1606142242.644		7640	3115	110	4288	127	7199	79	157	0	200
1606142242.744		8051	3290	43	4497	221	7440	79	157	0	200
1606142242.845		7336	2418	34	4681	203	6943	79	157	0	200
1606142242.944		9615	2434	300	6059	822	9011	79	157	0	200
1606142243.044		9601	3118	114	5110	1259	9057	79	157	0	200
1606142243.144		8622	2560	38	5912	112	8298	79	157	0	200
1606142243.244		13183	8203	292	4396	292	12429	79	157	0	200
1606142243.344		7367	2767	40	4447	113	7042	79	157	0	200
1606142243.444		8349	3305	117	4715	212	7855	79	157	0	200
1606142243.544		8630	3558	62	4864	146	8265	79	157	0	200
1606142243.644		13733	7540	45	6051	97	13450	79	157	0	200
1606142243.744		7266	3118	92	3885	171	6845	79	157	0	200
1606142243.844		7780	3326	234	3976	244	7125	79	157	0	200
1606142243.944		6651	2783	71	3690	107	6316	79	157	0	200
1606142244.044		7139	2976	59	3835	269	6668	79	157	0	200
1606142244.144		12789	4871	43	5169	2706	12430	79	157	0	200
1606142244.244		7080	2385	35	4588	72	6846	79	157	0	200
1606142244.344		6966	2418	71	4401	76	6655	79	157	0	200
1606142244.444		9334	3080	143	4978	1133	8593	79	157	0	200
1606142244.545		7225	3359	238	3563	65	6428	79	157	0	200
1606142244.644		7423	2635	34	4443	311	6888	79	157	0	200
1606142244.744		15443	5277	42	9875	249	14955	79	157	0	200
1606142244.844		11347	6432	32	4707	176	10920	79	157	0	200
1606142244.944		8627	4048	78	4393	108	8225	79	157	0	200
1606142245.044		25674	12667	44	12893	70	25393	79	157	0	200
1606142245.145		6836	2799	195	3721	121	6255	79	157	0	200
1606142245.244		9675	3129	67	6374	105	9388	79	157	0	200
1606142245.344		12676	2528	107	9935	106	12083	79	157	0	200
1606142245.444		6991	2093	247	4538	113	6513	79	157	0	200
1606142245.544		5760	2196	114	3326	124	5247	79	157	0	200
1606142245.644		6313	2162	126	3852	173	5845	79	157	0	200
1606142245.744		6904	2809	67	3762	266	6403	79	157	0	200
1606142245.844		9264	3298	61	4428	1477	8936	79	157	0	200
1606142245.944		7418	2436	39	4755	188	6948	79	157	0	200
1606142246.044		7335	2228	41	4950	116	7030	79	157	0	200
1606142246.144		8818	3243	40	5266	269	8482	79	157	0	200
1606142246.244		7653	3583	66	3898	106	7317	79	157	0	200
1606142246.344		7230	2166	251	4702	111	6626	79	157	0	200
1606142246.444		14480	3558	72	9673	1177	13070	79	157	0	200
1606142246.544		6060	2384	212	3344	120	5550	79	157	0	200
1606142246.644		9316	3633	48	5527	108	9005	79	157	0	200
1606142246.744		8557	3747	39	4639	132	8263	79	157	0	200
1606142246.844		9222	3408	31	5648	135	8883	79	157	0	200
1606142246.944		9867	3733	39	5957	138	9471	79	157	0	200
1606142247.044		8171	3447	75	4448	201	7710	79	157	0	200
1606142247.144		7824	3564	55	4079	126	7472	79	157	0	200
1606142247.244		11714	7491	67	3985	171	11281	79	157	0	200
1606142247.345		7440	2217	301	4266	656	6720	79	157	0	200
1606142247.445		8665	2615	37	5897	116	8343	79	157	0	200
1606142247.544		8501	2803	41	5485	172	8123	79	157	0	200
1606142247.644		7812	3323	80	4306	103	7410	79	157	0	200
1606142247.745		7102	2315	37	3822	928	6805	79	157	0	200
1606142247.844		9154	3525	33	5504	92	8874	79	157	0	200
1606142247.944		6721	2140	211	4147	223	6116	79	157	0	200
1606142248.044		7622	2698	61	4743	120	7187	79	157	0	200
1606142248.144		6632	2381	35	4141	75	6364	79	157	0	200
1606142248.244		6331	2268	175	3788	100	5896	79	157	0	200
1606142248.344		7020	2366	63	4482	109	6676	79	157	0	200
1606142248.444		7110	3014	40	3897	159	6761	79	157	0	200
1606142248.544		6493	2579	46	3737	131	6139	79	157	0	200
1606142248.644		6445	2280	70	3965	130	5964	79	157	0	200
1606142248.744		6556	2398	116	3900	142	6122	79	157	0	200
1606142248.844		8131	2699	32	5272	128	7795	79	157	0	200
1606142248.944		10860	2732	70	7927	131	10509	79	157	0	200
1606142249.044		6937	2993	38	3660	246	6440	79	157	0	200
1606142249.144		8138	2990	36	4949	163	7651	79	157	0	200
1606142249.244		9487	3085	70	6097	235	8901	79	157	0	200
1606142249.344		9185	3730	79	5265	111	8823	79	157	0	200
1606142249.444		8345	4331	105	3816	93	7840	79	157	0	200
1606142249.544		9343	4380	156	4707	100	8945	79	157	0	200
1606142249.644		6275	2469	38	3667	101	5917	79	157	0	200
1606142249.744		7321	2305	66	4781	169	6915	79	157	0	200
1606142249.844		6402	2342	39	3891	130	6052	79	157	0	200
1606142249.944		7460	1968	36	4694	762	7076	79	157	0	200
1606142250.044		7840	3125	35	4582	98	7275	79	157	0	200
1606142250.144		6618	2966	35	3514	103	6319	79	157	0	200
1606142250.244		6425	2568	38	3747	72	6143	79	157	0	200
1606142250.344		7097	3021	36	3898	142	6758	79	157	0	200
1606142250.444		9269	4480	74	4616	99	8907	79	157	0	200
1606142250.544		5913	2299	37	3424	153	5453	79	157	0	200
1606142250.644		5927	2184	58	3576	109	5627	79	157	0	200
1606142250.744		6230	2092	35	3953	150	5886	79	157	0	200
1606142250.844		6559	2250	244	3896	169	5997	79	157	0	200
1606142250.944		7250	2839	165	4146	100	6855	79	157	0	200
1606142251.044		5989	2263	72	3568	86	5632	79	157	0	200
1606142251.143		11171	3624	62	7152	333	10620	79	157	0	200
1606142251.244		6326	1964	34	4211	117	6005	79	157	0	200
1606142251.344		6345	2462	33	3700	150	6009	79	157	0	200
1606142251.444		6180	2158	184	3709	129	5703	79	157	0	200
1606142251.545		5924	2195	67	3587	75	5630	79	157	0	200
1606142251.644		5679	2136	83	3305	155	5281	79	157	0	200
1606142251.744		7080	3149	70	3723	138	6649	79	157	0	200
1606142251.844		6879	2475	62	4182	160	6510	79	157	0	200
1606142251.944		8602	3770	109	4437	286	7759	79	157	0	200
1606142252.044		7042	2224	113	4603	102	6671	79	157	0	200
1606142252.144		7237	2388	32	4689	128	6916	79	157	0	200
1606142252.244		8912	3934	76	3557	1345	8443	79	157	0	200
1606142252.344		6579	2449	69	3939	122	6224	79	157	0	200
1606142252.445		7255	2789	45	4313	108	6943	79	157	0	200
1606142252.545		20649	4814	113	15569	153	20194	79	157	0	200
1606142252.644		23585	5117	68	18089	311	23023	79	157	0	200
1606142252.745		16337	9744	34	6448	111	16002	79	157	0	200
1606142252.844		13839	8704	46	4977	112	13384	79	157	0	200
1606142252.958		39411	30944	99	8232	136	39021	79	157	0	200
1606142253.047		28003	5398	53	22383	169	27624	79	157	0	200
1606142253.144		20454	7404	34	12908	108	20142	79	157	0	200
1606142253.244		19128	6625	66	12316	121	18584	79	157	0	200
1606142253.344		7910	3373	49	4357	131	7298	79	157	0	200
1606142253.445		14410	8710	38	5524	138	14024	79	157	0	200
1606142253.544		9744	5383	32	4228	101	9248	79	157	0	200
1606142253.645		8195	2645	88	5342	120	7850	79	157	0	200
1606142253.744		6300	2277	103	3835	85	5916	79	157	0	200
1606142253.844		5910	2187	95	3543	85	5546	79	157	0	200
1606142253.944		7051	2548	48	4249	206	6638	79	157	0	200
1606142254.044		6756	2417	45	3725	569	6375	79	157	0	200
1606142254.144		12276	2327	41	8053	1855	11935	79	157	0	200
1606142254.245		6160	2238	65	3740	117	5851	79	157	0	200
1606142254.344		7233	3386	94	3660	93	6688	79	157	0	200
1606142254.444		10930	3616	72	7140	102	9649	79	157	0	200
1606142254.545		5964	2128	66	3560	210	5444	79	157	0	200
1606142254.644		13404	3091	33	10084	196	12968	79	157	0	200
1606142254.744		19102	2753	40	16194	115	18766	79	157	0	200
1606142254.844		6058	2220	37	3656	145	5686	79	157	0	200
1606142254.944		6746	2192	34	4405	115	6430	79	157	0	200
1606142255.044		6343	2255	213	3740	135	5795	79	157	0	200
1606142255.144		6566	2231	71	3522	742	6200	79	157	0	200
1606142255.244		6713	2789	63	3765	96	6397	79	157	0	200
1606142255.344		6896	2214	76	4464	142	6514	79	157	0	200
1606142255.444		8130	2498	36	5488	108	7845	79	157	0	200
1606142255.545		9125	3092	252	5572	209	8507	79	157	0	200
1606142255.644		8796	2954	39	5536	267	8337	79	157	0	200
1606142255.744		9385	2339	245	6676	125	8763	79	157	0	200
1606142255.845		9284	2382	40	5614	1248	8910	79	157	0	200
1606142255.944		8761	2353	47	5981	380	8151	79	157	0	200
1606142256.044		8774	2332	117	6147	178	8274	79	157	0	200
1606142256.144		6318	2052	66	4132	68	6032	79	157	0	200
1606142256.244		8695	3577	71	4897	150	8269	79	157	0	200
1606142256.344		5683	2225	144	3219	95	5290	79	157	0	200
1606142256.445		6250	2542	44	3578	86	5962	79	157	0	200
1606142256.544		6124	2278	113	3627	106	5770	79	157	0	200
1606142256.645		5611	2064	202	3212	133	4982	79	157	0	200
1606142256.744		5472	2128	204	2972	168	4975	79	157	0	200
1606142256.844		5679	2200	66	3297	116	5314	79	157	0	200
1606142256.944		6856	2205	180	4353	118	6436	79	157	0	200
1606142257.044		6193	1987	36	4049	121	5906	79	157	0	200
1606142257.144		7738	2338	33	5265	102	7425	79	157	0	200
1606142257.244		10120	2718	63	7231	108	9682	79	157	0	200
1606142257.344		6274	2139	74	3951	110	5897	79	157	0	200
1606142257.444		6906	2289	36	4419	162	6541	79	157	0	200
1606142257.544		5529	2086	32	3289	122	5223	79	157	0	200
1606142257.644		8475	2086	34	6263	92	8195	79	157	0	200
1606142257.746		7780	3054	83	4186	457	6973	79	157	0	200
1606142257.844		7485	2431	107	4882	65	7165	79	157	0	200
1606142257.944		9375	2449	43	6818	65	9098	79	157	0	200
1606142258.044		9992	2167	29	7706	90	9673	79	157	0	200
1606142258.145		7300	2259	115	4850	76	6927	79	157	0	200
1606142258.244		7132	3552	61	3405	114	6840	79	157	0	200
1606142258.344		6659	2151	32	4418	58	6428	79	157	0	200
1606142258.444		7368	2341	60	4836	131	7002	79	157	0	200
1606142258.544		6036	2172	91	3682	91	5707	79	157	0	200
1606142258.645		13112	6157	35	6816	104	12801	79	157	0	200
1606142258.744		7210	2671	66	4397	76	6893	79	157	0	200
1606142258.844		6167	2302	38	3730	97	5840	79	157	0	200
1606142258.944		10280	4649	71	5461	99	9928	79	157	0	200
1606142259.044		6495	2412	39	3966	78	6189	79	157	0	200
1606142259.144		5667	2170	34	3401	62	5427	79	157	0	200
1606142259.244		5956	2435	75	3329	117	5616	79	157	0	200
1606142259.344		5789	2038	66	3587	98	5495	79	157	0	200
1606142259.444		5407	1853	34	3382	138	5107	79	157	0	200
1606142259.544		6350	2338	82	3796	134	5864	79	157	0	200
1606142259.644		5496	1956	31	3398	111	5220	79	157	0	200
1606142259.745		5671	2289	31	3225	126	5343	79	157	0	200
1606142259.844		6907	2205	206	4342	154	6417	79	157	0	200
1606142259.944		6986	2570	43	4208	165	6634	79	157	0	200
1606142260.044		6279	2177	68	3933	101	5934	79	157	0	200
1606142260.144		5831	2094	40	3617	80	5558	79	157	0	200
1606142260.244		6075	2215	84	3681	95	5748	79	157	0	200
1606142260.344		6457	2275	306	3715	161	5833	79	157	0	200
1606142260.444		9466	4743	35	4567	121	6399	79	157	0	200
1606142260.544		6065	2110	34	3819	102	5801	79	157	0	200
1606142260.644		5758	2115	38	3400	205	5338	79	157	0	200
1606142260.744		5870	2161	38	3574	97	5591	79	157	0	200
1606142260.844		6866	2462	67	4192	145	6492	79	157	0	200
1606142260.944		6431	2404	65	3801	161	6039	79	157	0	200
1606142261.044		6258	2102	33	4023	100	5968	79	157	0	200
1606142261.144		5728	2148	70	3407	103	5410	79	157	0	200
1606142261.244		6049	2076	57	3822	94	5772	79	157	0	200
1606142261.344		6712	2503	123	3974	112	6220	79	157	0	200
1606142261.444		5976	2163	77	3617	119	5616	79	157	0	200
1606142261.544		5846	2013	72	3578	183	5464	79	157	0	200
1606142261.644		5484	2212	188	2975	109	4944	79	157	0	200
1606142261.744		6563	2458	54	3905	146	6221	79	157	0	200
1606142261.844		9444	2279	35	6992	138	9126	79	157	0	200
1606142261.944		5586	2166	58	3306	56	5322	79	157	0	200
1606142262.044		5744	2326	34	3283	101	5427	79	157	0	200
1606142262.144		6167	2337	58	3643	129	5822	79	157	0	200
1606142262.244		6094	2170	42	3781	101	5764	79	157	0	200
1606142262.344		6400	2047	60	4174	119	6081	79	157	0	200
1606142262.444		5991	2292	72	3504	123	5635	79	157	0	200
1606142262.544		5784	2399	33	3246	106	5495	79	157	0	200
1606142262.644		6578	2178	64	4223	113	6251	79	157	0	200
1606142262.744		5887	2188	36	3589	74	5652	79	157	0	200
1606142262.844		6840	2293	127	4323	97	6467	79	157	0	200
1606142262.944		6604	2522	37	3936	109	6323	79	157	0	200
1606142263.045		6228	1972	38	4124	94	5928	79	157	0	200
1606142263.144		5852	2237	125	3422	68	5520	79	157	0	200
1606142263.244		5662	2027	39	3492	104	5377	79	157	0	200
1606142263.344		7561	2431	61	4881	188	7106	79	157	0	200
1606142263.445		33084	7817	233	24894	140	32534	79	157	0	200
1606142263.544		6345	2559	63	3629	94	6030	79	157	0	200
1606142263.644		6108	2188	38	3781	101	5774	79	157	0	200
1606142263.744		5871	2057	33	3680	101	5597	79	157	0	200
1606142263.844		5818	2223	174	3047	374	5144	79	157	0	200
1606142263.944		5768	2225	72	3183	288	5263	79	157	0	200
1606142264.044		6127	2314	35	3605	173	5741	79	157	0	200
1606142264.144		5468	1954	37	3402	75	5169	79	157	0	200
1606142264.244		6741	3166	59	3381	135	6396	79	157	0	200
1606142264.344		10993	4397	140	6323	133	10563	79	157	0	200
1606142264.444		7324	2455	133	4631	105	6937	79	157	0	200
1606142264.544		10160	2622	115	7272	151	9565	79	157	0	200
1606142264.644		6914	2841	36	3931	106	6553	79	157	0	200
1606142264.744		5565	2114	54	3195	202	5164	79	157	0	200
1606142264.844		6881	2102	134	4578	67	6522	79	157	0	200
1606142264.944		7094	2258	38	4545	253	6640	79	157	0	200
1606142265.044		6409	2094	37	3471	807	5987	79	157	0	200
1606142265.144		6336	2212	63	3950	111	5984	79	157	0	200
1606142265.244		5867	2319	30	3414	104	5573	79	157	0	200
1606142265.344		6649	2215	32	4270	132	6189	79	157	0	200
1606142265.444		6886	2446	126	3974	340	6255	79	157	0	200
1606142265.544		7760	2809	35	4751	165	7365	79	157	0	200
1606142265.645		7510	3305	101	3995	109	7129	79	157	0	200
1606142265.744		9261	2207	105	6846	103	8896	79	157	0	200
1606142265.844		10575	6127	298	3417	733	9954	79	157	0	200
1606142265.944		6914	2363	38	4156	357	6357	79	157	0	200
1606142266.044		72459	42448	53	29787	171	72065	79	157	0	200
1606142266.144		6242	2227	136	3675	204	5706	79	157	0	200
1606142266.244		7008	2298	115	4484	111	6559	79	157	0	200
1606142266.344		8690	2516	114	5910	150	8275	79	157	0	200
1606142266.444		6934	2255	46	4533	100	6638	79	157	0	200
1606142266.544		6070	2199	109	3656	106	5711	79	157	0	200
1606142266.645		5445	2040	42	3239	124	5122	79	157	0	200
1606142266.744		5897	2264	68	3462	103	5530	79	157	0	200
1606142266.844		6823	2070	64	4527	162	6467	79	157	0	200
1606142266.944		5628	2319	68	3153	88	5302	79	157	0	200
1606142267.044		8492	2356	62	5962	112	8170	79	157	0	200
1606142267.145		8024	2757	95	5071	101	7650	79	157	0	200
1606142267.244		8649	4718	74	3522	335	8290	79	157	0	200
1606142267.344		5985	2047	61	3810	67	5719	79	157	0	200
1606142267.444		6401	2672	33	3509	187	5990	79	157	0	200
1606142267.544		5712	2231	256	3113	112	5226	79	157	0	200
1606142267.644		6266	2524	75	3568	99	5939	79	157	0	200
1606142267.744		6016	2282	59	3563	112	5684	79	157	0	200
1606142267.844		7024	2644	81	4200	99	6667	79	157	0	200
1606142267.944		6440	2387	63	3900	90	6142	79	157	0	200
1606142268.045		10107	6517	34	3481	75	9855	79	157	0	200
1606142268.145		6087	2225	92	3635	135	5680	79	157	0	200
1606142268.244		6664	2338	36	4015	275	6176	79	157	0	200
1606142268.345		8082	3535	113	3784	650	7144	79	157	0	200
1606142268.444		8329	2870	32	5217	210	7933	79	157	0	200
1606142268.544		5602	2175	59	3284	84	5293	79	157	0	200
1606142268.644		7191	2673	115	4234	169	6730	79	157	0	200
1606142268.744		5622	2167	110	3145	200	5118	79	157	0	200
1606142268.844		6769	2138	32	4494	105	6455	79	157	0	200
1606142268.944		6344	2215	221	3788	120	5856	79	157	0	200
1606142269.044		6613	2183	97	4219	114	6202	79	157	0	200
1606142269.144		7663	2790	39	4744	90	7404	79	157	0	200
