"2020-11-23 14:16:58.747 +0000" : {
  "main_scheduler" : {
    "bqs" : {
      "00026" : {
        "mmconts" : [0, 31, 144],
        "acts" : [336, 334],
        "tstate" : { "idle" : 995740, "run" : 6555, "locked" : 2574, "mmap" : 414 }
      },
      "00027" : {
        "mmconts" : [0, 30, 33],
        "acts" : [6, 5],
        "tstate" : { "idle" : 974961, "run" : 26233, "locked" : 872, "mmap" : 2972 }
      },
      "00028" : {
        "mmconts" : [0, 30, 68],
        "acts" : [335, 333],
        "tstate" : { "idle" : 1000323, "run" : 4268, "locked" : 36, "mmap" : 238 }
      }
    }
  },
  "benchmark_io" : {
    "simple_times" : {
      "mcount" : {
        "mcount" : { "25 -- 41" : 1, "4 -- 6" : 1 }
      }
    },
    "stream_method" : {
      "conns" : [2, 1],
      "in" : [314, 311],
      "out" : [158, 156],
      "mmtasks" : [0, 0, 1],
      "load" : 0.025,
      "mcount" : {
        "mcount" : { "Success" : 2 }
      },
      "http_proto0" : {
        "mcount" : {
          "mcount" : { "OK" : 2 }
        }
      },
      "source_log" : {
        "delta" : [0, 0, 1912]
      },
      "loggers" : {
        "brief_logger" : {
          "records" : [2, 1],
          "out" : [115, 113]
        }
      }
    }
  }
},
"2020-11-23 14:16:59.748 +0000" : {
  "main_scheduler" : {
    "bqs" : {
      "00026" : {
        "mmconts" : [31, 31, 32],
        "acts" : [4, 3],
        "tstate" : { "idle" : 996160, "run" : 4828, "locked" : 0, "mmap" : 49 }
      },
      "00027" : {
        "mmconts" : [30, 30, 30],
        "acts" : [0, 0],
        "tstate" : { "idle" : 999782, "run" : 1262, "locked" : 0, "mmap" : 0 }
      },
      "00028" : {
        "mmconts" : [31, 31, 31],
        "acts" : [2, 1],
        "tstate" : { "idle" : 998128, "run" : 2921, "locked" : 0, "mmap" : 0 }
      }
    }
  },
  "benchmark_io" : {
    "simple_times" : {
      "mcount" : {
        "mcount" : { "16 -- 25" : 1 }
      }
    },
    "stream_method" : {
      "conns" : [1, 0],
      "in" : [157, 156],
      "out" : [79, 78],
      "mmtasks" : [0, 0, 1],
      "load" : 0.037,
      "mcount" : {
        "mcount" : { "Success" : 1 }
      },
      "http_proto0" : {
        "mcount" : {
          "mcount" : { "OK" : 1 }
        }
      },
      "source_log" : {
        "delta" : [0, 0, 0]
      },
      "loggers" : {
        "brief_logger" : {
          "records" : [1, 0],
          "out" : [60, 59]
        }
      }
    }
  }
},
"2020-11-23 14:17:00.747 +0000" : {
  "main_scheduler" : {
    "bqs" : {
      "00026" : {
        "mmconts" : [31, 31, 31],
        "acts" : [2, 2],
        "tstate" : { "idle" : 992598, "run" : 6454, "locked" : 0, "mmap" : 0 }
      },
      "00027" : {
        "mmconts" : [30, 30, 30],
        "acts" : [0, 0],
        "tstate" : { "idle" : 997845, "run" : 1203, "locked" : 0, "mmap" : 0 }
      },
      "00028" : {
        "mmconts" : [30, 30, 31],
        "acts" : [5, 5],
        "tstate" : { "idle" : 984875, "run" : 14068, "locked" : 0, "mmap" : 101 }
      }
    }
  },
  "benchmark_io" : {
    "simple_times" : {
      "mcount" : {
        "mcount" : { "16 -- 25" : 1 }
      }
    },
    "stream_method" : {
      "conns" : [1, 1],
      "in" : [157, 157],
      "out" : [79, 79],
      "mmtasks" : [0, 0, 1],
      "load" : 0.065,
      "mcount" : {
        "mcount" : { "Success" : 1 }
      },
      "http_proto0" : {
        "mcount" : {
          "mcount" : { "OK" : 1 }
        }
      },
      "source_log" : {
        "delta" : [0, 0, 0]
      },
      "loggers" : {
        "brief_logger" : {
          "records" : [1, 1],
          "out" : [60, 60]
        }
      }
    }
  }
},
"2020-11-23 14:17:01.747 +0000" : {
  "main_scheduler" : {
    "bqs" : {
      "00026" : {
        "mmconts" : [30, 30, 31],
        "acts" : [5, 4],
        "tstate" : { "idle" : 994509, "run" : 5446, "locked" : 0, "mmap" : 47 }
      },
      "00027" : {
        "mmconts" : [29, 29, 30],
        "acts" : [3, 2],
        "tstate" : { "idle" : 990250, "run" : 9719, "locked" : 0, "mmap" : 32 }
      },
      "00028" : {
        "mmconts" : [30, 30, 30],
        "acts" : [2, 2],
        "tstate" : { "idle" : 996226, "run" : 3774, "locked" : 0, "mmap" : 0 }
      }
    }
  },
  "benchmark_io" : {
    "simple_times" : {
      "mcount" : {
        "mcount" : { "10 -- 16" : 2 }
      }
    },
    "stream_method" : {
      "conns" : [2, 2],
      "in" : [314, 314],
      "out" : [158, 158],
      "mmtasks" : [0, 0, 1],
      "load" : 0.063,
      "mcount" : {
        "mcount" : { "Success" : 2 }
      },
      "http_proto0" : {
        "mcount" : {
          "mcount" : { "OK" : 2 }
        }
      },
      "source_log" : {
        "delta" : [0, 0, 0]
      },
      "loggers" : {
        "brief_logger" : {
          "records" : [2, 1],
          "out" : [118, 117]
        }
      }
    }
  }
},
"2020-11-23 14:17:02.747 +0000" : {
  "main_scheduler" : {
    "bqs" : {
      "00026" : {
        "mmconts" : [30, 30, 30],
        "acts" : [2, 1],
        "tstate" : { "idle" : 987609, "run" : 12457, "locked" : 0, "mmap" : 0 }
      },
      "00027" : {
        "mmconts" : [29, 29, 29],
        "acts" : [0, 0],
        "tstate" : { "idle" : 998702, "run" : 1367, "locked" : 0, "mmap" : 0 }
      },
      "00028" : {
        "mmconts" : [29, 29, 30],
        "acts" : [5, 4],
        "tstate" : { "idle" : 976054, "run" : 23934, "locked" : 0, "mmap" : 90 }
      }
    }
  },
  "benchmark_io" : {
    "simple_times" : {
      "mcount" : {
        "mcount" : { "16 -- 25" : 1 }
      }
    },
    "stream_method" : {
      "conns" : [1, 0],
      "in" : [157, 156],
      "out" : [79, 78],
      "mmtasks" : [0, 0, 1],
      "load" : 0.030,
      "mcount" : {
        "mcount" : { "Success" : 1 }
      },
      "http_proto0" : {
        "mcount" : {
          "mcount" : { "OK" : 1 }
        }
      },
      "source_log" : {
        "delta" : [0, 0, 0]
      },
      "loggers" : {
        "brief_logger" : {
          "records" : [1, 1],
          "out" : [60, 60]
        }
      }
    }
  }
},
"2020-11-23 14:17:03.747 +0000" : {
  "main_scheduler" : {
    "bqs" : {
      "00026" : {
        "mmconts" : [29, 29, 30],
        "acts" : [5, 4],
        "tstate" : { "idle" : 991261, "run" : 8975, "locked" : 0, "mmap" : 58 }
      },
      "00027" : {
        "mmconts" : [28, 28, 29],
        "acts" : [3, 2],
        "tstate" : { "idle" : 995950, "run" : 4297, "locked" : 0, "mmap" : 43 }
      },
      "00028" : {
        "mmconts" : [29, 29, 29],
        "acts" : [2, 1],
        "tstate" : { "idle" : 992661, "run" : 7621, "locked" : 0, "mmap" : 0 }
      }
    }
  },
  "benchmark_io" : {
    "simple_times" : {
      "mcount" : {
        "mcount" : { "41 -- 65" : 1, "25 -- 41" : 1 }
      }
    },
    "stream_method" : {
      "conns" : [2, 1],
      "in" : [314, 313],
      "out" : [158, 157],
      "mmtasks" : [0, 0, 1],
      "load" : 0.028,
      "mcount" : {
        "mcount" : { "Success" : 2 }
      },
      "http_proto0" : {
        "mcount" : {
          "mcount" : { "OK" : 2 }
        }
      },
      "source_log" : {
        "delta" : [0, 0, 0]
      },
      "loggers" : {
        "brief_logger" : {
          "records" : [2, 1],
          "out" : [120, 119]
        }
      }
    }
  }
},
"2020-11-23 14:17:04.747 +0000" : {
  "main_scheduler" : {
    "bqs" : {
      "00026" : {
        "mmconts" : [28, 28, 29],
        "acts" : [5, 5],
        "tstate" : { "idle" : 962594, "run" : 36872, "locked" : 0, "mmap" : 78 }
      },
      "00027" : {
        "mmconts" : [28, 28, 28],
        "acts" : [0, 0],
        "tstate" : { "idle" : 998189, "run" : 1357, "locked" : 0, "mmap" : 0 }
      },
      "00028" : {
        "mmconts" : [28, 28, 29],
        "acts" : [6, 6],
        "tstate" : { "idle" : 967285, "run" : 32223, "locked" : 0, "mmap" : 40 }
      }
    }
  },
  "benchmark_io" : {
    "simple_times" : {
      "mcount" : {
        "mcount" : { "16 -- 25" : 2 }
      }
    },
    "stream_method" : {
      "conns" : [2, 2],
      "in" : [314, 314],
      "out" : [158, 158],
      "mmtasks" : [0, 0, 1],
      "load" : 0.091,
      "mcount" : {
        "mcount" : { "Success" : 2 }
      },
      "http_proto0" : {
        "mcount" : {
          "mcount" : { "OK" : 2 }
        }
      },
      "source_log" : {
        "delta" : [0, 0, 0]
      },
      "loggers" : {
        "brief_logger" : {
          "records" : [2, 1],
          "out" : [119, 118]
        }
      }
    }
  }
},
"2020-11-23 14:17:05.747 +0000" : {
  "main_scheduler" : {
    "bqs" : {
      "00026" : {
        "mmconts" : [28, 28, 28],
        "acts" : [2, 1],
        "tstate" : { "idle" : 991234, "run" : 9428, "locked" : 0, "mmap" : 0 }
      },
      "00027" : {
        "mmconts" : [27, 27, 28],
        "acts" : [3, 2],
        "tstate" : { "idle" : 997760, "run" : 2826, "locked" : 0, "mmap" : 73 }
      },
      "00028" : {
        "mmconts" : [27, 27, 28],
        "acts" : [5, 4],
        "tstate" : { "idle" : 975978, "run" : 24532, "locked" : 0, "mmap" : 147 }
      }
    }
  },
  "benchmark_io" : {
    "simple_times" : {
      "mcount" : {
        "mcount" : { "16 -- 25" : 1, "6 -- 10" : 1 }
      }
    },
    "stream_method" : {
      "conns" : [2, 1],
      "in" : [314, 313],
      "out" : [158, 157],
      "mmtasks" : [0, 0, 1],
      "load" : 0.047,
      "mcount" : {
        "mcount" : { "Success" : 2 }
      },
      "http_proto0" : {
        "mcount" : {
          "mcount" : { "OK" : 2 }
        }
      },
      "source_log" : {
        "delta" : [0, 0, 0]
      },
      "loggers" : {
        "brief_logger" : {
          "records" : [2, 2],
          "out" : [115, 115]
        }
      }
    }
  }
},
"2020-11-23 14:17:06.747 +0000" : {
  "main_scheduler" : {
    "bqs" : {
      "00026" : {
        "mmconts" : [27, 27, 28],
        "acts" : [5, 5],
        "tstate" : { "idle" : 991007, "run" : 8639, "locked" : 0, "mmap" : 53 }
      },
      "00027" : {
        "mmconts" : [26, 26, 27],
        "acts" : [3, 3],
        "tstate" : { "idle" : 993899, "run" : 5738, "locked" : 0, "mmap" : 65 }
      },
      "00028" : {
        "mmconts" : [27, 27, 27],
        "acts" : [2, 2],
        "tstate" : { "idle" : 997043, "run" : 2659, "locked" : 0, "mmap" : 0 }
      }
    }
  },
  "benchmark_io" : {
    "simple_times" : {
      "mcount" : {
        "mcount" : { "25 -- 41" : 1, "16 -- 25" : 1 }
      }
    },
    "stream_method" : {
      "conns" : [2, 2],
      "in" : [314, 314],
      "out" : [158, 158],
      "mmtasks" : [0, 0, 1],
      "load" : 0.056,
      "mcount" : {
        "mcount" : { "Success" : 2 }
      },
      "http_proto0" : {
        "mcount" : {
          "mcount" : { "OK" : 2 }
        }
      },
      "source_log" : {
        "delta" : [0, 0, 0]
      },
      "loggers" : {
        "brief_logger" : {
          "records" : [2, 2],
          "out" : [121, 121]
        }
      }
    }
  }
},
"2020-11-23 14:17:07.747 +0000" : {
  "main_scheduler" : {
    "bqs" : {
      "00026" : {
        "mmconts" : [27, 27, 27],
        "acts" : [2, 2],
        "tstate" : { "idle" : 997169, "run" : 2619, "locked" : 0, "mmap" : 0 }
      },
      "00027" : {
        "mmconts" : [25, 25, 26],
        "acts" : [3, 3],
        "tstate" : { "idle" : 995933, "run" : 3789, "locked" : 0, "mmap" : 70 }
      },
      "00028" : {
        "mmconts" : [26, 26, 27],
        "acts" : [5, 5],
        "tstate" : { "idle" : 992342, "run" : 7413, "locked" : 0, "mmap" : 41 }
      }
    }
  },
  "benchmark_io" : {
    "simple_times" : {
      "mcount" : {
        "mcount" : { "16 -- 25" : 2 }
      }
    },
    "stream_method" : {
      "conns" : [2, 2],
      "in" : [314, 314],
      "out" : [158, 158],
      "mmtasks" : [0, 0, 1],
      "load" : 0.051,
      "mcount" : {
        "mcount" : { "Success" : 2 }
      },
      "http_proto0" : {
        "mcount" : {
          "mcount" : { "OK" : 2 }
        }
      },
      "source_log" : {
        "delta" : [0, 0, 0]
      },
      "loggers" : {
        "brief_logger" : {
          "records" : [2, 1],
          "out" : [119, 116]
        }
      }
    }
  }
},
"2020-11-23 14:17:08.747 +0000" : {
  "main_scheduler" : {
    "bqs" : {
      "00026" : {
        "mmconts" : [26, 26, 27],
        "acts" : [5, 4],
        "tstate" : { "idle" : 984277, "run" : 15845, "locked" : 0, "mmap" : 32 }
      },
      "00027" : {
        "mmconts" : [24, 24, 25],
        "acts" : [3, 2],
        "tstate" : { "idle" : 997529, "run" : 2585, "locked" : 0, "mmap" : 32 }
      },
      "00028" : {
        "mmconts" : [25, 25, 26],
        "acts" : [5, 4],
        "tstate" : { "idle" : 968230, "run" : 31881, "locked" : 0, "mmap" : 31 }
      }
    }
  },
  "benchmark_io" : {
    "simple_times" : {
      "mcount" : {
        "mcount" : { "16 -- 25" : 1, "6 -- 10" : 2 }
      }
    },
    "stream_method" : {
      "conns" : [3, 2],
      "in" : [471, 470],
      "out" : [237, 236],
      "mmtasks" : [0, 0, 1],
      "load" : 0.299,
      "mcount" : {
        "mcount" : { "Success" : 3 }
      },
      "http_proto0" : {
        "mcount" : {
          "mcount" : { "OK" : 3 }
        }
      },
      "source_log" : {
        "delta" : [0, 0, 0]
      },
      "loggers" : {
        "brief_logger" : {
          "records" : [3, 3],
          "out" : [171, 174]
        }
      }
    }
  }
},
"2020-11-23 14:17:09.748 +0000" : {
  "main_scheduler" : {
    "bqs" : {
      "00026" : {
        "mmconts" : [25, 25, 26],
        "acts" : [5, 4],
        "tstate" : { "idle" : 995580, "run" : 4960, "locked" : 0, "mmap" : 51 }
      },
      "00027" : {
        "mmconts" : [24, 24, 24],
        "acts" : [0, 0],
        "tstate" : { "idle" : 999172, "run" : 1421, "locked" : 0, "mmap" : 0 }
      },
      "00028" : {
        "mmconts" : [24, 24, 25],
        "acts" : [5, 4],
        "tstate" : { "idle" : 977596, "run" : 22956, "locked" : 0, "mmap" : 41 }
      }
    }
  },
  "benchmark_io" : {
    "simple_times" : {
      "mcount" : {
        "mcount" : { "25 -- 41" : 1, "10 -- 16" : 1 }
      }
    },
    "stream_method" : {
      "conns" : [2, 1],
      "in" : [314, 313],
      "out" : [158, 157],
      "mmtasks" : [0, 0, 1],
      "load" : 0.027,
      "mcount" : {
        "mcount" : { "Success" : 2 }
      },
      "http_proto0" : {
        "mcount" : {
          "mcount" : { "OK" : 2 }
        }
      },
      "source_log" : {
        "delta" : [0, 0, 0]
      },
      "loggers" : {
        "brief_logger" : {
          "records" : [2, 2],
          "out" : [117, 117]
        }
      }
    }
  }
},
"2020-11-23 14:17:10.748 +0000" : {
  "main_scheduler" : {
    "bqs" : {
      "00026" : {
        "mmconts" : [24, 24, 25],
        "acts" : [5, 4],
        "tstate" : { "idle" : 995434, "run" : 4610, "locked" : 0, "mmap" : 43 }
      },
      "00027" : {
        "mmconts" : [23, 23, 24],
        "acts" : [3, 2],
        "tstate" : { "idle" : 988285, "run" : 11764, "locked" : 0, "mmap" : 35 }
      },
      "00028" : {
        "mmconts" : [23, 23, 24],
        "acts" : [5, 4],
        "tstate" : { "idle" : 996072, "run" : 3960, "locked" : 0, "mmap" : 51 }
      }
    }
  },
  "benchmark_io" : {
    "simple_times" : {
      "mcount" : {
        "mcount" : { "10 -- 16" : 1, "6 -- 10" : 1, "4 -- 6" : 1 }
      }
    },
    "stream_method" : {
      "conns" : [3, 2],
      "in" : [471, 470],
      "out" : [237, 236],
      "mmtasks" : [0, 0, 1],
      "load" : 0.071,
      "mcount" : {
        "mcount" : { "Success" : 3 }
      },
      "http_proto0" : {
        "mcount" : {
          "mcount" : { "OK" : 3 }
        }
      },
      "source_log" : {
        "delta" : [0, 0, 0]
      },
      "loggers" : {
        "brief_logger" : {
          "records" : [3, 3],
          "out" : [170, 170]
        }
      }
    }
  }
},
"2020-11-23 14:17:11.751 +0000" : {
  "main_scheduler" : {
    "bqs" : {
      "00026" : {
        "mmconts" : [23, 23, 24],
        "acts" : [5, 4],
        "tstate" : { "idle" : 985950, "run" : 17278, "locked" : 0, "mmap" : 49 }
      },
      "00027" : {
        "mmconts" : [22, 22, 23],
        "acts" : [3, 2],
        "tstate" : { "idle" : 999117, "run" : 4092, "locked" : 0, "mmap" : 78 }
      },
      "00028" : {
        "mmconts" : [22, 22, 23],
        "acts" : [5, 4],
        "tstate" : { "idle" : 993313, "run" : 9358, "locked" : 0, "mmap" : 620 }
      }
    }
  },
  "benchmark_io" : {
    "simple_times" : {
      "mcount" : {
        "mcount" : { "25 -- 41" : 1, "16 -- 25" : 2 }
      }
    },
    "stream_method" : {
      "conns" : [3, 2],
      "in" : [471, 469],
      "out" : [237, 236],
      "mmtasks" : [0, 0, 1],
      "load" : 0.043,
      "mcount" : {
        "mcount" : { "Success" : 3 }
      },
      "http_proto0" : {
        "mcount" : {
          "mcount" : { "OK" : 3 }
        }
      },
      "source_log" : {
        "delta" : [0, 0, 0]
      },
      "loggers" : {
        "brief_logger" : {
          "records" : [3, 2],
          "out" : [180, 179]
        }
      }
    }
  }
},
"2020-11-23 14:17:12.748 +0000" : {
  "main_scheduler" : {
    "bqs" : {
      "00026" : {
        "mmconts" : [22, 22, 23],
        "acts" : [5, 5],
        "tstate" : { "idle" : 988743, "run" : 7836, "locked" : 0, "mmap" : 45 }
      },
      "00027" : {
        "mmconts" : [21, 21, 22],
        "acts" : [3, 3],
        "tstate" : { "idle" : 990369, "run" : 6159, "locked" : 0, "mmap" : 92 }
      },
      "00028" : {
        "mmconts" : [22, 22, 22],
        "acts" : [3, 3],
        "tstate" : { "idle" : 989340, "run" : 7278, "locked" : 0, "mmap" : 0 }
      }
    }
  },
  "benchmark_io" : {
    "simple_times" : {
      "mcount" : {
        "mcount" : { "16 -- 25" : 1, "10 -- 16" : 1 }
      }
    },
    "stream_method" : {
      "conns" : [2, 2],
      "in" : [314, 315],
      "out" : [158, 158],
      "mmtasks" : [0, 0, 1],
      "load" : 0.105,
      "mcount" : {
        "mcount" : { "Success" : 2 }
      },
      "http_proto0" : {
        "mcount" : {
          "mcount" : { "OK" : 2 }
        }
      },
      "source_log" : {
        "delta" : [0, 0, 0]
      },
      "loggers" : {
        "brief_logger" : {
          "records" : [2, 2],
          "out" : [116, 116]
        }
      }
    }
  }
},
"2020-11-23 14:17:13.747 +0000" : {
  "main_scheduler" : {
    "bqs" : {
      "00026" : {
        "mmconts" : [21, 21, 22],
        "acts" : [5, 5],
        "tstate" : { "idle" : 993281, "run" : 6025, "locked" : 0, "mmap" : 52 }
      },
      "00027" : {
        "mmconts" : [20, 20, 21],
        "acts" : [3, 3],
        "tstate" : { "idle" : 993369, "run" : 5955, "locked" : 0, "mmap" : 30 }
      },
      "00028" : {
        "mmconts" : [20, 21, 22],
        "acts" : [7, 7],
        "tstate" : { "idle" : 989750, "run" : 9506, "locked" : 0, "mmap" : 96 }
      }
    }
  },
  "benchmark_io" : {
    "simple_times" : {
      "mcount" : {
        "mcount" : { "16 -- 25" : 2, "10 -- 16" : 1, "6 -- 10" : 1 }
      }
    },
    "stream_method" : {
      "conns" : [4, 4],
      "in" : [628, 628],
      "out" : [316, 316],
      "mmtasks" : [0, 0, 1],
      "load" : 0.043,
      "mcount" : {
        "mcount" : { "Success" : 4 }
      },
      "http_proto0" : {
        "mcount" : {
          "mcount" : { "OK" : 4 }
        }
      },
      "source_log" : {
        "delta" : [0, 0, 0]
      },
      "loggers" : {
        "brief_logger" : {
          "records" : [4, 4],
          "out" : [232, 232]
        }
      }
    }
  }
},
"2020-11-23 14:17:14.747 +0000" : {
  "main_scheduler" : {
    "bqs" : {
      "00026" : {
        "mmconts" : [20, 20, 21],
        "acts" : [5, 4],
        "tstate" : { "idle" : 996413, "run" : 3870, "locked" : 0, "mmap" : 39 }
      },
      "00027" : {
        "mmconts" : [19, 19, 20],
        "acts" : [3, 2],
        "tstate" : { "idle" : 990886, "run" : 9385, "locked" : 0, "mmap" : 63 }
      },
      "00028" : {
        "mmconts" : [19, 19, 20],
        "acts" : [5, 4],
        "tstate" : { "idle" : 986522, "run" : 13741, "locked" : 0, "mmap" : 74 }
      }
    }
  },
  "benchmark_io" : {
    "simple_times" : {
      "mcount" : {
        "mcount" : { "16 -- 25" : 1, "10 -- 16" : 1, "6 -- 10" : 1 }
      }
    },
    "stream_method" : {
      "conns" : [3, 2],
      "in" : [471, 470],
      "out" : [237, 236],
      "mmtasks" : [0, 0, 1],
      "load" : 0.041,
      "mcount" : {
        "mcount" : { "Success" : 3 }
      },
      "http_proto0" : {
        "mcount" : {
          "mcount" : { "OK" : 3 }
        }
      },
      "source_log" : {
        "delta" : [0, 0, 0]
      },
      "loggers" : {
        "brief_logger" : {
          "records" : [3, 2],
          "out" : [173, 172]
        }
      }
    }
  }
},
"2020-11-23 14:17:15.748 +0000" : {
  "main_scheduler" : {
    "bqs" : {
      "00026" : {
        "mmconts" : [19, 19, 20],
        "acts" : [5, 4],
        "tstate" : { "idle" : 996185, "run" : 4283, "locked" : 0, "mmap" : 39 }
      },
      "00027" : {
        "mmconts" : [18, 18, 19],
        "acts" : [3, 2],
        "tstate" : { "idle" : 996818, "run" : 3596, "locked" : 0, "mmap" : 82 }
      },
      "00028" : {
        "mmconts" : [18, 18, 19],
        "acts" : [5, 4],
        "tstate" : { "idle" : 989955, "run" : 10440, "locked" : 0, "mmap" : 100 }
      }
    }
  },
  "benchmark_io" : {
    "simple_times" : {
      "mcount" : {
        "mcount" : { "41 -- 65" : 1, "16 -- 25" : 1, "10 -- 16" : 1 }
      }
    },
    "stream_method" : {
      "conns" : [3, 2],
      "in" : [471, 470],
      "out" : [237, 236],
      "mmtasks" : [0, 0, 1],
      "load" : 0.027,
      "mcount" : {
        "mcount" : { "Success" : 3 }
      },
      "http_proto0" : {
        "mcount" : {
          "mcount" : { "OK" : 3 }
        }
      },
      "source_log" : {
        "delta" : [0, 0, 0]
      },
      "loggers" : {
        "brief_logger" : {
          "records" : [3, 3],
          "out" : [178, 178]
        }
      }
    }
  }
},
"2020-11-23 14:17:16.747 +0000" : {
  "main_scheduler" : {
    "bqs" : {
      "00026" : {
        "mmconts" : [17, 18, 19],
        "acts" : [9, 9],
        "tstate" : { "idle" : 991052, "run" : 8417, "locked" : 0, "mmap" : 181 }
      },
      "00027" : {
        "mmconts" : [17, 17, 18],
        "acts" : [3, 3],
        "tstate" : { "idle" : 996495, "run" : 3086, "locked" : 0, "mmap" : 73 }
      },
      "00028" : {
        "mmconts" : [17, 17, 18],
        "acts" : [5, 5],
        "tstate" : { "idle" : 994052, "run" : 5541, "locked" : 0, "mmap" : 61 }
      }
    }
  },
  "benchmark_io" : {
    "simple_times" : {
      "mcount" : {
        "mcount" : { "16 -- 25" : 2, "10 -- 16" : 2 }
      }
    },
    "stream_method" : {
      "conns" : [4, 4],
      "in" : [628, 628],
      "out" : [316, 316],
      "mmtasks" : [0, 0, 1],
      "load" : 0.059,
      "mcount" : {
        "mcount" : { "Success" : 4 }
      },
      "http_proto0" : {
        "mcount" : {
          "mcount" : { "OK" : 4 }
        }
      },
      "source_log" : {
        "delta" : [0, 0, 0]
      },
      "loggers" : {
        "brief_logger" : {
          "records" : [4, 3],
          "out" : [237, 236]
        }
      }
    }
  }
},
"2020-11-23 14:17:17.747 +0000" : {
  "main_scheduler" : {
    "bqs" : {
      "00026" : {
        "mmconts" : [17, 17, 17],
        "acts" : [2, 1],
        "tstate" : { "idle" : 987006, "run" : 13030, "locked" : 0, "mmap" : 0 }
      },
      "00027" : {
        "mmconts" : [15, 16, 17],
        "acts" : [6, 5],
        "tstate" : { "idle" : 993374, "run" : 6561, "locked" : 0, "mmap" : 95 }
      },
      "00028" : {
        "mmconts" : [16, 16, 17],
        "acts" : [5, 4],
        "tstate" : { "idle" : 985225, "run" : 14765, "locked" : 0, "mmap" : 39 }
      }
    }
  },
  "benchmark_io" : {
    "simple_times" : {
      "mcount" : {
        "mcount" : { "25 -- 41" : 1, "6 -- 10" : 1, "4 -- 6" : 1 }
      }
    },
    "stream_method" : {
      "conns" : [3, 2],
      "in" : [471, 470],
      "out" : [237, 236],
      "mmtasks" : [0, 0, 1],
      "load" : 0.040,
      "mcount" : {
        "mcount" : { "Success" : 3 }
      },
      "http_proto0" : {
        "mcount" : {
          "mcount" : { "OK" : 3 }
        }
      },
      "source_log" : {
        "delta" : [0, 0, 0]
      },
      "loggers" : {
        "brief_logger" : {
          "records" : [3, 3],
          "out" : [173, 173]
        }
      }
    }
  }
},
"2020-11-23 14:17:18.747 +0000" : {
  "main_scheduler" : {
    "bqs" : {
      "00026" : {
        "mmconts" : [15, 16, 17],
        "acts" : [8, 8],
        "tstate" : { "idle" : 978513, "run" : 20752, "locked" : 0, "mmap" : 78 }
      },
      "00027" : {
        "mmconts" : [14, 14, 15],
        "acts" : [3, 3],
        "tstate" : { "idle" : 995731, "run" : 3587, "locked" : 0, "mmap" : 25 }
      },
      "00028" : {
        "mmconts" : [15, 15, 16],
        "acts" : [5, 5],
        "tstate" : { "idle" : 987718, "run" : 11584, "locked" : 0, "mmap" : 40 }
      }
    }
  },
  "benchmark_io" : {
    "simple_times" : {
      "mcount" : {
        "mcount" : { "6 -- 10" : 4 }
      }
    },
    "stream_method" : {
      "conns" : [4, 4],
      "in" : [628, 628],
      "out" : [316, 316],
      "mmtasks" : [0, 0, 1],
      "load" : 0.064,
      "mcount" : {
        "mcount" : { "Success" : 4 }
      },
      "http_proto0" : {
        "mcount" : {
          "mcount" : { "OK" : 4 }
        }
      },
      "source_log" : {
        "delta" : [0, 0, 0]
      },
      "loggers" : {
        "brief_logger" : {
          "records" : [4, 4],
          "out" : [225, 225]
        }
      }
    }
  }
},
"2020-11-23 14:17:19.747 +0000" : {
  "main_scheduler" : {
    "bqs" : {
      "00026" : {
        "mmconts" : [14, 14, 15],
        "acts" : [5, 4],
        "tstate" : { "idle" : 995364, "run" : 4724, "locked" : 0, "mmap" : 33 }
      },
      "00027" : {
        "mmconts" : [13, 13, 14],
        "acts" : [3, 2],
        "tstate" : { "idle" : 996701, "run" : 3378, "locked" : 0, "mmap" : 42 }
      },
      "00028" : {
        "mmconts" : [13, 14, 15],
        "acts" : [8, 7],
        "tstate" : { "idle" : 990042, "run" : 10000, "locked" : 0, "mmap" : 79 }
      }
    }
  },
  "benchmark_io" : {
    "simple_times" : {
      "mcount" : {
        "mcount" : { "41 -- 65" : 1, "16 -- 25" : 1, "10 -- 16" : 2 }
      }
    },
    "stream_method" : {
      "conns" : [4, 3],
      "in" : [628, 627],
      "out" : [316, 315],
      "mmtasks" : [0, 0, 1],
      "load" : 0.043,
      "mcount" : {
        "mcount" : { "Success" : 4 }
      },
      "http_proto0" : {
        "mcount" : {
          "mcount" : { "OK" : 4 }
        }
      },
      "source_log" : {
        "delta" : [0, 0, 0]
      },
      "loggers" : {
        "brief_logger" : {
          "records" : [4, 3],
          "out" : [236, 235]
        }
      }
    }
  }
},
"2020-11-23 14:17:20.747 +0000" : {
  "main_scheduler" : {
    "bqs" : {
      "00026" : {
        "mmconts" : [13, 13, 14],
        "acts" : [5, 4],
        "tstate" : { "idle" : 994795, "run" : 5559, "locked" : 0, "mmap" : 69 }
      },
      "00027" : {
        "mmconts" : [11, 12, 13],
        "acts" : [6, 5],
        "tstate" : { "idle" : 984766, "run" : 15538, "locked" : 0, "mmap" : 138 }
      },
      "00028" : {
        "mmconts" : [12, 12, 13],
        "acts" : [5, 4],
        "tstate" : { "idle" : 993108, "run" : 7295, "locked" : 0, "mmap" : 50 }
      }
    }
  },
  "benchmark_io" : {
    "simple_times" : {
      "mcount" : {
        "mcount" : { "25 -- 41" : 3, "16 -- 25" : 1 }
      }
    },
    "stream_method" : {
      "conns" : [4, 3],
      "in" : [628, 627],
      "out" : [316, 315],
      "mmtasks" : [0, 0, 1],
      "load" : 0.031,
      "mcount" : {
        "mcount" : { "Success" : 4 }
      },
      "http_proto0" : {
        "mcount" : {
          "mcount" : { "OK" : 4 }
        }
      },
      "source_log" : {
        "delta" : [0, 0, 0]
      },
      "loggers" : {
        "brief_logger" : {
          "records" : [4, 3],
          "out" : [240, 239]
        }
      }
    }
  }
},
"2020-11-23 14:17:21.748 +0000" : {
  "main_scheduler" : {
    "bqs" : {
      "00026" : {
        "mmconts" : [11, 12, 13],
        "acts" : [8, 7],
        "tstate" : { "idle" : 992364, "run" : 7772, "locked" : 0, "mmap" : 75 }
      },
      "00027" : {
        "mmconts" : [10, 10, 11],
        "acts" : [3, 2],
        "tstate" : { "idle" : 998449, "run" : 1720, "locked" : 0, "mmap" : 26 }
      },
      "00028" : {
        "mmconts" : [11, 11, 12],
        "acts" : [5, 4],
        "tstate" : { "idle" : 992012, "run" : 8102, "locked" : 0, "mmap" : 70 }
      }
    }
  },
  "benchmark_io" : {
    "simple_times" : {
      "mcount" : {
        "mcount" : { "16 -- 25" : 1, "6 -- 10" : 2, "4 -- 6" : 1 }
      }
    },
    "stream_method" : {
      "conns" : [4, 3],
      "in" : [628, 627],
      "out" : [316, 315],
      "mmtasks" : [0, 0, 1],
      "load" : 0.048,
      "mcount" : {
        "mcount" : { "Success" : 4 }
      },
      "http_proto0" : {
        "mcount" : {
          "mcount" : { "OK" : 4 }
        }
      },
      "source_log" : {
        "delta" : [0, 0, 0]
      },
      "loggers" : {
        "brief_logger" : {
          "records" : [4, 4],
          "out" : [228, 228]
        }
      }
    }
  }
},
"2020-11-23 14:17:22.749 +0000" : {
  "main_scheduler" : {
    "bqs" : {
      "00026" : {
        "mmconts" : [9, 10, 11],
        "acts" : [8, 7],
        "tstate" : { "idle" : 993556, "run" : 7311, "locked" : 0, "mmap" : 82 }
      },
      "00027" : {
        "mmconts" : [9, 9, 10],
        "acts" : [3, 2],
        "tstate" : { "idle" : 997848, "run" : 3066, "locked" : 0, "mmap" : 34 }
      },
      "00028" : {
        "mmconts" : [10, 10, 11],
        "acts" : [5, 4],
        "tstate" : { "idle" : 996387, "run" : 4502, "locked" : 0, "mmap" : 59 }
      }
    }
  },
  "benchmark_io" : {
    "simple_times" : {
      "mcount" : {
        "mcount" : { "16 -- 25" : 1, "10 -- 16" : 1, "6 -- 10" : 1, "4 -- 6" : 1 }
      }
    },
    "stream_method" : {
      "conns" : [4, 3],
      "in" : [628, 627],
      "out" : [316, 315],
      "mmtasks" : [0, 0, 1],
      "load" : 0.058,
      "mcount" : {
        "mcount" : { "Success" : 4 }
      },
      "http_proto0" : {
        "mcount" : {
          "mcount" : { "OK" : 4 }
        }
      },
      "source_log" : {
        "delta" : [0, 0, 0]
      },
      "loggers" : {
        "brief_logger" : {
          "records" : [4, 3],
          "out" : [230, 229]
        }
      }
    }
  }
},
"2020-11-23 14:17:23.748 +0000" : {
  "main_scheduler" : {
    "bqs" : {
      "00026" : {
        "mmconts" : [8, 8, 9],
        "acts" : [5, 5],
        "tstate" : { "idle" : 990837, "run" : 8284, "locked" : 0, "mmap" : 39 }
      },
      "00027" : {
        "mmconts" : [7, 7, 9],
        "acts" : [7, 7],
        "tstate" : { "idle" : 989125, "run" : 9964, "locked" : 0, "mmap" : 70 }
      },
      "00028" : {
        "mmconts" : [8, 8, 10],
        "acts" : [8, 8],
        "tstate" : { "idle" : 982681, "run" : 15940, "locked" : 0, "mmap" : 538 }
      }
    }
  },
  "benchmark_io" : {
    "simple_times" : {
      "mcount" : {
        "mcount" : { "25 -- 41" : 1, "16 -- 25" : 1, "10 -- 16" : 1, "6 -- 10" : 2 }
      }
    },
    "stream_method" : {
      "conns" : [5, 5],
      "in" : [785, 785],
      "out" : [395, 395],
      "mmtasks" : [0, 0, 1],
      "load" : 0.073,
      "mcount" : {
        "mcount" : { "Success" : 5 }
      },
      "http_proto0" : {
        "mcount" : {
          "mcount" : { "OK" : 5 }
        }
      },
      "source_log" : {
        "delta" : [0, 0, 0]
      },
      "loggers" : {
        "brief_logger" : {
          "records" : [5, 5],
          "out" : [293, 293]
        }
      }
    }
  }
},
"2020-11-23 14:17:24.748 +0000" : {
  "main_scheduler" : {
    "bqs" : {
      "00026" : {
        "mmconts" : [7, 7, 8],
        "acts" : [5, 5],
        "tstate" : { "idle" : 993800, "run" : 6008, "locked" : 0, "mmap" : 47 }
      },
      "00027" : {
        "mmconts" : [6, 6, 7],
        "acts" : [3, 3],
        "tstate" : { "idle" : 996974, "run" : 2863, "locked" : 0, "mmap" : 54 }
      },
      "00028" : {
        "mmconts" : [6, 7, 8],
        "acts" : [8, 8],
        "tstate" : { "idle" : 987985, "run" : 11806, "locked" : 0, "mmap" : 103 }
      }
    }
  },
  "benchmark_io" : {
    "simple_times" : {
      "mcount" : {
        "mcount" : { "16 -- 25" : 1, "10 -- 16" : 2, "4 -- 6" : 1 }
      }
    },
    "stream_method" : {
      "conns" : [4, 4],
      "in" : [628, 628],
      "out" : [316, 316],
      "mmtasks" : [0, 0, 1],
      "load" : 0.044,
      "mcount" : {
        "mcount" : { "Success" : 4 }
      },
      "http_proto0" : {
        "mcount" : {
          "mcount" : { "OK" : 4 }
        }
      },
      "source_log" : {
        "delta" : [0, 0, 0]
      },
      "loggers" : {
        "brief_logger" : {
          "records" : [4, 4],
          "out" : [232, 232]
        }
      }
    }
  }
},
"2020-11-23 14:17:25.748 +0000" : {
  "main_scheduler" : {
    "bqs" : {
      "00026" : {
        "mmconts" : [5, 6, 7],
        "acts" : [8, 7],
        "tstate" : { "idle" : 992390, "run" : 7730, "locked" : 0, "mmap" : 125 }
      },
      "00027" : {
        "mmconts" : [4, 5, 6],
        "acts" : [6, 5],
        "tstate" : { "idle" : 994417, "run" : 5678, "locked" : 0, "mmap" : 116 }
      },
      "00028" : {
        "mmconts" : [5, 5, 6],
        "acts" : [5, 4],
        "tstate" : { "idle" : 993982, "run" : 6187, "locked" : 0, "mmap" : 41 }
      }
    }
  },
  "benchmark_io" : {
    "simple_times" : {
      "mcount" : {
        "mcount" : { "10 -- 16" : 5 }
      }
    },
    "stream_method" : {
      "conns" : [5, 4],
      "in" : [785, 784],
      "out" : [395, 394],
      "mmtasks" : [0, 0, 1],
      "load" : 0.042,
      "mcount" : {
        "mcount" : { "Success" : 5 }
      },
      "http_proto0" : {
        "mcount" : {
          "mcount" : { "OK" : 5 }
        }
      },
      "source_log" : {
        "delta" : [0, 0, 0]
      },
      "loggers" : {
        "brief_logger" : {
          "records" : [5, 4],
          "out" : [294, 293]
        }
      }
    }
  }
},
"2020-11-23 14:17:26.747 +0000" : {
  "main_scheduler" : {
    "bqs" : {
      "00026" : {
        "mmconts" : [4, 4, 5],
        "acts" : [5, 5],
        "tstate" : { "idle" : 989284, "run" : 10351, "locked" : 0, "mmap" : 40 }
      },
      "00027" : {
        "mmconts" : [2, 3, 4],
        "acts" : [6, 6],
        "tstate" : { "idle" : 965353, "run" : 34245, "locked" : 0, "mmap" : 75 }
      },
      "00028" : {
        "mmconts" : [3, 3, 5],
        "acts" : [8, 8],
        "tstate" : { "idle" : 980607, "run" : 18843, "locked" : 0, "mmap" : 221 }
      }
    }
  },
  "benchmark_io" : {
    "simple_times" : {
      "mcount" : {
        "mcount" : { "41 -- 65" : 1, "25 -- 41" : 2, "10 -- 16" : 1, "6 -- 10" : 1 }
      }
    },
    "stream_method" : {
      "conns" : [5, 5],
      "in" : [785, 785],
      "out" : [395, 395],
      "mmtasks" : [0, 0, 1],
      "load" : 0.018,
      "mcount" : {
        "mcount" : { "Success" : 5 }
      },
      "http_proto0" : {
        "mcount" : {
          "mcount" : { "OK" : 5 }
        }
      },
      "source_log" : {
        "delta" : [0, 0, 0]
      },
      "loggers" : {
        "brief_logger" : {
          "records" : [5, 5],
          "out" : [294, 294]
        }
      }
    }
  }
},
"2020-11-23 14:17:27.580 +0000" : {
  "main_scheduler" : {
    "bqs" : {
      "00026" : {
        "mmconts" : [2, 3, 4],
        "acts" : [8, 9],
        "tstate" : { "idle" : 821094, "run" : 11557, "locked" : 0, "mmap" : 143 }
      },
      "00027" : {
        "mmconts" : [0, 1, 2],
        "acts" : [4, 4],
        "tstate" : { "idle" : 830426, "run" : 2282, "locked" : 0, "mmap" : 90 }
      },
      "00028" : {
        "mmconts" : [2, 2, 3],
        "acts" : [5, 6],
        "tstate" : { "idle" : 824131, "run" : 8605, "locked" : 0, "mmap" : 65 }
      }
    }
  },
  "benchmark_io" : {
    "simple_times" : {
      "mcount" : {
        "mcount" : { "25 -- 41" : 1, "16 -- 25" : 1, "6 -- 10" : 2 }
      }
    },
    "stream_method" : {
      "conns" : [4, 4],
      "in" : [628, 754],
      "out" : [316, 379],
      "mmtasks" : [0, 0, 1],
      "load" : 0.043,
      "mcount" : {
        "mcount" : { "Success" : 4 }
      },
      "http_proto0" : {
        "mcount" : {
          "mcount" : { "OK" : 4 }
        }
      },
      "source_log" : {
        "delta" : [0, 0, 0]
      },
      "loggers" : {
        "brief_logger" : {
          "records" : [4, 4],
          "out" : [234, 278]
        }
      }
    }
  }
}