1606141149.269		81826	78024	89	3585	128	81446	79	157	0	200
1606141150.265		7998	2959	34	4889	116	7670	79	157	0	200
1606141151.266		15370	5164	87	9810	309	14190	79	157	0	200
1606141152.266		22966	7062	122	15259	523	21878	79	157	0	200
1606141153.266		22961	9533	262	12930	236	21796	79	157	0	200
1606141154.266		16210	4207	223	11621	159	15549	79	157	0	200
1606141155.266		6126	2013	32	3674	407	5508	79	157	0	200
1606141156.266		25578	6980	102	18162	334	24812	79	157	0	200
1606141157.265		15559	6045	259	8998	257	14777	79	157	0	200
1606141158.266		11591	4007	66	7364	154	11123	79	157	0	200
1606141159.266		7972	2338	77	5377	180	7548	79	157	0	200
1606141160.266		27394	6932	392	19632	438	25742	79	157	0	200
1606141161.266		7574	2556	63	4789	166	7209	79	157	0	200
1606141162.266		25929	6919	94	18338	578	24709	79	157	0	200
1606141163.265		29320	8144	171	18571	2434	26358	79	157	0	200
1606141164.266		27407	11427	212	15520	248	26664	79	157	0	200
1606141165.267		28426	9080	221	18914	211	27655	79	157	0	200
1606141166.266		32089	9815	78	21879	317	31265	79	157	0	200
1606141167.265		23283	6535	305	16252	191	22496	79	157	0	200
1606141168.266		26542	8000	264	17955	323	25673	79	157	0	200
1606141169.267		16699	6525	69	9896	209	16157	79	157	0	200
1606141170.266		22312	6499	370	15037	406	21172	79	157	0	200
1606141171.266		127993	114983	39	12771	200	90475	79	157	0	200
1606141172.266		36004	18620	87	17090	207	35557	79	157	0	200
1606141173.266		8323	4473	166	3517	167	7842	79	157	0	200
1606141174.266		5898	2362	36	3368	132	5462	79	157	0	200
1606141175.266		7703	3265	70	4056	312	7071	79	157	0	200
1606141176.266		6168	2531	40	3484	113	5868	79	157	0	200
1606141177.266		14060	6469	42	7340	209	13301	79	157	0	200
1606141178.266		7917	2293	68	5376	180	7458	79	157	0	200
1606141179.266		27751	20151	42	7061	497	15292	79	157	0	200
1606141179.603		8620	3735	40	4658	187	8219	79	157	0	200
1606141179.931		13825	7398	36	6162	229	13381	79	157	0	200
1606141180.266		13706	7297	171	6001	237	11932	79	157	0	200
1606141180.599		12977	5640	69	7140	128	11584	79	157	0	200
1606141180.932		6187	2530	31	3516	110	5912	79	157	0	200
1606141181.266		21052	8922	79	11852	199	20425	79	157	0	200
1606141181.599		5387	2011	50	3214	112	5099	79	157	0	200
1606141181.932		5931	2322	33	3435	141	5563	79	157	0	200
1606141182.266		7729	3108	34	4454	133	7243	79	157	0	200
1606141182.599		7254	2331	88	4673	162	6878	79	157	0	200
1606141182.932		7414	2510	69	4639	196	6998	79	157	0	200
1606141183.266		7177	2403	62	3838	874	6768	79	157	0	200
1606141183.599		8853	2453	45	4842	1513	8353	79	157	0	200
1606141183.932		7548	3435	75	3916	122	7084	79	157	0	200
1606141184.266		8108	2930	251	4579	348	7323	79	157	0	200
1606141184.598		34369	5410	46	19466	9447	24052	79	157	0	200
1606141184.931		11629	3167	69	8231	162	11227	79	157	0	200
1606141185.266		6120	2434	41	3473	172	5659	79	157	0	200
1606141185.599		5601	1960	37	3375	229	5209	79	157	0	200
1606141185.932		16986	2665	69	14119	133	16490	79	157	0	200
1606141186.265		8505	4542	73	3726	164	7985	79	157	0	200
1606141186.599		6242	2302	183	3636	121	5754	79	157	0	200
1606141186.932		5889	2151	140	3480	118	5446	79	157	0	200
1606141187.265		7705	3891	66	3657	91	7396	79	157	0	200
1606141187.599		7349	2557	40	4635	117	7011	79	157	0	200
1606141187.932		8486	2602	85	5669	130	8118	79	157	0	200
1606141188.266		6972	2434	38	4378	122	6611	79	157	0	200
1606141188.599		7787	2622	39	5015	111	7475	79	157	0	200
1606141188.932		21874	7216	58	14412	188	21463	79	157	0	200
1606141189.266		6535	2748	35	3589	163	6108	79	157	0	200
1606141189.599		5888	2380	44	3370	94	5595	79	157	0	200
1606141189.932		17323	3459	195	13555	114	16763	79	157	0	200
1606141190.266		6030	2496	67	3327	140	5655	79	157	0	200
1606141190.599		5806	2113	38	3467	188	5378	79	157	0	200
1606141190.931		11277	2712	42	8396	127	10750	79	157	0	200
1606141191.266		13804	3193	80	10384	147	13400	79	157	0	200
1606141191.599		5764	2148	35	3201	380	5415	79	157	0	200
1606141191.932		7296	2368	40	4693	195	6929	79	157	0	200
1606141192.266		10157	3227	147	6651	132	9714	79	157	0	200
1606141192.599		6802	2271	39	4333	159	6454	79	157	0	200
1606141192.932		5657	1948	35	3525	149	5352	79	157	0	200
1606141193.265		9010	3606	68	5209	127	8553	79	157	0	200
1606141193.599		10140	3208	36	6732	164	9698	79	157	0	200
1606141193.932		5705	2212	40	3374	79	5340	79	157	0	200
1606141194.266		6123	2443	28	3544	108	5844	79	157	0	200
1606141194.599		6806	2416	37	4238	115	6488	79	157	0	200
1606141194.932		5751	2151	51	3338	211	5329	79	157	0	200
1606141195.266		6769	2414	44	4219	92	6442	79	157	0	200
1606141195.599		6760	2289	99	4176	196	6219	79	157	0	200
1606141195.932		6022	1997	71	3764	190	5619	79	157	0	200
1606141196.266		16133	2678	101	13221	133	15671	79	157	0	200
1606141196.599		15162	3643	38	6567	4914	14659	79	157	0	200
1606141196.932		8194	2758	107	5187	142	7605	79	157	0	200
1606141197.266		9950	3186	67	5174	1523	9318	79	157	0	200
1606141197.599		6012	2366	57	3462	127	5577	79	157	0	200
1606141197.932		8713	3257	41	4491	924	8295	79	157	0	200
1606141198.266		6974	2211	96	4549	118	6464	79	157	0	200
1606141198.599		6047	2298	68	3583	98	5727	79	157	0	200
1606141198.932		5926	2555	33	3235	103	5521	79	157	0	200
1606141199.266		5897	2211	33	3420	233	5499	79	157	0	200
1606141199.599		5903	2426	37	3366	74	5601	79	157	0	200
1606141199.932		6254	2346	258	3553	97	5732	79	157	0	200
1606141200.266		6624	2054	97	4291	182	6192	79	157	0	200
1606141200.599		5994	2008	31	3798	157	5610	79	157	0	200
1606141200.931		6019	2346	37	3550	86	5755	79	157	0	200
1606141201.266		5807	2158	69	3483	97	5436	79	157	0	200
1606141201.599		6030	2274	65	3376	315	5435	79	157	0	200
1606141201.932		6085	2517	74	3384	110	5744	79	157	0	200
1606141202.266		42090	28684	94	13210	102	41745	79	157	0	200
1606141202.599		6430	2374	27	3908	121	6077	79	157	0	200
1606141202.932		5868	2417	39	3328	84	5596	79	157	0	200
1606141203.266		6174	2141	67	3772	194	5681	79	157	0	200
1606141203.598		6006	2307	60	3513	126	5666	79	157	0	200
1606141203.932		6713	3153	83	3335	142	6336	79	157	0	200
1606141204.266		6519	2367	62	3984	106	6154	79	157	0	200
1606141204.599		6793	2355	27	4290	121	6493	79	157	0	200
1606141204.932		5952	2266	64	3437	185	5550	79	157	0	200
1606141205.266		12944	3112	40	9645	147	12580	79	157	0	200
1606141205.598		7951	2512	39	5277	123	7615	79	157	0	200
1606141205.932		7582	2373	67	5041	101	7276	79	157	0	200
1606141206.265		14312	5184	68	8921	139	13912	79	157	0	200
1606141206.599		5900	2138	39	3606	117	5611	79	157	0	200
1606141206.932		5773	1998	79	3501	195	5381	79	157	0	200
1606141207.266		5592	2064	31	3372	125	5313	79	157	0	200
1606141207.598		5958	2150	32	3632	144	5524	79	157	0	200
1606141207.932		6274	1948	57	4068	201	5873	79	157	0	200
1606141208.266		8294	3374	77	4727	116	7943	79	157	0	200
1606141208.598		11456	4663	112	6561	120	10998	79	157	0	200
1606141208.932		11475	3101	63	8166	145	11074	79	157	0	200
1606141209.266		14087	6750	101	7068	168	13629	79	157	0	200
1606141209.465		11821	3622	131	7907	161	11374	79	157	0	200
1606141209.666		13128	2749	70	9073	1236	12525	79	157	0	200
1606141209.865		11372	3286	404	7577	105	10634	79	157	0	200
1606141210.066		5886	2383	73	3285	145	5510	79	157	0	200
1606141210.266		9838	2551	75	7094	118	9515	79	157	0	200
1606141210.468		60174	8527	118	51314	215	53345	79	157	0	200
1606141210.666		13067	2569	70	8978	1450	12662	79	157	0	200
1606141210.866		9314	3481	115	5501	217	8822	79	157	0	200
1606141211.066		5884	1816	36	3887	145	5562	79	157	0	200
1606141211.266		7051	2210	114	4568	159	6605	79	157	0	200
1606141211.466		14621	2659	42	11806	114	14307	79	157	0	200
1606141211.666		13716	2608	40	10926	142	13351	79	157	0	200
1606141211.866		17090	8464	67	8433	126	16739	79	157	0	200
1606141212.066		8699	2684	266	5623	126	8150	79	157	0	200
1606141212.266		8157	2750	45	5223	139	7804	79	157	0	200
1606141212.465		11567	4789	60	6601	117	11238	79	157	0	200
1606141212.665		21149	3095	32	17889	133	20811	79	157	0	200
1606141212.866		12118	4091	139	7734	154	11648	79	157	0	200
1606141213.066		10523	2999	47	7339	138	10157	79	157	0	200
1606141213.266		11921	4073	103	7623	122	11533	79	157	0	200
1606141213.466		6857	1945	33	4767	112	6579	79	157	0	200
1606141213.665		6955	2409	23	3694	829	6434	79	157	0	200
1606141213.865		7613	2338	148	5012	115	7035	79	157	0	200
1606141214.066		8220	2030	32	6005	153	7875	79	157	0	200
1606141214.266		6792	2138	40	4499	115	6426	79	157	0	200
1606141214.465		7845	2410	131	5017	287	7270	79	157	0	200
1606141214.666		23115	3521	295	19021	278	22377	79	157	0	200
1606141214.866		9715	3315	108	5121	1171	9048	79	157	0	200
1606141215.066		7863	2192	40	5509	122	7455	79	157	0	200
1606141215.266		5661	2360	33	3096	172	5234	79	157	0	200
1606141215.466		7474	2061	34	5227	152	7142	79	157	0	200
1606141215.666		11156	3070	37	7965	84	10848	79	157	0	200
1606141215.866		11234	2484	37	8610	103	10892	79	157	0	200
1606141216.066		6978	2589	25	4234	130	6673	79	157	0	200
1606141216.266		11151	2245	38	8736	132	10824	79	157	0	200
1606141216.466		6624	2067	80	4329	148	6247	79	157	0	200
1606141216.665		6055	2503	61	3387	104	5746	79	157	0	200
1606141216.866		6645	2342	68	4117	118	6310	79	157	0	200
1606141217.066		7108	2267	65	4548	228	6660	79	157	0	200
1606141217.266		6897	2301	38	3821	737	6560	79	157	0	200
1606141217.466		24899	8526	34	16199	140	24430	79	157	0	200
1606141217.666		12100	2740	38	8974	348	11561	79	157	0	200
1606141217.866		6177	2083	58	3925	111	5876	79	157	0	200
1606141218.065		6757	2322	56	4196	183	6355	79	157	0	200
1606141218.266		10885	2262	179	8306	138	10395	79	157	0	200
1606141218.466		8288	2161	137	5796	194	7818	79	157	0	200
1606141218.666		10364	4953	29	5257	125	10057	79	157	0	200
1606141218.865		5867	1809	35	3860	163	5491	79	157	0	200
1606141219.066		7012	2667	60	4175	110	6593	79	157	0	200
1606141219.266		7308	2576	65	4549	118	6967	79	157	0	200
1606141219.466		7773	2172	65	5425	111	7417	79	157	0	200
1606141219.666		6858	2380	32	4348	98	6517	79	157	0	200
1606141219.866		6527	2224	196	3989	118	6060	79	157	0	200
1606141220.066		8346	2666	42	5434	204	7893	79	157	0	200
1606141220.266		7996	2369	69	5393	165	7599	79	157	0	200
1606141220.466		6976	2532	80	4281	83	6654	79	157	0	200
1606141220.666		8020	3052	39	4802	127	7618	79	157	0	200
1606141220.866		13818	5660	99	7823	236	13304	79	157	0	200
1606141221.065		9052	3101	48	5725	178	8593	79	157	0	200
1606141221.266		7597	2614	93	4130	760	7142	79	157	0	200
1606141221.466		6858	1946	40	4709	163	6531	79	157	0	200
1606141221.666		9278	2479	53	6605	141	8914	79	157	0	200
1606141221.866		6921	2288	67	4321	245	6465	79	157	0	200
1606141222.066		7303	2289	59	4840	115	6860	79	157	0	200
1606141222.266		6760	2360	37	4189	174	6419	79	157	0	200
1606141222.465		6542	2359	38	4016	129	6240	79	157	0	200
1606141222.666		5494	2158	35	3203	98	5108	79	157	0	200
1606141222.866		7529	2233	52	4820	424	7137	79	157	0	200
1606141223.066		8392	2388	39	5761	204	7979	79	157	0	200
1606141223.266		6926	2759	37	4017	113	6557	79	157	0	200
1606141223.466		11009	6115	37	4684	173	10610	79	157	0	200
1606141223.666		20459	9913	54	10357	135	20071	79	157	0	200
1606141223.865		9997	2577	39	7263	118	9468	79	157	0	200
1606141224.066		6854	2381	32	4236	205	6470	79	157	0	200
1606141224.266		7401	2536	60	4681	124	7030	79	157	0	200
1606141224.465		6155	2118	63	3809	165	5772	79	157	0	200
1606141224.666		10865	4673	37	6039	116	10558	79	157	0	200
1606141224.865		6410	2541	36	3731	102	6126	79	157	0	200
1606141225.066		7953	2500	66	5293	94	7595	79	157	0	200
1606141225.265		6113	2307	35	3656	115	5813	79	157	0	200
1606141225.465		6433	1951	35	4271	176	6080	79	157	0	200
1606141225.666		7409	2909	36	4345	119	7097	79	157	0	200
1606141225.866		6306	2380	37	3776	113	6005	79	157	0	200
1606141226.066		8025	3531	64	4259	171	7572	79	157	0	200
1606141226.266		24287	17197	99	6785	206	23781	79	157	0	200
1606141226.466		14127	6867	80	7044	136	13736	79	157	0	200
1606141226.665		6283	2643	217	3292	131	5743	79	157	0	200
1606141226.867		6267	2506	43	3619	99	5878	79	157	0	200
1606141227.066		7376	2932	36	4220	188	7028	79	157	0	200
1606141227.265		6186	2424	58	3604	100	5848	79	157	0	200
1606141227.466		7229	2812	35	4230	152	6823	79	157	0	200
1606141227.665		10111	2656	39	7250	166	9756	79	157	0	200
1606141227.866		5868	2317	48	3397	106	5562	79	157	0	200
1606141228.066		9956	3452	75	6087	342	9397	79	157	0	200
1606141228.268		5665	2311	51	3180	123	5293	79	157	0	200
1606141228.466		6789	2355	74	4161	199	6317	79	157	0	200
1606141228.666		7899	2427	40	5266	166	7533	79	157	0	200
1606141228.866		6414	2640	70	3583	121	6088	79	157	0	200
1606141229.066		8577	2969	41	5365	202	8154	79	157	0	200
1606141229.266		28038	4504	64	23278	192	27571	79	157	0	200
1606141229.466		16905	9029	95	7588	193	16361	79	157	0	200
1606141229.666		9701	3695	104	5780	122	9148	79	157	0	200
1606141229.865		7244	2173	98	4856	117	6858	79	157	0	200
1606141230.066		7132	2045	77	4771	239	6672	79	157	0	200
1606141230.266		8165	2292	52	5709	112	7852	79	157	0	200
1606141230.466		5922	2243	71	3452	156	5504	79	157	0	200
1606141230.666		11712	4019	36	7532	125	11383	79	157	0	200
1606141230.866		6141	2481	35	3499	126	5738	79	157	0	200
1606141231.065		6507	2637	37	3694	139	6180	79	157	0	200
1606141231.265		7960	2285	58	5514	103	7674	79	157	0	200
1606141231.466		5818	2443	62	3192	121	5423	79	157	0	200
1606141231.666		6110	2405	63	3533	109	5776	79	157	0	200
1606141231.866		19188	3858	493	14644	193	18341	79	157	0	200
1606141232.066		7157	2654	73	4283	147	6735	79	157	0	200
1606141232.269		14899	7314	71	7341	173	14476	79	157	0	200
1606141232.466		20447	4553	54	15707	133	20064	79	157	0	200
1606141232.666		8924	4461	75	4268	120	8483	79	157	0	200
1606141232.866		6390	2785	34	3474	97	6076	79	157	0	200
1606141233.065		5924	2321	71	3429	103	5598	79	157	0	200
1606141233.266		6156	2165	30	3827	134	5749	79	157	0	200
1606141233.466		5463	2073	34	3268	88	5191	79	157	0	200
1606141233.666		10245	2315	162	7650	118	9821	79	157	0	200
1606141233.866		5883	2399	28	3298	158	5414	79	157	0	200
1606141234.066		6863	2532	39	3570	722	6535	79	157	0	200
1606141234.266		6090	2242	53	3682	113	5772	79	157	0	200
1606141234.466		8482	4331	42	3933	176	8107	79	157	0	200
1606141234.666		11025	2422	95	8390	118	10613	79	157	0	200
1606141234.865		7804	2464	33	5138	169	7443	79	157	0	200
1606141235.066		6817	2352	37	4238	190	6416	79	157	0	200
1606141235.266		8357	2696	64	5362	235	7890	79	157	0	200
1606141235.466		8628	3272	127	5108	121	8051	79	157	0	200
1606141235.666		9977	3525	205	5995	252	9118	79	157	0	200
1606141235.866		6222	2009	282	3804	127	5673	79	157	0	200
1606141236.065		7550	3359	39	3997	155	6479	79	157	0	200
1606141236.266		5807	2193	37	3456	121	5525	79	157	0	200
1606141236.466		5799	2430	60	3170	139	5440	79	157	0	200
1606141236.666		11074	3465	38	7472	99	10800	79	157	0	200
1606141236.866		6377	2900	34	3355	88	6095	79	157	0	200
1606141237.066		5982	2251	210	3295	226	5384	79	157	0	200
1606141237.266		6985	2120	89	4597	179	6587	79	157	0	200
1606141237.466		7338	3540	71	3620	107	6689	79	157	0	200
1606141237.665		8245	3811	49	4238	147	7730	79	157	0	200
1606141237.866		10869	4882	45	5783	159	10309	79	157	0	200
1606141238.065		8808	4582	40	4055	131	8312	79	157	0	200
1606141238.266		9103	2984	45	5902	172	8737	79	157	0	200
1606141238.466		8933	2894	74	5846	119	8486	79	157	0	200
1606141238.666		6123	2212	69	3680	162	5724	79	157	0	200
1606141238.867		8379	2455	164	5690	70	7870	79	157	0	200
1606141239.066		7220	2862	86	4076	196	6721	79	157	0	200
1606141239.266		5901	2218	150	3343	190	5397	79	157	0	200
1606141239.408		7465	2384	31	4874	176	7099	79	157	0	200
1606141239.551		6274	2331	94	3745	104	5872	79	157	0	200
1606141239.694		10677	2379	48	8131	119	10346	79	157	0	200
1606141239.837		7528	2462	66	4764	236	7089	79	157	0	200
1606141239.980		9243	3588	38	5523	94	8871	79	157	0	200
1606141240.122		34384	2332	47	31803	202	33982	79	157	0	200
1606141240.266		6185	2142	30	3740	273	5742	79	157	0	200
1606141240.407		6434	2297	68	3884	185	6062	79	157	0	200
1606141240.551		9607	4628	70	4735	174	9006	79	157	0	200
1606141240.694		12554	2586	35	7750	2183	12219	79	157	0	200
1606141240.837		7329	2511	112	4442	264	6806	79	157	0	200
1606141240.980		11304	5066	72	6036	130	10912	79	157	0	200
1606141241.123		7120	2657	81	4197	185	6612	79	157	0	200
1606141241.266		7765	3012	112	4517	124	7360	79	157	0	200
1606141241.408		11223	4271	37	6790	125	10884	79	157	0	200
1606141241.550		16370	4394	41	11803	132	15930	79	157	0	200
1606141241.694		11822	4387	82	7219	134	11384	79	157	0	200
1606141241.837		5978	2156	54	3659	109	5564	79	157	0	200
1606141241.980		5919	2354	37	3421	107	5599	79	157	0	200
1606141242.123		5940	2149	64	3560	167	5413	79	157	0	200
1606141242.266		6090	2201	32	3769	88	5818	79	157	0	200
1606141242.408		6552	2341	122	3927	162	6111	79	157	0	200
1606141242.551		6363	2388	82	3755	138	5986	79	157	0	200
1606141242.694		7806	2409	47	5265	85	7519	79	157	0	200
1606141242.837		6009	2163	63	3660	123	5669	79	157	0	200
1606141242.980		6468	2290	49	3887	242	6019	79	157	0	200
1606141243.122		8489	2115	142	6055	177	8041	79	157	0	200
1606141243.266		6770	2125	102	4366	177	6347	79	157	0	200
1606141243.408		6005	2342	38	3487	138	5608	79	157	0	200
1606141243.551		6039	2399	119	3398	123	5586	79	157	0	200
1606141243.694		12570	6007	76	6380	107	12246	79	157	0	200
1606141243.837		6121	2153	37	3816	115	5841	79	157	0	200
1606141243.979		6004	2148	33	3661	162	5632	79	157	0	200
1606141244.123		26628	5059	112	21352	105	26114	79	157	0	200
1606141244.265		24289	3923	190	19173	1003	22907	79	157	0	200
1606141244.410		12513	5120	88	7106	199	11997	79	157	0	200
1606141244.551		5361	2055	41	3091	174	5012	79	157	0	200
1606141244.693		6694	2412	98	4066	118	6323	79	157	0	200
1606141244.837		5631	2240	35	3222	134	5300	79	157	0	200
1606141244.980		5832	2323	33	3337	139	5425	79	157	0	200
1606141245.123		6273	2115	34	4017	107	5973	79	157	0	200
1606141245.266		6844	2527	39	4149	129	6396	79	157	0	200
1606141245.408		6659	2526	34	3968	131	6354	79	157	0	200
1606141245.551		9893	3354	139	6278	122	9479	79	157	0	200
1606141245.694		6572	2458	37	3959	118	6292	79	157	0	200
1606141245.837		6061	2345	89	3544	83	5747	79	157	0	200
1606141245.980		5978	2357	29	3468	124	5638	79	157	0	200
1606141246.123		8081	2222	117	5585	157	7674	79	157	0	200
1606141246.266		7079	2286	105	2971	1717	6542	79	157	0	200
1606141246.408		6018	2256	39	3630	93	5733	79	157	0	200
1606141246.551		5783	2352	24	3302	105	5472	79	157	0	200
1606141246.694		12865	4133	65	8494	173	12465	79	157	0	200
1606141246.837		46446	20320	68	25934	124	46079	79	157	0	200
1606141246.980		8154	2580	69	5383	122	7803	79	157	0	200
1606141247.123		9986	3266	65	6461	194	9374	79	157	0	200
1606141247.266		8076	2926	71	4962	117	7722	79	157	0	200
1606141247.407		10057	2269	38	7427	323	9571	79	157	0	200
1606141247.550		49372	9298	57	39864	153	48759	79	157	0	200
1606141247.694		10918	3712	141	6901	164	10440	79	157	0	200
1606141247.837		11051	2505	67	8387	92	10754	79	157	0	200
1606141247.980		5555	2245	54	3077	179	5169	79	157	0	200
1606141248.123		6317	1929	150	4111	127	5889	79	157	0	200
1606141248.265		6177	2643	59	3376	99	5851	79	157	0	200
1606141248.407		6051	2269	72	3609	101	5730	79	157	0	200
1606141248.551		5928	2320	205	3246	157	5412	79	157	0	200
1606141248.696		30390	10449	83	19711	147	28732	79	157	0	200
1606141248.837		10607	3305	73	7108	121	10240	79	157	0	200
1606141248.979		8033	2384	83	5392	174	7598	79	157	0	200
1606141249.123		10281	2903	61	7235	82	10008	79	157	0	200
1606141249.266		6333	2658	34	3533	108	5953	79	157	0	200
1606141249.408		6510	2663	67	3662	118	6118	79	157	0	200
1606141249.551		6974	2174	45	4586	169	6594	79	157	0	200
1606141249.694		9297	2826	44	6317	110	8974	79	157	0	200
1606141249.837		6592	2090	65	4317	120	6286	79	157	0	200
1606141249.980		7340	2622	88	4362	268	6817	79	157	0	200
1606141250.123		13890	3544	178	10021	147	13411	79	157	0	200
1606141250.266		9819	4248	64	5376	131	9418	79	157	0	200
1606141250.408		13945	2787	136	7400	3622	13361	79	157	0	200
1606141250.551		15985	3219	74	12526	166	15578	79	157	0	200
1606141250.694		14863	3831	37	10872	123	14202	79	157	0	200
1606141250.837		6162	2167	39	3835	121	5744	79	157	0	200
1606141250.980		6112	2312	38	3629	133	5798	79	157	0	200
1606141251.123		8606	3043	57	5405	101	8281	79	157	0	200
1606141251.266		5612	2261	31	3178	142	5291	79	157	0	200
1606141251.408		5832	2248	68	3337	179	5428	79	157	0	200
1606141251.551		6021	2144	61	3684	132	5682	79	157	0	200
1606141251.694		6318	2033	36	4052	197	5930	79	157	0	200
1606141251.837		5737	1946	32	3546	213	5355	79	157	0	200
1606141251.980		6483	2078	30	4230	145	6141	79	157	0	200
1606141252.122		8533	2646	72	4763	1052	8080	79	157	0	200
1606141252.266		5577	2372	65	2973	167	5230	79	157	0	200
1606141252.408		7310	2271	94	4678	267	6819	79	157	0	200
1606141252.551		6460	2217	35	3794	414	5881	79	157	0	200
1606141252.694		8443	3494	60	4743	146	7825	79	157	0	200
1606141252.837		8017	2039	77	5772	129	7574	79	157	0	200
1606141252.979		5679	2030	30	3501	118	5392	79	157	0	200
1606141253.123		8442	2185	114	5911	232	7920	79	157	0	200
1606141253.268		18233	12552	101	5464	116	17615	79	157	0	200
1606141253.412		21791	4198	53	17419	121	20507	79	157	0	200
1606141253.551		8254	3275	62	4664	253	7765	79	157	0	200
1606141253.694		5539	1936	34	3195	374	5155	79	157	0	200
1606141253.837		6507	2184	39	4169	115	6196	79	157	0	200
1606141253.979		5797	2331	101	3252	113	5414	79	157	0	200
1606141254.122		6608	2367	75	3964	202	6141	79	157	0	200
1606141254.266		6501	2092	180	4073	156	6037	79	157	0	200
1606141254.408		6536	2951	40	3441	104	6210	79	157	0	200
1606141254.551		5584	2282	35	3151	116	5237	79	157	0	200
1606141254.694		7503	2541	60	4680	222	7031	79	157	0	200
1606141254.836		5843	2391	58	3304	90	5552	79	157	0	200
1606141254.980		6019	2380	35	3503	101	5731	79	157	0	200
1606141255.123		6454	2947	39	3345	123	6139	79	157	0	200
1606141255.266		6968	2634	71	4122	141	6556	79	157	0	200
1606141255.408		10815	2855	37	7700	223	10388	79	157	0	200
1606141255.551		5738	2262	170	3197	109	5283	79	157	0	200
1606141255.694		7111	2325	56	4609	121	6796	79	157	0	200
1606141255.836		12139	3592	31	4312	4204	7236	79	157	0	200
1606141255.980		6964	2130	163	3720	951	6363	79	157	0	200
1606141256.123		6370	2324	68	3764	214	5890	79	157	0	200
1606141256.265		12567	3531	70	8764	202	12134	79	157	0	200
1606141256.410		21378	6016	75	8086	7201	13587	79	157	0	200
1606141256.551		11702	4257	103	6875	467	10825	79	157	0	200
1606141256.694		5770	2309	61	3197	203	5356	79	157	0	200
1606141256.836		5965	2363	48	3232	322	5440	79	157	0	200
1606141256.980		5977	2390	56	3417	114	5656	79	157	0	200
1606141257.122		6323	2172	55	3977	119	6009	79	157	0	200
1606141257.266		7173	2477	69	4520	107	6745	79	157	0	200
1606141257.408		6830	2423	26	4125	256	6335	79	157	0	200
1606141257.550		6130	2392	35	3472	231	5689	79	157	0	200
1606141257.694		6388	2458	37	3813	80	6057	79	157	0	200
1606141257.837		6487	2310	55	3999	123	6150	79	157	0	200
1606141257.980		5683	2245	164	3163	111	5264	79	157	0	200
1606141258.122		6075	2361	85	3490	139	5622	79	157	0	200
1606141258.266		7357	3124	39	4094	100	6717	79	157	0	200
1606141258.408		6814	2383	35	4315	81	6546	79	157	0	200
1606141258.551		6859	2491	68	4187	113	6472	79	157	0	200
1606141258.694		8630	3362	77	5092	99	8309	79	157	0	200
1606141258.837		13856	4857	63	8806	130	13467	79	157	0	200
1606141258.980		6513	2366	137	3825	185	5976	79	157	0	200
1606141259.123		7426	2007	42	4306	1071	7072	79	157	0	200
1606141259.266		9331	3416	240	5486	189	8740	79	157	0	200
1606141259.408		14953	7350	176	7311	116	14463	79	157	0	200
1606141259.551		10213	2593	44	7474	102	9843	79	157	0	200
1606141259.694		18449	2360	82	15811	196	18022	79	157	0	200
1606141259.837		15510	4244	41	11093	132	15163	79	157	0	200
1606141259.980		8833	2633	99	5950	151	8345	79	157	0	200
1606141260.123		7009	2847	33	3429	700	6631	79	157	0	200
1606141260.266		6247	2320	92	3711	124	5903	79	157	0	200
1606141260.408		5738	2278	64	3286	110	5402	79	157	0	200
1606141260.550		5851	2277	34	3388	152	5508	79	157	0	200
1606141260.694		7736	2158	30	5446	102	7475	79	157	0	200
1606141260.837		7038	2271	39	4627	101	6667	79	157	0	200
1606141260.980		5808	2290	65	3349	104	5471	79	157	0	200
1606141261.122		6758	2526	30	4065	137	6366	79	157	0	200
1606141261.266		5826	2095	35	3555	141	5505	79	157	0	200
1606141261.408		6077	2346	208	3408	115	5611	79	157	0	200
1606141261.551		6252	2289	68	3740	155	5775	79	157	0	200
1606141261.693		6424	2183	37	4095	109	6126	79	157	0	200
1606141261.837		8972	2499	39	6073	361	8323	79	157	0	200
1606141261.980		6428	2365	175	3712	176	5880	79	157	0	200
1606141262.123		6705	2519	74	3955	157	6340	79	157	0	200
1606141262.266		17682	3506	66	13960	150	17252	79	157	0	200
1606141262.408		13408	3872	71	9339	126	12893	79	157	0	200
1606141262.551		15241	8369	39	6706	127	14851	79	157	0	200
1606141262.694		6464	2271	78	3417	698	6069	79	157	0	200
1606141262.836		31511	3895	73	27426	117	31153	79	157	0	200
1606141262.980		13994	6558	95	7212	129	13552	79	157	0	200
1606141263.123		6381	2766	48	3478	89	6107	79	157	0	200
1606141263.266		6399	2207	45	3902	245	5983	79	157	0	200
1606141263.408		5989	2134	153	3561	141	5515	79	157	0	200
1606141263.550		5829	1917	43	3661	208	5461	79	157	0	200
1606141263.693		7220	2763	142	4205	110	6756	79	157	0	200
1606141263.837		7044	2271	95	4566	112	6676	79	157	0	200
1606141263.979		5920	2199	71	3526	124	5590	79	157	0	200
1606141264.122		7072	2622	32	4131	287	6602	79	157	0	200
1606141264.265		6048	2207	36	3645	160	5656	79	157	0	200
1606141264.408		6412	2486	47	3766	113	5980	79	157	0	200
1606141264.550		5834	2116	30	3566	122	5514	79	157	0	200
1606141264.694		5955	2308	72	3460	115	5622	79	157	0	200
1606141264.837		6522	2304	146	3951	121	6120	79	157	0	200
1606141264.980		6528	2187	36	4133	172	6160	79	157	0	200
1606141265.122		6803	2638	70	3972	123	6458	79	157	0	200
1606141265.266		10710	2692	82	7700	236	10230	79	157	0	200
1606141265.408		12179	4732	50	7250	147	11523	79	157	0	200
1606141265.550		9344	2289	300	6508	247	8640	79	157	0	200
1606141265.694		5588	2226	307	2947	108	5041	79	157	0	200
1606141265.837		5822	2346	37	3301	138	5497	79	157	0	200
1606141265.980		5581	2076	74	3309	122	5120	79	157	0	200
1606141266.123		6154	2469	36	3531	118	5814	79	157	0	200
1606141266.266		6077	2336	34	3601	106	5791	79	157	0	200
1606141266.407		5799	2461	84	3072	182	5383	79	157	0	200
1606141266.551		7610	2181	34	5281	114	7262	79	157	0	200
1606141266.694		6236	2356	27	3681	172	5882	79	157	0	200
1606141266.837		5786	2242	123	3186	235	5281	79	157	0	200
1606141266.980		6157	2020	126	3827	184	5704	79	157	0	200
1606141267.123		5886	2400	36	3339	111	5576	79	157	0	200
1606141267.266		5685	2241	30	3315	99	5412	79	157	0	200
1606141267.408		6290	2810	60	3280	140	5935	79	157	0	200
1606141267.550		7823	2379	51	5233	160	7463	79	157	0	200
1606141267.694		5981	2408	34	3418	121	5674	79	157	0	200
1606141267.837		6148	1979	38	4024	107	5840	79	157	0	200
1606141267.980		7553	2231	95	5074	153	7154	79	157	0	200
1606141268.123		8807	2966	37	5683	121	8465	79	157	0	200
1606141268.266		13306	5073	42	8074	117	13002	79	157	0	200
1606141268.408		12456	3063	77	7007	2309	11933	79	157	0	200
1606141268.551		15409	2360	81	12831	137	15053	79	157	0	200
1606141268.694		6708	2273	35	4264	136	6380	79	157	0	200
1606141268.837		10034	3911	68	5859	196	9579	79	157	0	200
1606141268.980		6580	2195	59	4135	191	6202	79	157	0	200
1606141269.123		5878	2122	30	3463	263	5435	79	157	0	200
1606141269.266		8058	2450	60	3871	1677	7711	79	157	0	200
1606141269.376		5834	2119	60	3559	96	5544	79	157	0	200
1606141269.488		6920	2173	63	4573	111	6479	79	157	0	200
1606141269.599		5746	2162	86	3376	122	5384	79	157	0	200
1606141269.710		6143	2367	69	3508	199	5707	79	157	0	200
1606141269.821		5864	2178	70	3540	76	5565	79	157	0	200
1606141269.932		9773	2386	119	7132	136	9229	79	157	0	200
1606141270.042		6179	1960	31	4082	106	5887	79	157	0	200
1606141270.154		11958	3574	36	8206	142	11629	79	157	0	200
1606141270.266		8935	2920	83	5808	124	8576	79	157	0	200
1606141270.376		10112	2810	40	7097	165	9750	79	157	0	200
1606141270.488		7297	2282	36	4774	205	6848	79	157	0	200
1606141270.598		5906	1887	56	3794	169	5516	79	157	0	200
1606141270.709		5753	2246	39	3351	117	5459	79	157	0	200
1606141270.821		6174	2458	81	3527	108	5814	79	157	0	200
1606141270.931		6973	2315	67	4463	128	6639	79	157	0	200
1606141271.043		8202	3312	31	4713	146	7869	79	157	0	200
1606141271.154		7216	2814	67	4176	159	6850	79	157	0	200
1606141271.266		6872	2117	71	4532	152	6447	79	157	0	200
1606141271.377		6033	2100	34	3813	86	5782	79	157	0	200
1606141271.489		26699	3459	83	8325	14832	25567	79	157	0	200
1606141271.598		24000	5585	70	18233	112	23656	79	157	0	200
1606141271.710		21583	3986	167	17281	149	21036	79	157	0	200
1606141271.821		12101	6319	39	5622	121	11749	79	157	0	200
1606141271.931		7340	2704	66	4463	107	7019	79	157	0	200
1606141272.043		6503	2707	105	3503	188	6078	79	157	0	200
1606141272.154		6836	3484	54	3207	91	6512	79	157	0	200
1606141272.266		8324	3478	73	4626	147	7955	79	157	0	200
1606141272.377		5744	2239	40	3245	220	5329	79	157	0	200
1606141272.488		8847	4009	89	4353	396	8259	79	157	0	200
1606141272.599		7961	3176	61	4612	112	7541	79	157	0	200
1606141272.710		6301	2290	33	3878	100	5947	79	157	0	200
1606141272.821		5826	2514	40	3170	102	5534	79	157	0	200
1606141272.932		6932	2601	35	4150	146	6589	79	157	0	200
1606141273.043		6626	2551	60	3856	159	6227	79	157	0	200
1606141273.154		6682	2164	68	4301	149	6291	79	157	0	200
1606141273.266		7158	2396	36	4615	111	6844	79	157	0	200
1606141273.377		9931	2272	56	7371	232	9476	79	157	0	200
1606141273.488		12760	2521	42	4287	5910	12142	79	157	0	200
1606141273.599		10897	3802	32	6972	91	10596	79	157	0	200
1606141273.710		8169	2276	33	5691	169	7812	79	157	0	200
1606141273.822		21690	14006	599	6849	236	20107	79	157	0	200
1606141273.932		6325	2054	32	4086	153	5995	79	157	0	200
1606141274.043		6581	2554	38	3845	144	6211	79	157	0	200
1606141274.154		13042	5543	141	7219	139	12563	79	157	0	200
1606141274.266		7139	2507	32	4474	126	6762	79	157	0	200
1606141274.377		6769	2356	42	4239	132	6423	79	157	0	200
1606141274.488		5936	1937	64	3806	129	5626	79	157	0	200
1606141274.599		5717	2001	121	3444	151	5325	79	157	0	200
1606141274.710		6065	2074	32	3822	137	5781	79	157	0	200
1606141274.821		9131	2241	74	4406	2410	8604	79	157	0	200
1606141274.932		86437	27650	114	58461	212	85677	79	157	0	200
1606141275.043		44021	9849	41	33723	408	43389	79	157	0	200
1606141275.154		8368	2301	70	5856	141	7880	79	157	0	200
1606141275.265		6766	2453	71	4101	141	6268	79	157	0	200
1606141275.377		10367	3438	62	5065	1802	8354	79	157	0	200
1606141275.487		6942	2720	203	3882	137	6413	79	157	0	200
1606141275.599		6954	2253	88	4467	146	6567	79	157	0	200
1606141275.710		5689	2283	25	3270	111	5403	79	157	0	200
1606141275.821		7215	2355	70	4700	90	6876	79	157	0	200
1606141275.932		7086	2254	54	4569	209	6521	79	157	0	200
1606141276.043		6793	2492	37	4093	171	6390	79	157	0	200
1606141276.154		5750	2304	31	3270	145	5368	79	157	0	200
1606141276.266		24851	11005	68	13635	143	24441	79	157	0	200
1606141276.377		18900	8038	182	10570	110	18442	79	157	0	200
1606141276.488		6805	2292	340	4058	115	6159	79	157	0	200
1606141276.599		7177	2165	62	4657	293	6618	79	157	0	200
1606141276.710		7287	2350	39	4770	128	6970	79	157	0	200
1606141276.821		6079	2739	32	3169	139	5766	79	157	0	200
1606141276.931		8883	2553	43	6159	128	8465	79	157	0	200
1606141277.043		9523	3543	68	5743	169	9068	79	157	0	200
1606141277.154		6098	2230	72	3665	131	5702	79	157	0	200
1606141277.266		6670	2184	111	4153	222	6193	79	157	0	200
1606141277.377		7502	2713	71	4429	289	6977	79	157	0	200
1606141277.488		5843	2247	59	3386	151	5461	79	157	0	200
1606141277.599		84431	25746	80	58521	84	84081	79	157	0	200
1606141277.709		32556	4881	38	27508	129	32196	79	157	0	200
1606141277.821		5713	2247	34	3313	119	5388	79	157	0	200
1606141277.932		10421	2343	67	7886	125	10103	79	157	0	200
1606141278.043		5947	2339	32	3424	152	5624	79	157	0	200
1606141278.154		6512	2572	53	3711	176	5981	79	157	0	200
1606141278.266		28584	24474	90	3892	128	28207	79	157	0	200
1606141278.377		11925	3320	67	8367	171	11544	79	157	0	200
1606141278.487		9453	3196	51	5980	226	9035	79	157	0	200
1606141278.599		9755	2414	37	7183	121	9419	79	157	0	200
1606141278.710		5460	1995	26	3301	138	5150	79	157	0	200
1606141278.821		5928	2220	35	3528	145	5565	79	157	0	200
1606141278.931		8789	3311	76	5271	131	8418	79	157	0	200
1606141279.043		6501	2103	42	4246	110	6221	79	157	0	200
1606141279.154		6163	2398	43	3568	154	5700	79	157	0	200
1606141279.266		11694	2590	70	7331	1703	11323	79	157	0	200
1606141279.377		7437	3154	64	3969	250	6963	79	157	0	200
1606141279.488		6798	2457	102	4117	122	6327	79	157	0	200
1606141279.599		6703	2420	79	4087	117	6315	79	157	0	200
1606141279.710		7374	3366	36	3834	138	7058	79	157	0	200
1606141279.821		13315	2873	53	6366	4023	12508	79	157	0	200
1606141279.932		7516	2242	37	5123	114	7205	79	157	0	200
1606141280.043		7417	2711	38	4555	113	7118	79	157	0	200
1606141280.154		5736	2193	64	3283	196	5308	79	157	0	200
1606141280.266		6197	2319	67	3708	103	5873	79	157	0	200
1606141280.377		18164	3792	71	14148	153	17790	79	157	0	200
1606141280.492		59531	34286	84	23519	1642	57094	79	157	0	200
1606141280.598		40140	3399	65	36569	107	39760	79	157	0	200
1606141280.711		24662	14694	161	9618	189	24028	79	157	0	200
1606141280.821		11356	4872	77	6285	122	10999	79	157	0	200
1606141280.931		9460	2519	201	6615	125	8818	79	157	0	200
1606141281.043		42807	19906	134	22614	153	38229	79	157	0	200
1606141281.154		68898	21381	36	47192	289	68420	79	157	0	200
1606141281.266		18033	11684	83	6155	111	17618	79	157	0	200
1606141281.377		5777	2172	106	3392	107	5410	79	157	0	200
1606141281.488		15724	5193	64	10360	107	15406	79	157	0	200
1606141281.599		7193	2651	72	4311	159	6776	79	157	0	200
1606141281.710		6578	2509	38	3913	118	6251	79	157	0	200
1606141281.821		7677	2724	77	4713	163	7216	79	157	0	200
1606141281.932		6640	2200	73	4234	133	6281	79	157	0	200
1606141282.043		6801	2042	42	4602	115	6488	79	157	0	200
1606141282.154		6115	2255	68	3684	108	5757	79	157	0	200
1606141282.265		5855	2501	60	3181	113	5545	79	157	0	200
1606141282.377		5900	2275	32	3496	97	5621	79	157	0	200
1606141282.488		6015	2063	33	3727	192	5656	79	157	0	200
1606141282.598		6338	2166	39	3992	141	5991	79	157	0	200
1606141282.710		85843	3277	73	82353	140	85431	79	157	0	200
1606141282.820		9875	2843	59	6848	125	9376	79	157	0	200
1606141282.932		9759	2203	39	7388	129	9366	79	157	0	200
1606141283.043		51411	46023	64	5161	163	51012	79	157	0	200
1606141283.154		9236	3655	180	5300	101	8752	79	157	0	200
1606141283.266		27094	10061	71	16869	93	26770	79	157	0	200
1606141283.376		51344	14239	35	36965	105	50956	79	157	0	200
1606141283.488		19120	4976	67	7439	6638	18673	79	157	0	200
1606141283.599		9282	3781	70	5290	141	8821	79	157	0	200
1606141283.710		11317	2300	64	8786	167	10923	79	157	0	200
1606141283.821		5667	2190	73	3280	124	5303	79	157	0	200
1606141283.931		7447	2129	30	5166	122	7138	79	157	0	200
1606141284.043		7188	2502	69	4456	161	6798	79	157	0	200
1606141284.154		28014	8378	38	19471	127	27691	79	157	0	200
1606141284.266		22219	3611	68	18458	82	21909	79	157	0	200
1606141284.377		7665	2907	52	4588	118	7336	79	157	0	200
1606141284.487		28873	8464	82	20218	109	28308	79	157	0	200
1606141284.599		14597	4761	67	9498	271	13897	79	157	0	200
1606141284.710		48879	6214	37	42360	268	48235	79	157	0	200
1606141284.821		28806	6106	198	13979	8523	19470	79	157	0	200
1606141284.932		35737	4948	73	30569	147	35276	79	157	0	200
1606141285.043		76043	27893	74	47955	121	75476	79	157	0	200
1606141285.154		79890	28760	75	50899	156	79454	79	157	0	200
1606141285.267		81863	45293	237	36162	171	81269	79	157	0	200
1606141285.377		38768	18163	62	20419	124	38261	79	157	0	200
1606141285.487		125737	76409	106	48938	284	125182	79	157	0	200
1606141285.599		132302	13611	63	118541	87	131953	79	157	0	200
1606141285.726		88072	12462	70	75428	112	87724	79	157	0	200
1606141285.821		28906	17472	61	11241	132	28581	79	157	0	200
1606141285.932		8615	2657	83	5524	351	8032	79	157	0	200
1606141286.043		20929	3887	64	16863	115	20567	79	157	0	200
1606141286.154		8096	2190	34	5760	112	7791	79	157	0	200
1606141286.265		25085	13705	108	11092	180	24608	79	157	0	200
1606141286.377		12689	2084	35	10311	259	12241	79	157	0	200
1606141286.488		11947	4320	166	7331	130	11453	79	157	0	200
1606141286.599		8058	3269	74	4595	120	7715	79	157	0	200
1606141286.709		10389	2517	67	7524	281	9861	79	157	0	200
1606141286.821		5700	1985	75	3494	146	5315	79	157	0	200
1606141286.932		6760	2050	51	4578	81	6468	79	157	0	200
1606141287.042		7706	2472	120	4879	235	7178	79	157	0	200
1606141287.154		8069	1888	141	5921	119	7607	79	157	0	200
1606141287.266		7295	3299	58	3814	124	6985	79	157	0	200
1606141287.376		20202	15498	42	4555	107	19880	79	157	0	200
1606141287.487		38391	8982	64	29226	119	38005	79	157	0	200
1606141287.599		8300	2903	249	5037	111	7799	79	157	0	200
1606141287.710		6705	2155	101	4293	156	6283	79	157	0	200
1606141287.821		27810	5707	109	21726	268	27285	79	157	0	200
1606141287.932		15153	5603	98	9327	125	14719	79	157	0	200
1606141288.043		16494	3777	86	8895	3736	12512	79	157	0	200
1606141288.154		22479	3060	181	19128	110	22016	79	157	0	200
1606141288.266		22131	11183	64	10742	142	21777	79	157	0	200
1606141288.377		61368	30789	36	30294	249	60892	79	157	0	200
1606141288.488		28735	4042	97	24466	130	28364	79	157	0	200
1606141288.599		24784	7629	71	16973	111	24422	79	157	0	200
1606141288.710		26474	3679	69	22538	188	26064	79	157	0	200
1606141288.821		8386	2529	34	5689	134	8057	79	157	0	200
1606141288.932		8577	4771	55	3611	140	8190	79	157	0	200
1606141289.042		14104	3048	40	10890	126	13766	79	157	0	200
1606141289.154		28772	5457	62	23113	140	28406	79	157	0	200
1606141289.265		28979	5657	63	23140	119	28647	79	157	0	200
1606141289.377		13296	2164	39	10916	177	12865	79	157	0	200
1606141289.488		6325	2216	95	3700	314	5927	79	157	0	200
1606141289.599		6654	2484	87	3983	100	6338	79	157	0	200
1606141289.710		13855	8574	31	5125	125	13529	79	157	0	200
1606141289.821		17672	5737	32	11786	117	17334	79	157	0	200
1606141289.931		12231	3165	50	8862	154	11867	79	157	0	200
1606141290.043		6810	2175	36	4513	86	6516	79	157	0	200
1606141290.154		25674	6662	95	18792	125	24202	79	157	0	200
1606141290.265		30392	17090	36	13167	99	30114	79	157	0	200
1606141290.377		29993	12309	34	17515	135	29178	79	157	0	200
1606141290.488		14110	4907	70	8988	145	13642	79	157	0	200
1606141290.599		6503	2455	28	3924	96	6208	79	157	0	200
1606141290.710		25610	4103	38	21237	232	25040	79	157	0	200
1606141290.821		18581	2666	1689	12476	1750	15004	79	157	0	200
1606141290.932		8683	3472	92	4850	269	8297	79	157	0	200
1606141291.043		22680	2958	36	19465	221	22209	79	157	0	200
1606141291.154		9187	3828	38	5222	99	8636	79	157	0	200
1606141291.266		10910	4761	56	5972	121	10445	79	157	0	200
1606141291.377		22355	10258	84	11821	192	21916	79	157	0	200
1606141291.489		28575	17329	34	11016	196	28179	79	157	0	200
1606141291.599		23631	6851	46	16596	138	23215	79	157	0	200
1606141291.710		9962	2419	35	7342	166	9565	79	157	0	200
1606141291.820		10131	4150	147	5644	190	9633	79	157	0	200
1606141291.932		23033	12317	30	8121	2565	22558	79	157	0	200
1606141292.043		16342	5432	186	10602	122	15856	79	157	0	200
1606141292.153		33724	18017	37	15494	176	33349	79	157	0	200
1606141292.266		10290	4681	86	5368	155	9884	79	157	0	200
1606141292.377		21007	14163	240	6496	108	20494	79	157	0	200
1606141292.494		27979	18198	64	9551	166	27604	79	157	0	200
1606141292.599		9485	3675	70	5551	189	9049	79	157	0	200
1606141292.710		15265	9436	36	5667	126	14521	79	157	0	200
1606141292.821		15494	7215	35	8130	114	14921	79	157	0	200
1606141292.932		23048	6481	32	16403	132	22691	79	157	0	200
1606141293.043		7405	2160	79	3836	1330	7001	79	157	0	200
1606141293.153		7510	2546	107	4760	97	7050	79	157	0	200
1606141293.265		22287	3225	62	18931	69	21975	79	157	0	200
1606141293.377		11027	2305	100	8497	125	10634	79	157	0	200
1606141293.488		6183	2300	65	3712	106	5857	79	157	0	200
1606141293.599		6922	2828	33	3958	103	6592	79	157	0	200
1606141293.710		6654	2253	63	4140	198	6264	79	157	0	200
1606141293.821		6997	2257	36	4592	112	6701	79	157	0	200
1606141293.932		6327	2350	35	3829	113	5967	79	157	0	200
1606141294.042		8506	2358	104	3801	2243	7915	79	157	0	200
1606141294.154		7631	2659	39	4800	133	7097	79	157	0	200
1606141294.265		10499	3420	199	6711	169	9893	79	157	0	200
1606141294.377		9198	2263	172	6629	134	8689	79	157	0	200
1606141294.488		16483	3112	34	13218	119	16149	79	157	0	200
1606141294.599		7120	2680	74	4255	111	6670	79	157	0	200
1606141294.710		7859	2339	234	5149	137	7282	79	157	0	200
1606141294.821		7573	2376	73	4879	245	7081	79	157	0	200
1606141294.932		7824	3384	65	4207	168	7175	79	157	0	200
1606141295.043		6941	2716	93	3968	164	6541	79	157	0	200
1606141295.153		7207	2498	36	4548	125	6809	79	157	0	200
1606141295.266		11166	2275	37	8732	122	10887	79	157	0	200
1606141295.377		9040	2522	34	6375	109	8697	79	157	0	200
1606141295.488		6924	2145	35	4654	90	6593	79	157	0	200
1606141295.599		5842	2361	36	3344	101	5503	79	157	0	200
1606141295.710		6635	2260	82	4144	149	6057	79	157	0	200
1606141295.821		8470	2414	66	5790	200	8063	79	157	0	200
1606141295.932		6593	2315	77	3934	267	6000	79	157	0	200
1606141296.043		6996	2721	37	4132	106	6699	79	157	0	200
1606141296.154		7333	2392	38	4803	100	6999	79	157	0	200
1606141296.266		7207	2296	66	3746	1099	6837	79	157	0	200
1606141296.377		6849	2264	130	4280	175	6395	79	157	0	200
1606141296.488		7588	2431	41	4950	166	7213	79	157	0	200
1606141296.600		7157	2711	68	3783	595	6073	79	157	0	200
1606141296.709		7551	2318	154	4922	157	7063	79	157	0	200
1606141296.821		7993	2603	192	4899	299	7297	79	157	0	200
1606141296.932		7118	2322	67	4598	131	6663	79	157	0	200
1606141297.043		6906	2241	37	4513	115	6587	79	157	0	200
1606141297.154		6349	2655	73	3513	108	6022	79	157	0	200
1606141297.266		5789	2148	97	3303	241	5424	79	157	0	200
1606141297.377		9392	2302	33	6801	256	8967	79	157	0	200
1606141297.488		6581	2628	39	3830	84	6246	79	157	0	200
1606141297.598		5872	2278	41	3452	101	5539	79	157	0	200
1606141297.710		7735	2384	49	5116	186	7321	79	157	0	200
1606141297.821		13199	2472	84	10529	114	12837	79	157	0	200
1606141297.932		6340	1868	217	4093	162	5833	79	157	0	200
1606141298.043		6534	2292	212	3838	192	5958	79	157	0	200
1606141298.153		6558	2459	35	3931	133	6205	79	157	0	200
1606141298.266		6775	2137	94	4314	230	6261	79	157	0	200
1606141298.377		12662	2021	113	10431	97	12332	79	157	0	200
1606141298.488		7637	1974	38	4078	1547	7132	79	157	0	200
1606141298.598		6685	2284	79	4123	199	6103	79	157	0	200
1606141298.709		8717	2674	195	5592	256	7825	79	157	0	200
1606141298.821		6557	2414	83	3943	117	6188	79	157	0	200
1606141298.932		9073	2697	30	6204	142	8752	79	157	0	200
1606141299.043		7798	2615	70	5030	83	7480	79	157	0	200
1606141299.154		6478	2328	55	3928	167	6089	79	157	0	200
1606141299.265		6678	2672	68	3647	291	6176	79	157	0	200
1606141299.366		6547	2360	86	3464	637	6153	79	157	0	200
1606141299.466		6316	2007	38	4127	144	5917	79	157	0	200
1606141299.566		6534	1932	99	4249	254	6030	79	157	0	200
1606141299.666		6246	2185	32	3895	134	5945	79	157	0	200
1606141299.766		7442	2136	52	5139	115	7154	79	157	0	200
1606141299.865		5511	2263	28	3113	107	5229	79	157	0	200
1606141299.966		7140	2649	54	4285	152	6813	79	157	0	200
1606141300.066		6862	2246	81	4413	122	6498	79	157	0	200
1606141300.166		5797	2320	36	3313	128	5480	79	157	0	200
1606141300.266		5914	2480	36	3262	136	5601	79	157	0	200
1606141300.366		6387	2355	72	3728	232	5924	79	157	0	200
1606141300.466		6683	1924	134	4522	103	6314	79	157	0	200
1606141300.566		6617	2212	32	4258	115	6321	79	157	0	200
1606141300.666		5855	2213	37	3528	77	5595	79	157	0	200
1606141300.766		6443	2740	39	3473	191	6020	79	157	0	200
1606141300.865		5799	2024	28	3554	193	5429	79	157	0	200
1606141300.966		7629	2025	38	5419	147	7268	79	157	0	200
1606141301.066		6595	2175	148	4153	119	6154	79	157	0	200
1606141301.166		6001	2261	53	3591	96	5670	79	157	0	200
1606141301.265		6245	2546	37	3572	90	5946	79	157	0	200
1606141301.366		5921	2398	48	3312	163	5535	79	157	0	200
1606141301.466		6625	2139	229	4144	113	6099	79	157	0	200
1606141301.566		6567	1914	38	4498	117	6224	79	157	0	200
1606141301.666		6849	2280	35	4393	141	6513	79	157	0	200
1606141301.766		6147	2356	61	3638	92	5850	79	157	0	200
1606141301.866		6556	2931	36	3458	131	6247	79	157	0	200
1606141301.966		6249	2121	105	3832	191	5724	79	157	0	200
1606141302.065		7532	2159	84	5125	164	6972	79	157	0	200
1606141302.166		5698	2033	39	3529	97	5396	79	157	0	200
1606141302.266		6075	2168	41	3738	128	5757	79	157	0	200
1606141302.366		5934	2063	77	3668	126	5526	79	157	0	200
1606141302.465		6320	2332	107	3629	252	5789	79	157	0	200
1606141302.566		7129	2295	36	4690	108	6814	79	157	0	200
1606141302.666		5740	2127	40	3430	143	5415	79	157	0	200
1606141302.766		6023	2114	34	3610	265	5572	79	157	0	200
1606141302.865		5983	2189	115	3567	112	5595	79	157	0	200
1606141302.966		8401	2420	555	5287	139	7333	79	157	0	200
1606141303.065		5536	1704	36	3698	98	5272	79	157	0	200
1606141303.165		5893	2322	64	3380	127	5570	79	157	0	200
1606141303.266		6799	2681	57	3716	345	6369	79	157	0	200
1606141303.366		5762	2231	60	3372	99	5446	79	157	0	200
1606141303.465		5719	2184	61	3276	198	5296	79	157	0	200
1606141303.566		7386	2391	117	4719	159	6959	79	157	0	200
1606141303.666		6463	2304	39	3815	305	6090	79	157	0	200
1606141303.765		5856	2038	57	3636	125	5551	79	157	0	200
1606141303.866		5857	2036	69	3593	159	5481	79	157	0	200
1606141303.966		8421	2037	102	6146	136	8035	79	157	0	200
1606141304.066		8959	2320	163	4919	1557	8399	79	157	0	200
1606141304.166		6486	2336	33	3901	216	6068	79	157	0	200
1606141304.266		7546	2682	37	4695	132	7205	79	157	0	200
1606141304.366		5984	2127	34	3686	137	5647	79	157	0	200
1606141304.466		6819	2451	53	4127	188	6424	79	157	0	200
1606141304.566		17882	1901	29	15733	219	17521	79	157	0	200
1606141304.665		6267	2588	38	3528	113	5972	79	157	0	200
1606141304.766		5465	2115	32	3194	124	5177	79	157	0	200
1606141304.866		5718	2413	69	3137	99	5386	79	157	0	200
1606141304.965		5967	2134	38	3659	136	5663	79	157	0	200
1606141305.066		5736	1935	34	3641	126	5446	79	157	0	200
1606141305.166		5854	2644	58	3035	117	5528	79	157	0	200
1606141305.266		6237	2775	35	3298	129	5830	79	157	0	200
1606141305.366		5896	2382	107	3315	92	5503	79	157	0	200
1606141305.466		6306	1949	31	4132	194	5928	79	157	0	200
1606141305.565		18359	2443	117	15713	86	17951	79	157	0	200
1606141305.666		7161	2005	34	5020	102	6880	79	157	0	200
1606141305.766		6289	2222	80	3837	150	5868	79	157	0	200
1606141305.866		5766	2288	35	3307	136	5439	79	157	0	200
1606141305.966		5702	2245	51	3295	111	5399	79	157	0	200
1606141306.066		27681	10039	33	17390	219	27266	79	157	0	200
1606141306.166		52822	14072	96	38553	101	52476	79	157	0	200
1606141306.266		8213	3017	35	5011	150	7830	79	157	0	200
1606141306.365		5905	2264	34	3497	110	5625	79	157	0	200
1606141306.466		8421	2650	144	5455	172	7917	79	157	0	200
1606141306.566		14678	2782	32	11724	140	14370	79	157	0	200
1606141306.666		5798	2379	109	3059	251	5294	79	157	0	200
1606141306.766		5914	2248	63	3455	148	5520	79	157	0	200
1606141306.866		5726	2247	31	3342	106	5420	79	157	0	200
1606141306.966		5725	2263	228	3027	207	5119	79	157	0	200
1606141307.066		6681	2562	32	4001	86	6383	79	157	0	200
1606141307.166		5769	2376	64	3200	129	5399	79	157	0	200
1606141307.266		6256	2321	26	3780	129	5905	79	157	0	200
1606141307.366		6736	2283	103	3102	1248	6282	79	157	0	200
1606141307.465		5941	2215	26	3438	262	5653	79	157	0	200
1606141307.566		8902	2582	83	6109	128	8530	79	157	0	200
1606141307.666		5529	2334	72	3039	84	5157	79	157	0	200
1606141307.766		5750	2272	47	3325	106	5423	79	157	0	200
1606141307.865		6660	2278	67	4204	111	6316	79	157	0	200
1606141307.966		7489	2241	40	5057	151	7104	79	157	0	200
1606141308.066		7498	2303	207	4833	155	6958	79	157	0	200
1606141308.166		6137	2115	54	3848	120	5797	79	157	0	200
1606141308.266		10043	2235	76	7637	95	9715	79	157	0	200
1606141308.366		6062	2187	61	3654	160	5693	79	157	0	200
1606141308.466		7449	2779	69	4420	181	7029	79	157	0	200
1606141308.566		35594	2274	63	33146	111	35259	79	157	0	200
1606141308.666		6371	2016	54	4174	127	6059	79	157	0	200
1606141308.766		6751	2223	68	4338	122	6401	79	157	0	200
1606141308.866		6054	2491	41	3410	112	5754	79	157	0	200
1606141308.966		6029	2125	56	3656	192	5555	79	157	0	200
1606141309.066		6591	2175	37	4007	372	6001	79	157	0	200
1606141309.166		6458	2343	69	3946	100	6163	79	157	0	200
1606141309.266		7172	2306	26	4705	135	6851	79	157	0	200
1606141309.366		6352	2368	82	3779	123	5663	79	157	0	200
1606141309.466		5552	1970	41	3368	173	5159	79	157	0	200
1606141309.565		6942	2080	51	4390	421	6332	79	157	0	200
1606141309.666		5819	2141	38	3490	150	5496	79	157	0	200
1606141309.766		8138	2030	76	5896	136	7795	79	157	0	200
1606141309.866		8465	1999	67	6299	100	8165	79	157	0	200
1606141309.966		5706	1945	33	3373	355	5183	79	157	0	200
1606141310.066		6066	2304	38	3590	134	5759	79	157	0	200
1606141310.166		7164	2181	91	4732	160	6695	79	157	0	200
1606141310.266		8334	2811	73	5323	127	7908	79	157	0	200
1606141310.366		6458	2220	71	3986	181	6047	79	157	0	200
1606141310.466		5890	2343	78	3386	83	5559	79	157	0	200
1606141310.566		6340	2481	34	3702	123	6025	79	157	0	200
1606141310.666		7358	2291	58	4927	82	7090	79	157	0	200
1606141310.765		6051	2111	32	3714	194	5660	79	157	0	200
1606141310.866		6333	2304	74	3740	215	5925	79	157	0	200
1606141310.966		5926	2199	74	3509	144	5561	79	157	0	200
1606141311.065		6621	2028	70	4381	142	6227	79	157	0	200
1606141311.166		7420	2593	90	4473	264	6924	79	157	0	200
1606141311.266		13417	2305	1310	9622	180	11771	79	157	0	200
1606141311.365		5757	2142	43	3454	118	5439	79	157	0	200
1606141311.466		6815	2092	39	4571	113	6515	79	157	0	200
1606141311.566		5987	2490	37	3292	168	5611	79	157	0	200
1606141311.666		5509	2071	61	3291	86	5171	79	157	0	200
1606141311.766		6413	2321	35	3927	130	6088	79	157	0	200
1606141311.866		13832	5254	39	8399	140	13436	79	157	0	200
1606141311.966		5775	2162	80	3442	91	5366	79	157	0	200
1606141312.066		8516	2414	35	5603	464	8047	79	157	0	200
1606141312.166		18519	8260	36	10101	122	17982	79	157	0	200
1606141312.266		7437	2557	33	4662	185	7038	79	157	0	200
1606141312.365		6112	2255	62	3678	117	5770	79	157	0	200
1606141312.465		7776	2115	33	4511	1117	7290	79	157	0	200
1606141312.566		6173	2064	33	3917	159	5831	79	157	0	200
1606141312.666		5906	2060	200	3437	209	5342	79	157	0	200
1606141312.766		6498	2417	38	3924	119	6076	79	157	0	200
1606141312.866		7406	2373	39	3595	1399	6935	79	157	0	200
1606141312.965		6168	2413	38	3602	115	5854	79	157	0	200
1606141313.066		15406	7888	69	7332	117	15053	79	157	0	200
1606141313.165		8466	2468	51	5839	108	8128	79	157	0	200
1606141313.266		13071	2829	70	10046	126	12695	79	157	0	200
1606141313.366		5539	2005	40	3347	147	5167	79	157	0	200
1606141313.465		5383	2271	57	2960	95	5039	79	157	0	200
1606141313.566		6040	2235	71	3634	100	5702	79	157	0	200
1606141313.666		5434	2033	67	3170	164	5067	79	157	0	200
1606141313.766		6633	2344	197	3939	153	6067	79	157	0	200
1606141313.866		7399	2040	39	5202	118	7094	79	157	0	200
1606141313.966		6618	2390	71	4030	127	6237	79	157	0	200
1606141314.066		6249	2272	38	3835	104	5975	79	157	0	200
1606141314.166		8481	2418	101	5553	409	7809	79	157	0	200
1606141314.266		8499	3180	67	5135	117	8083	79	157	0	200
1606141314.365		6016	2025	67	3778	146	5643	79	157	0	200
1606141314.466		6608	2374	65	3366	803	5989	79	157	0	200
1606141314.566		6502	2399	65	3456	582	6070	79	157	0	200
1606141314.666		6092	2305	81	3562	144	5736	79	157	0	200
1606141314.766		6635	2146	105	4268	116	6262	79	157	0	200
1606141314.866		5785	2294	43	3358	90	5497	79	157	0	200
1606141314.966		6424	2343	64	3921	96	6110	79	157	0	200
1606141315.066		5746	2326	72	3216	132	5392	79	157	0	200
1606141315.166		7111	2468	62	4388	193	6596	79	157	0	200
1606141315.266		5614	2084	62	3338	130	5263	79	157	0	200
1606141315.366		5733	2228	36	3333	136	5408	79	157	0	200
1606141315.466		6106	2297	63	3599	147	5739	79	157	0	200
1606141315.565		7304	2510	39	4595	160	6873	79	157	0	200
1606141315.666		5713	2083	209	3301	120	5191	79	157	0	200
1606141315.766		6680	2540	39	3961	140	6353	79	157	0	200
1606141315.865		5795	2327	38	3307	123	5433	79	157	0	200
1606141315.966		5850	2220	124	3348	158	5424	79	157	0	200
1606141316.066		6822	2789	34	3876	123	6509	79	157	0	200
1606141316.166		5868	2185	85	3488	110	5513	79	157	0	200
1606141316.266		6667	2332	36	4179	120	6380	79	157	0	200
1606141316.366		5947	2362	61	3390	134	5600	79	157	0	200
1606141316.466		6044	2211	40	3608	185	5668	79	157	0	200
1606141316.566		5359	1916	34	3289	120	5032	79	157	0	200
1606141316.666		12760	2693	68	9881	118	12411	79	157	0	200
1606141316.766		6382	2201	34	3849	298	5899	79	157	0	200
1606141316.865		6905	2783	38	3964	120	6577	79	157	0	200
1606141316.966		6351	2302	65	3240	744	5957	79	157	0	200
1606141317.065		5707	1954	37	3556	160	5375	79	157	0	200
1606141317.166		7480	2291	67	4999	123	6974	79	157	0	200
1606141317.266		6048	2147	52	3676	173	5684	79	157	0	200
1606141317.366		5992	2342	41	3476	133	5677	79	157	0	200
1606141317.466		5941	2361	65	3311	204	5521	79	157	0	200
1606141317.566		6019	2293	46	3059	621	5649	79	157	0	200
1606141317.666		6880	2956	391	3443	90	6240	79	157	0	200
1606141317.766		7208	2193	43	4858	114	6869	79	157	0	200
1606141317.865		6630	2313	35	4159	123	6284	79	157	0	200
1606141317.966		6544	2330	28	4107	79	6285	79	157	0	200
1606141318.065		6004	2329	54	3335	286	5636	79	157	0	200
1606141318.166		6103	2123	207	3625	148	5585	79	157	0	200
1606141318.266		5454	1893	40	3405	116	5179	79	157	0	200
1606141318.366		6139	2296	65	3668	110	5825	79	157	0	200
1606141318.466		5789	2080	32	3559	118	5484	79	157	0	200
1606141318.566		5766	2143	35	3499	89	5458	79	157	0	200
1606141318.666		7191	2409	68	4524	190	6785	79	157	0	200
1606141318.766		6432	2677	39	3615	101	6143	79	157	0	200
1606141318.866		5724	2356	62	3172	134	5296	79	157	0	200
1606141318.966		6792	2429	34	3184	1145	6508	79	157	0	200
1606141319.066		5603	1927	63	3409	204	5180	79	157	0	200
1606141319.166		6150	2099	50	3888	113	5809	79	157	0	200
1606141319.266		7724	2003	87	5476	158	7265	79	157	0	200
1606141319.366		5864	2415	36	3202	211	5461	79	157	0	200
1606141319.466		6280	2242	35	3753	250	5826	79	157	0	200
1606141319.566		5749	2163	60	3414	112	5390	79	157	0	200
1606141319.666		7128	2775	52	4191	110	6810	79	157	0	200
1606141319.766		6246	2435	59	3672	80	5920	79	157	0	200
1606141319.866		6324	2009	66	3380	869	5929	79	157	0	200
1606141319.966		5636	2079	64	3331	162	5273	79	157	0	200
1606141320.066		6404	2563	36	3675	130	6057	79	157	0	200
1606141320.166		6029	2226	37	3638	128	5698	79	157	0	200
1606141320.266		10176	4195	38	5797	146	9844	79	157	0	200
1606141320.365		7041	2910	39	3952	140	6569	79	157	0	200
1606141320.466		5834	1986	87	3611	150	5442	79	157	0	200
1606141320.566		6255	2186	98	3856	115	5815	79	157	0	200
1606141320.666		5242	1860	42	3229	111	4978	79	157	0	200
1606141320.765		5408	1996	56	3242	114	5121	79	157	0	200
1606141320.865		6329	2299	163	3751	116	5880	79	157	0	200
1606141320.966		6108	2115	89	3755	149	5655	79	157	0	200
1606141321.065		5820	1861	35	3703	221	5343	79	157	0	200
1606141321.166		5953	2178	92	3547	136	5598	79	157	0	200
1606141321.265		5818	2293	114	3270	141	5339	79	157	0	200
1606141321.366		6830	2361	167	4120	182	6323	79	157	0	200
1606141321.466		5735	1850	57	3724	104	5415	79	157	0	200
1606141321.566		5788	2172	35	3491	90	5514	79	157	0	200
1606141321.666		5721	2196	71	3328	126	5370	79	157	0	200
1606141321.766		6035	2274	35	3494	232	5606	79	157	0	200
1606141321.866		6717	2058	95	4406	158	6187	79	157	0	200
1606141321.966		6795	2786	54	3758	197	6388	79	157	0	200
1606141322.066		5404	2224	78	2986	116	5073	79	157	0	200
1606141322.166		6896	2381	40	3405	1070	6521	79	157	0	200
1606141322.266		6053	2290	63	3511	189	5637	79	157	0	200
1606141322.366		5923	2001	42	3647	233	5515	79	157	0	200
1606141322.466		12578	2038	68	9875	597	11772	79	157	0	200
1606141322.566		5794	2398	47	3250	99	5509	79	157	0	200
1606141322.665		6266	2454	28	3679	105	5970	79	157	0	200
1606141322.766		5829	2089	65	3524	151	5433	79	157	0	200
1606141322.866		10974	3287	208	7295	184	10421	79	157	0	200
1606141322.966		6304	1978	68	4074	184	5839	79	157	0	200
1606141323.065		38219	3675	54	33379	1111	37827	79	157	0	200
1606141323.165		7698	2279	129	5169	121	7279	79	157	0	200
1606141323.266		5855	2169	36	3515	135	5542	79	157	0	200
1606141323.366		9225	2644	341	6039	201	8531	79	157	0	200
1606141323.465		5952	2197	41	3560	154	5603	79	157	0	200
1606141323.566		38609	2261	76	36192	80	38265	79	157	0	200
1606141323.666		19498	2847	77	16437	137	19123	79	157	0	200
1606141323.766		9848	2737	44	6939	128	9487	79	157	0	200
1606141323.866		17838	4523	202	13008	105	17380	79	157	0	200
1606141323.966		18941	5335	218	13232	156	18377	79	157	0	200
1606141324.066		5879	1958	62	3226	633	5345	79	157	0	200
1606141324.165		14770	2935	131	11491	213	14272	79	157	0	200
1606141324.265		7215	2613	94	4403	105	6896	79	157	0	200
1606141324.366		10146	3112	39	6885	110	9860	79	157	0	200
1606141324.466		5621	2068	28	3394	131	5316	79	157	0	200
1606141324.566		5964	2012	35	3797	120	5656	79	157	0	200
1606141324.666		8468	2058	73	6223	114	8147	79	157	0	200
1606141324.766		6068	2248	37	3688	95	5792	79	157	0	200
1606141324.866		6173	2123	67	3886	97	5882	79	157	0	200
1606141324.966		5986	2070	32	3790	94	5712	79	157	0	200
1606141325.066		5800	2292	89	3319	100	5460	79	157	0	200
1606141325.166		6489	2380	32	3974	103	6211	79	157	0	200
1606141325.266		6303	2182	40	3866	215	5904	79	157	0	200
1606141325.366		7359	2735	35	4417	172	6997	79	157	0	200
1606141325.466		7992	2345	186	5181	280	7375	79	157	0	200
1606141325.566		7065	2474	93	4351	147	6697	79	157	0	200
1606141325.666		9123	2266	69	6489	299	8608	79	157	0	200
1606141325.766		6698	2188	31	4337	142	6373	79	157	0	200
1606141325.866		9036	3401	66	5351	218	8565	79	157	0	200
1606141325.966		10867	2975	80	7673	139	10452	79	157	0	200
1606141326.065		12256	4688	35	7444	89	11954	79	157	0	200
1606141326.166		12206	2693	78	9304	131	11833	79	157	0	200
1606141326.266		6466	1878	93	4424	71	6170	79	157	0	200
1606141326.366		6051	2108	33	3569	341	5523	79	157	0	200
1606141326.466		6492	2054	60	4272	106	6195	79	157	0	200
1606141326.566		6027	2418	26	3479	104	5762	79	157	0	200
1606141326.666		25026	4618	71	20223	114	24682	79	157	0	200
1606141326.766		9830	2260	48	7415	107	9537	79	157	0	200
1606141326.866		10575	4353	124	5983	115	10167	79	157	0	200
1606141326.966		7959	2999	34	4765	161	7637	79	157	0	200
1606141327.066		6461	2833	36	3471	121	6164	79	157	0	200
1606141327.166		5901	2421	40	3343	97	5602	79	157	0	200
1606141327.265		6368	2835	30	3403	100	6084	79	157	0	200
1606141327.366		6167	2154	135	3763	115	5758	79	157	0	200
1606141327.466		6265	2116	93	3927	129	5834	79	157	0	200
1606141327.566		5531	1838	64	3519	110	5207	79	157	0	200
1606141327.666		6185	2098	30	3907	150	5821	79	157	0	200
1606141327.766		10375	2359	68	7840	108	10060	79	157	0	200
1606141327.866		7883	2760	35	5005	83	7569	79	157	0	200
1606141327.966		6381	2291	71	3897	122	6006	79	157	0	200
1606141328.066		7484	2405	38	4906	135	7149	79	157	0	200
1606141328.166		5892	1949	36	3801	106	5625	79	157	0	200
1606141328.266		7516	2403	42	4998	73	7256	79	157	0	200
1606141328.366		8315	3439	34	4745	97	8000	79	157	0	200
1606141328.466		13349	3344	53	9736	216	12917	79	157	0	200
1606141328.566		11332	3190	64	7973	105	11002	79	157	0	200
1606141328.666		11892	2728	40	8908	216	11459	79	157	0	200
1606141328.765		8081	2975	38	4987	81	7808	79	157	0	200
1606141328.865		7751	2279	39	5090	343	7182	79	157	0	200
1606141328.965		5914	2001	64	3678	171	5555	79	157	0	200
1606141329.065		5037	1935	29	2950	123	4765	79	157	0	200
1606141329.165		6654	2400	63	4090	101	6337	79	157	0	200
